[ 2014-07-17T09:57:31+08:00 ] ERR: (ThinkException) 模板不存在[./app/Tpl/Mobile/Gaoli/index.html]
[ 2014-07-17T09:57:39+08:00 ] 127.0.0.1 /gaoli/index.php?g=Home&m=Public&a=login
NOTIC: [8] Use of undefined constant DEFAULT_THEME - assumed 'DEFAULT_THEME' E:\wamp\www\gaoli\app\Conf\Home\config.php 第 8 行.
INFO: [ app_begin ] --START--
INFO: Run ReadHtmlCache Behavior [ RunTime:0.001794s ]
INFO: [ app_begin ] --END-- [ RunTime:0.001969s ]
INFO: [ view_template ] --START--
INFO: Run LocationTemplate Behavior [ RunTime:0.005251s ]
INFO: [ view_template ] --END-- [ RunTime:0.005413s ]
INFO: [ view_parse ] --START--
INFO: Run ParseTemplate Behavior [ RunTime:0.332134s ]
INFO: [ view_parse ] --END-- [ RunTime:0.332265s ]
INFO: [ view_filter ] --START--
INFO: Run ContentReplace Behavior [ RunTime:0.059375s ]
INFO: Run TokenBuild Behavior [ RunTime:0.015081s ]
INFO: Run WriteHtmlCache Behavior [ RunTime:0.118967s ]
INFO: Run ShowRuntime Behavior [ RunTime:0.030908s ]
INFO: [ view_filter ] --END-- [ RunTime:0.224739s ]
INFO: [ view_end ] --START--
INFO: Run ShowPageTrace Behavior [ RunTime:0.033856s ]
INFO: [ view_end ] --END-- [ RunTime:0.034012s ]

[ 2014-07-17T09:57:43+08:00 ] 127.0.0.1 /gaoli/index.php?g=Home&m=Public&a=doLogin
NOTIC: [8] Use of undefined constant DEFAULT_THEME - assumed 'DEFAULT_THEME' E:\wamp\www\gaoli\app\Conf\Home\config.php 第 8 行.
INFO: [ app_begin ] --START--
INFO: Run ReadHtmlCache Behavior [ RunTime:0.001157s ]
INFO: [ app_begin ] --END-- [ RunTime:0.001281s ]
SQL: SHOW COLUMNS FROM `0509_user` [ RunTime:0.276670s ]
SQL: SELECT * FROM `0509_user` WHERE ( name='s' AND password='e10adc3949ba59abbe56e057f20f883e' ) LIMIT 1   [ RunTime:0.012822s ]
INFO: [ view_template ] --START--
INFO: Run LocationTemplate Behavior [ RunTime:0.002130s ]
INFO: [ view_template ] --END-- [ RunTime:0.002259s ]
INFO: [ view_parse ] --START--
INFO: Run ParseTemplate Behavior [ RunTime:0.141073s ]
INFO: [ view_parse ] --END-- [ RunTime:0.141197s ]
INFO: [ view_filter ] --START--
INFO: Run ContentReplace Behavior [ RunTime:0.001081s ]
INFO: Run TokenBuild Behavior [ RunTime:0.001177s ]
INFO: Run WriteHtmlCache Behavior [ RunTime:0.000967s ]
INFO: Run ShowRuntime Behavior [ RunTime:0.001034s ]
INFO: [ view_filter ] --END-- [ RunTime:0.004609s ]
INFO: [ view_end ] --START--
INFO: Run ShowPageTrace Behavior [ RunTime:0.001278s ]
INFO: [ view_end ] --END-- [ RunTime:0.001389s ]

[ 2014-07-17T09:57:44+08:00 ] 127.0.0.1 /gaoli/index.php?g=Home&m=Index&a=index
NOTIC: [8] Use of undefined constant DEFAULT_THEME - assumed 'DEFAULT_THEME' E:\wamp\www\gaoli\app\Conf\Home\config.php 第 8 行.
INFO: [ app_begin ] --START--
INFO: Run ReadHtmlCache Behavior [ RunTime:0.001348s ]
INFO: [ app_begin ] --END-- [ RunTime:0.001482s ]

[ 2014-07-17T09:57:48+08:00 ] 127.0.0.1 /gaoli/index.php?g=Home&m=Article&a=ls
NOTIC: [8] Use of undefined constant DEFAULT_THEME - assumed 'DEFAULT_THEME' E:\wamp\www\gaoli\app\Conf\Home\config.php 第 8 行.
INFO: [ app_begin ] --START--
INFO: Run ReadHtmlCache Behavior [ RunTime:0.001056s ]
INFO: [ app_begin ] --END-- [ RunTime:0.001181s ]
NOTIC: [8] Undefined variable: search E:\wamp\www\gaoli\app\Lib\Action\Home\ArticleAction.class.php 第 60 行.
SQL: SHOW COLUMNS FROM `0509_article` [ RunTime:0.010994s ]
SQL: SELECT COUNT(*) AS tp_count FROM `0509_article` WHERE ( `pid` = '0' ) LIMIT 1   [ RunTime:0.173920s ]
SQL: SELECT * FROM `0509_article` WHERE ( `pid` = '0' ) ORDER BY id desc LIMIT 0,5   [ RunTime:0.004526s ]
INFO: [ view_template ] --START--
INFO: Run LocationTemplate Behavior [ RunTime:0.003482s ]
INFO: [ view_template ] --END-- [ RunTime:0.003613s ]
INFO: [ view_parse ] --START--
NOTIC: [8] Use of undefined constant time_modify - assumed 'time_modify' E:\wamp\www\gaoli\app\Runtime\Cache\Home\e3c0c2aaba2f60a116fcd09235d2788a.php 第 82 行.
NOTIC: [8] Use of undefined constant id - assumed 'id' E:\wamp\www\gaoli\app\Runtime\Cache\Home\e3c0c2aaba2f60a116fcd09235d2788a.php 第 84 行.
NOTIC: [8] Use of undefined constant id - assumed 'id' E:\wamp\www\gaoli\app\Runtime\Cache\Home\e3c0c2aaba2f60a116fcd09235d2788a.php 第 85 行.
NOTIC: [8] Use of undefined constant id - assumed 'id' E:\wamp\www\gaoli\app\Runtime\Cache\Home\e3c0c2aaba2f60a116fcd09235d2788a.php 第 86 行.
NOTIC: [8] Use of undefined constant time_modify - assumed 'time_modify' E:\wamp\www\gaoli\app\Runtime\Cache\Home\e3c0c2aaba2f60a116fcd09235d2788a.php 第 82 行.
NOTIC: [8] Use of undefined constant id - assumed 'id' E:\wamp\www\gaoli\app\Runtime\Cache\Home\e3c0c2aaba2f60a116fcd09235d2788a.php 第 84 行.
NOTIC: [8] Use of undefined constant id - assumed 'id' E:\wamp\www\gaoli\app\Runtime\Cache\Home\e3c0c2aaba2f60a116fcd09235d2788a.php 第 85 行.
NOTIC: [8] Use of undefined constant id - assumed 'id' E:\wamp\www\gaoli\app\Runtime\Cache\Home\e3c0c2aaba2f60a116fcd09235d2788a.php 第 86 行.
NOTIC: [8] Use of undefined constant time_modify - assumed 'time_modify' E:\wamp\www\gaoli\app\Runtime\Cache\Home\e3c0c2aaba2f60a116fcd09235d2788a.php 第 82 行.
NOTIC: [8] Use of undefined constant id - assumed 'id' E:\wamp\www\gaoli\app\Runtime\Cache\Home\e3c0c2aaba2f60a116fcd09235d2788a.php 第 84 行.
NOTIC: [8] Use of undefined constant id - assumed 'id' E:\wamp\www\gaoli\app\Runtime\Cache\Home\e3c0c2aaba2f60a116fcd09235d2788a.php 第 85 行.
NOTIC: [8] Use of undefined constant id - assumed 'id' E:\wamp\www\gaoli\app\Runtime\Cache\Home\e3c0c2aaba2f60a116fcd09235d2788a.php 第 86 行.
NOTIC: [8] Use of undefined constant time_modify - assumed 'time_modify' E:\wamp\www\gaoli\app\Runtime\Cache\Home\e3c0c2aaba2f60a116fcd09235d2788a.php 第 82 行.
NOTIC: [8] Use of undefined constant id - assumed 'id' E:\wamp\www\gaoli\app\Runtime\Cache\Home\e3c0c2aaba2f60a116fcd09235d2788a.php 第 84 行.
NOTIC: [8] Use of undefined constant id - assumed 'id' E:\wamp\www\gaoli\app\Runtime\Cache\Home\e3c0c2aaba2f60a116fcd09235d2788a.php 第 85 行.
NOTIC: [8] Use of undefined constant id - assumed 'id' E:\wamp\www\gaoli\app\Runtime\Cache\Home\e3c0c2aaba2f60a116fcd09235d2788a.php 第 86 行.
NOTIC: [8] Use of undefined constant time_modify - assumed 'time_modify' E:\wamp\www\gaoli\app\Runtime\Cache\Home\e3c0c2aaba2f60a116fcd09235d2788a.php 第 82 行.
NOTIC: [8] Use of undefined constant id - assumed 'id' E:\wamp\www\gaoli\app\Runtime\Cache\Home\e3c0c2aaba2f60a116fcd09235d2788a.php 第 84 行.
NOTIC: [8] Use of undefined constant id - assumed 'id' E:\wamp\www\gaoli\app\Runtime\Cache\Home\e3c0c2aaba2f60a116fcd09235d2788a.php 第 85 行.
NOTIC: [8] Use of undefined constant id - assumed 'id' E:\wamp\www\gaoli\app\Runtime\Cache\Home\e3c0c2aaba2f60a116fcd09235d2788a.php 第 86 行.
INFO: Run ParseTemplate Behavior [ RunTime:0.044549s ]
INFO: [ view_parse ] --END-- [ RunTime:0.044652s ]
INFO: [ view_filter ] --START--
INFO: Run ContentReplace Behavior [ RunTime:0.001034s ]
INFO: Run TokenBuild Behavior [ RunTime:0.001179s ]
INFO: Run WriteHtmlCache Behavior [ RunTime:0.000644s ]
INFO: Run ShowRuntime Behavior [ RunTime:0.001057s ]
INFO: [ view_filter ] --END-- [ RunTime:0.004281s ]
INFO: [ view_end ] --START--
INFO: Run ShowPageTrace Behavior [ RunTime:0.001151s ]
INFO: [ view_end ] --END-- [ RunTime:0.001264s ]

[ 2014-07-17T09:57:57+08:00 ] 127.0.0.1 /gaoli/index.php?g=Home&m=Article&a=ls
NOTIC: [8] Use of undefined constant DEFAULT_THEME - assumed 'DEFAULT_THEME' E:\wamp\www\gaoli\app\Conf\Home\config.php 第 8 行.
INFO: [ app_begin ] --START--
INFO: Run ReadHtmlCache Behavior [ RunTime:0.001579s ]
INFO: [ app_begin ] --END-- [ RunTime:0.001747s ]
SQL: SHOW COLUMNS FROM `0509_article` [ RunTime:0.006847s ]
SQL: SELECT COUNT(*) AS tp_count FROM `0509_article` WHERE ( `title` LIKE '%2222%' ) AND ( `pid` = '0' ) LIMIT 1   [ RunTime:0.067378s ]
SQL: SELECT * FROM `0509_article` WHERE ( `title` LIKE '%2222%' ) AND ( `pid` = '0' ) ORDER BY id desc LIMIT 0,5   [ RunTime:0.001617s ]
INFO: [ view_template ] --START--
INFO: Run LocationTemplate Behavior [ RunTime:0.004015s ]
INFO: [ view_template ] --END-- [ RunTime:0.004145s ]
INFO: [ view_parse ] --START--
NOTIC: [8] Use of undefined constant time_modify - assumed 'time_modify' E:\wamp\www\gaoli\app\Runtime\Cache\Home\e3c0c2aaba2f60a116fcd09235d2788a.php 第 82 行.
NOTIC: [8] Use of undefined constant id - assumed 'id' E:\wamp\www\gaoli\app\Runtime\Cache\Home\e3c0c2aaba2f60a116fcd09235d2788a.php 第 84 行.
NOTIC: [8] Use of undefined constant id - assumed 'id' E:\wamp\www\gaoli\app\Runtime\Cache\Home\e3c0c2aaba2f60a116fcd09235d2788a.php 第 85 行.
NOTIC: [8] Use of undefined constant id - assumed 'id' E:\wamp\www\gaoli\app\Runtime\Cache\Home\e3c0c2aaba2f60a116fcd09235d2788a.php 第 86 行.
INFO: Run ParseTemplate Behavior [ RunTime:0.024795s ]
INFO: [ view_parse ] --END-- [ RunTime:0.024911s ]
INFO: [ view_filter ] --START--
INFO: Run ContentReplace Behavior [ RunTime:0.001627s ]
INFO: Run TokenBuild Behavior [ RunTime:0.012966s ]
INFO: Run WriteHtmlCache Behavior [ RunTime:0.000785s ]
INFO: Run ShowRuntime Behavior [ RunTime:0.001203s ]
INFO: [ view_filter ] --END-- [ RunTime:0.019113s ]
INFO: [ view_end ] --START--
INFO: Run ShowPageTrace Behavior [ RunTime:0.001244s ]
INFO: [ view_end ] --END-- [ RunTime:0.001333s ]

[ 2014-07-17T09:58:00+08:00 ] 127.0.0.1 /gaoli/index.php?g=Home&m=News&a=ls
NOTIC: [8] Use of undefined constant DEFAULT_THEME - assumed 'DEFAULT_THEME' E:\wamp\www\gaoli\app\Conf\Home\config.php 第 8 行.
INFO: [ app_begin ] --START--
INFO: Run ReadHtmlCache Behavior [ RunTime:0.001066s ]
INFO: [ app_begin ] --END-- [ RunTime:0.001192s ]
NOTIC: [8] Undefined variable: search E:\wamp\www\gaoli\app\Lib\Action\Home\NewsAction.class.php 第 57 行.
SQL: SHOW COLUMNS FROM `0509_news` [ RunTime:0.255819s ]
SQL: SELECT COUNT(*) AS tp_count FROM `0509_news` LIMIT 1   [ RunTime:0.004877s ]
SQL: SELECT * FROM `0509_news` ORDER BY id desc LIMIT 0,5   [ RunTime:0.050105s ]
INFO: [ view_template ] --START--
INFO: Run LocationTemplate Behavior [ RunTime:0.003610s ]
INFO: [ view_template ] --END-- [ RunTime:0.005171s ]
INFO: [ view_parse ] --START--
NOTIC: [8] Use of undefined constant time_modify - assumed 'time_modify' E:\wamp\www\gaoli\app\Runtime\Cache\Home\faba21302ba6c4aa250bc8869ae91a76.php 第 81 行.
NOTIC: [8] Use of undefined constant id - assumed 'id' E:\wamp\www\gaoli\app\Runtime\Cache\Home\faba21302ba6c4aa250bc8869ae91a76.php 第 83 行.
NOTIC: [8] Use of undefined constant id - assumed 'id' E:\wamp\www\gaoli\app\Runtime\Cache\Home\faba21302ba6c4aa250bc8869ae91a76.php 第 84 行.
NOTIC: [8] Use of undefined constant time_modify - assumed 'time_modify' E:\wamp\www\gaoli\app\Runtime\Cache\Home\faba21302ba6c4aa250bc8869ae91a76.php 第 81 行.
NOTIC: [8] Use of undefined constant id - assumed 'id' E:\wamp\www\gaoli\app\Runtime\Cache\Home\faba21302ba6c4aa250bc8869ae91a76.php 第 83 行.
NOTIC: [8] Use of undefined constant id - assumed 'id' E:\wamp\www\gaoli\app\Runtime\Cache\Home\faba21302ba6c4aa250bc8869ae91a76.php 第 84 行.
NOTIC: [8] Use of undefined constant time_modify - assumed 'time_modify' E:\wamp\www\gaoli\app\Runtime\Cache\Home\faba21302ba6c4aa250bc8869ae91a76.php 第 81 行.
NOTIC: [8] Use of undefined constant id - assumed 'id' E:\wamp\www\gaoli\app\Runtime\Cache\Home\faba21302ba6c4aa250bc8869ae91a76.php 第 83 行.
NOTIC: [8] Use of undefined constant id - assumed 'id' E:\wamp\www\gaoli\app\Runtime\Cache\Home\faba21302ba6c4aa250bc8869ae91a76.php 第 84 行.
NOTIC: [8] Use of undefined constant time_modify - assumed 'time_modify' E:\wamp\www\gaoli\app\Runtime\Cache\Home\faba21302ba6c4aa250bc8869ae91a76.php 第 81 行.
NOTIC: [8] Use of undefined constant id - assumed 'id' E:\wamp\www\gaoli\app\Runtime\Cache\Home\faba21302ba6c4aa250bc8869ae91a76.php 第 83 行.
NOTIC: [8] Use of undefined constant id - assumed 'id' E:\wamp\www\gaoli\app\Runtime\Cache\Home\faba21302ba6c4aa250bc8869ae91a76.php 第 84 行.
NOTIC: [8] Use of undefined constant time_modify - assumed 'time_modify' E:\wamp\www\gaoli\app\Runtime\Cache\Home\faba21302ba6c4aa250bc8869ae91a76.php 第 81 行.
NOTIC: [8] Use of undefined constant id - assumed 'id' E:\wamp\www\gaoli\app\Runtime\Cache\Home\faba21302ba6c4aa250bc8869ae91a76.php 第 83 行.
NOTIC: [8] Use of undefined constant id - assumed 'id' E:\wamp\www\gaoli\app\Runtime\Cache\Home\faba21302ba6c4aa250bc8869ae91a76.php 第 84 行.
INFO: Run ParseTemplate Behavior [ RunTime:0.031552s ]
INFO: [ view_parse ] --END-- [ RunTime:0.031643s ]
INFO: [ view_filter ] --START--
INFO: Run ContentReplace Behavior [ RunTime:0.001035s ]
INFO: Run TokenBuild Behavior [ RunTime:0.001038s ]
INFO: Run WriteHtmlCache Behavior [ RunTime:0.001349s ]
INFO: Run ShowRuntime Behavior [ RunTime:0.002778s ]
INFO: [ view_filter ] --END-- [ RunTime:0.006575s ]
INFO: [ view_end ] --START--
INFO: Run ShowPageTrace Behavior [ RunTime:0.001192s ]
INFO: [ view_end ] --END-- [ RunTime:0.001303s ]

[ 2014-07-17T09:58:04+08:00 ] 127.0.0.1 /gaoli/index.php?g=Home&m=Message&a=ls
NOTIC: [8] Use of undefined constant DEFAULT_THEME - assumed 'DEFAULT_THEME' E:\wamp\www\gaoli\app\Conf\Home\config.php 第 8 行.
INFO: [ app_begin ] --START--
INFO: Run ReadHtmlCache Behavior [ RunTime:0.001181s ]
INFO: [ app_begin ] --END-- [ RunTime:0.001305s ]
NOTIC: [8] Undefined variable: search E:\wamp\www\gaoli\app\Lib\Action\Home\MessageAction.class.php 第 35 行.
SQL: SHOW COLUMNS FROM `0509_message` [ RunTime:0.244103s ]
SQL: SELECT COUNT(*) AS tp_count FROM `0509_message` LIMIT 1   [ RunTime:0.028022s ]
SQL: SELECT * FROM `0509_message` ORDER BY date_register desc LIMIT 0,5   [ RunTime:0.001463s ]
ERR: Unknown column 'date_register' in 'order clause'
 [ SQL语句 ] : SELECT * FROM `0509_message` ORDER BY date_register desc LIMIT 0,5  
INFO: [ view_template ] --START--
INFO: Run LocationTemplate Behavior [ RunTime:0.011544s ]
INFO: [ view_template ] --END-- [ RunTime:0.011677s ]
INFO: [ view_parse ] --START--
INFO: Run ParseTemplate Behavior [ RunTime:0.071109s ]
INFO: [ view_parse ] --END-- [ RunTime:0.071223s ]
INFO: [ view_filter ] --START--
INFO: Run ContentReplace Behavior [ RunTime:0.000996s ]
INFO: Run TokenBuild Behavior [ RunTime:0.000908s ]
INFO: Run WriteHtmlCache Behavior [ RunTime:0.000869s ]
INFO: Run ShowRuntime Behavior [ RunTime:0.001233s ]
INFO: [ view_filter ] --END-- [ RunTime:0.004323s ]
INFO: [ view_end ] --START--
INFO: Run ShowPageTrace Behavior [ RunTime:0.001170s ]
INFO: [ view_end ] --END-- [ RunTime:0.001272s ]

[ 2014-07-17T17:03:09+08:00 ] ERR: (ThinkException) 模板不存在[./app/Tpl/Mobile/Gaoli/index.html]
[ 2014-07-17T17:03:15+08:00 ] 127.0.0.1 /gaoli/index.php?g=Home&m=Public&a=login
NOTIC: [8] Use of undefined constant DEFAULT_THEME - assumed 'DEFAULT_THEME' E:\wamp\www\gaoli\app\Conf\Home\config.php 第 8 行.
INFO: [ app_begin ] --START--
INFO: Run ReadHtmlCache Behavior [ RunTime:0.003771s ]
INFO: [ app_begin ] --END-- [ RunTime:0.003884s ]
INFO: [ view_template ] --START--
INFO: Run LocationTemplate Behavior [ RunTime:0.030868s ]
INFO: [ view_template ] --END-- [ RunTime:0.031060s ]
INFO: [ view_parse ] --START--
INFO: Run ParseTemplate Behavior [ RunTime:0.073717s ]
INFO: [ view_parse ] --END-- [ RunTime:0.073830s ]
INFO: [ view_filter ] --START--
INFO: Run ContentReplace Behavior [ RunTime:0.006218s ]
INFO: Run TokenBuild Behavior [ RunTime:0.007810s ]
INFO: Run WriteHtmlCache Behavior [ RunTime:0.008748s ]
INFO: Run ShowRuntime Behavior [ RunTime:0.009586s ]
INFO: [ view_filter ] --END-- [ RunTime:0.033564s ]
INFO: [ view_end ] --START--
INFO: Run ShowPageTrace Behavior [ RunTime:0.008569s ]
INFO: [ view_end ] --END-- [ RunTime:0.008733s ]

[ 2014-07-17T17:03:19+08:00 ] 127.0.0.1 /gaoli/index.php?g=Home&m=Public&a=doLogin
NOTIC: [8] Use of undefined constant DEFAULT_THEME - assumed 'DEFAULT_THEME' E:\wamp\www\gaoli\app\Conf\Home\config.php 第 8 行.
INFO: [ app_begin ] --START--
INFO: Run ReadHtmlCache Behavior [ RunTime:0.007126s ]
INFO: [ app_begin ] --END-- [ RunTime:0.007299s ]
SQL: SHOW COLUMNS FROM `0509_user` [ RunTime:0.013856s ]
SQL: SELECT * FROM `0509_user` WHERE ( name='s' AND password='e10adc3949ba59abbe56e057f20f883e' ) LIMIT 1   [ RunTime:0.001711s ]
INFO: [ view_template ] --START--
INFO: Run LocationTemplate Behavior [ RunTime:0.010717s ]
INFO: [ view_template ] --END-- [ RunTime:0.010879s ]
INFO: [ view_parse ] --START--
INFO: Run ParseTemplate Behavior [ RunTime:0.065132s ]
INFO: [ view_parse ] --END-- [ RunTime:0.065257s ]
INFO: [ view_filter ] --START--
INFO: Run ContentReplace Behavior [ RunTime:0.003067s ]
INFO: Run TokenBuild Behavior [ RunTime:0.002319s ]
INFO: Run WriteHtmlCache Behavior [ RunTime:0.002967s ]
INFO: Run ShowRuntime Behavior [ RunTime:0.003444s ]
INFO: [ view_filter ] --END-- [ RunTime:0.012117s ]
INFO: [ view_end ] --START--
INFO: Run ShowPageTrace Behavior [ RunTime:0.004198s ]
INFO: [ view_end ] --END-- [ RunTime:0.004305s ]

[ 2014-07-17T17:03:20+08:00 ] 127.0.0.1 /gaoli/index.php?g=Home&m=Index&a=index
NOTIC: [8] Use of undefined constant DEFAULT_THEME - assumed 'DEFAULT_THEME' E:\wamp\www\gaoli\app\Conf\Home\config.php 第 8 行.
INFO: [ app_begin ] --START--
INFO: Run ReadHtmlCache Behavior [ RunTime:0.003190s ]
INFO: [ app_begin ] --END-- [ RunTime:0.003315s ]

[ 2014-07-17T17:04:03+08:00 ] 127.0.0.1 /gaoli/index.php?g=Home&m=Article&a=ls
NOTIC: [8] Use of undefined constant DEFAULT_THEME - assumed 'DEFAULT_THEME' E:\wamp\www\gaoli\app\Conf\Home\config.php 第 8 行.
INFO: [ app_begin ] --START--
INFO: Run ReadHtmlCache Behavior [ RunTime:0.002310s ]
INFO: [ app_begin ] --END-- [ RunTime:0.002447s ]
NOTIC: [8] Undefined variable: search E:\wamp\www\gaoli\app\Lib\Action\Home\ArticleAction.class.php 第 60 行.
SQL: SHOW COLUMNS FROM `0509_article` [ RunTime:0.005886s ]
SQL: SELECT COUNT(*) AS tp_count FROM `0509_article` WHERE ( `pid` = '0' ) LIMIT 1   [ RunTime:0.003017s ]
SQL: SELECT * FROM `0509_article` WHERE ( `pid` = '0' ) ORDER BY id desc LIMIT 0,5   [ RunTime:0.001632s ]
INFO: [ view_template ] --START--
INFO: Run LocationTemplate Behavior [ RunTime:0.010057s ]
INFO: [ view_template ] --END-- [ RunTime:0.010245s ]
INFO: [ view_parse ] --START--
NOTIC: [8] Use of undefined constant time_modify - assumed 'time_modify' E:\wamp\www\gaoli\app\Runtime\Cache\Home\e3c0c2aaba2f60a116fcd09235d2788a.php 第 82 行.
NOTIC: [8] Use of undefined constant id - assumed 'id' E:\wamp\www\gaoli\app\Runtime\Cache\Home\e3c0c2aaba2f60a116fcd09235d2788a.php 第 84 行.
NOTIC: [8] Use of undefined constant id - assumed 'id' E:\wamp\www\gaoli\app\Runtime\Cache\Home\e3c0c2aaba2f60a116fcd09235d2788a.php 第 85 行.
NOTIC: [8] Use of undefined constant id - assumed 'id' E:\wamp\www\gaoli\app\Runtime\Cache\Home\e3c0c2aaba2f60a116fcd09235d2788a.php 第 86 行.
NOTIC: [8] Use of undefined constant time_modify - assumed 'time_modify' E:\wamp\www\gaoli\app\Runtime\Cache\Home\e3c0c2aaba2f60a116fcd09235d2788a.php 第 82 行.
NOTIC: [8] Use of undefined constant id - assumed 'id' E:\wamp\www\gaoli\app\Runtime\Cache\Home\e3c0c2aaba2f60a116fcd09235d2788a.php 第 84 行.
NOTIC: [8] Use of undefined constant id - assumed 'id' E:\wamp\www\gaoli\app\Runtime\Cache\Home\e3c0c2aaba2f60a116fcd09235d2788a.php 第 85 行.
NOTIC: [8] Use of undefined constant id - assumed 'id' E:\wamp\www\gaoli\app\Runtime\Cache\Home\e3c0c2aaba2f60a116fcd09235d2788a.php 第 86 行.
NOTIC: [8] Use of undefined constant time_modify - assumed 'time_modify' E:\wamp\www\gaoli\app\Runtime\Cache\Home\e3c0c2aaba2f60a116fcd09235d2788a.php 第 82 行.
NOTIC: [8] Use of undefined constant id - assumed 'id' E:\wamp\www\gaoli\app\Runtime\Cache\Home\e3c0c2aaba2f60a116fcd09235d2788a.php 第 84 行.
NOTIC: [8] Use of undefined constant id - assumed 'id' E:\wamp\www\gaoli\app\Runtime\Cache\Home\e3c0c2aaba2f60a116fcd09235d2788a.php 第 85 行.
NOTIC: [8] Use of undefined constant id - assumed 'id' E:\wamp\www\gaoli\app\Runtime\Cache\Home\e3c0c2aaba2f60a116fcd09235d2788a.php 第 86 行.
NOTIC: [8] Use of undefined constant time_modify - assumed 'time_modify' E:\wamp\www\gaoli\app\Runtime\Cache\Home\e3c0c2aaba2f60a116fcd09235d2788a.php 第 82 行.
NOTIC: [8] Use of undefined constant id - assumed 'id' E:\wamp\www\gaoli\app\Runtime\Cache\Home\e3c0c2aaba2f60a116fcd09235d2788a.php 第 84 行.
NOTIC: [8] Use of undefined constant id - assumed 'id' E:\wamp\www\gaoli\app\Runtime\Cache\Home\e3c0c2aaba2f60a116fcd09235d2788a.php 第 85 行.
NOTIC: [8] Use of undefined constant id - assumed 'id' E:\wamp\www\gaoli\app\Runtime\Cache\Home\e3c0c2aaba2f60a116fcd09235d2788a.php 第 86 行.
NOTIC: [8] Use of undefined constant time_modify - assumed 'time_modify' E:\wamp\www\gaoli\app\Runtime\Cache\Home\e3c0c2aaba2f60a116fcd09235d2788a.php 第 82 行.
NOTIC: [8] Use of undefined constant id - assumed 'id' E:\wamp\www\gaoli\app\Runtime\Cache\Home\e3c0c2aaba2f60a116fcd09235d2788a.php 第 84 行.
NOTIC: [8] Use of undefined constant id - assumed 'id' E:\wamp\www\gaoli\app\Runtime\Cache\Home\e3c0c2aaba2f60a116fcd09235d2788a.php 第 85 行.
NOTIC: [8] Use of undefined constant id - assumed 'id' E:\wamp\www\gaoli\app\Runtime\Cache\Home\e3c0c2aaba2f60a116fcd09235d2788a.php 第 86 行.
INFO: Run ParseTemplate Behavior [ RunTime:0.041296s ]
INFO: [ view_parse ] --END-- [ RunTime:0.041458s ]
INFO: [ view_filter ] --START--
INFO: Run ContentReplace Behavior [ RunTime:0.003973s ]
INFO: Run TokenBuild Behavior [ RunTime:0.003875s ]
INFO: Run WriteHtmlCache Behavior [ RunTime:0.003599s ]
INFO: Run ShowRuntime Behavior [ RunTime:0.002643s ]
INFO: [ view_filter ] --END-- [ RunTime:0.014863s ]
INFO: [ view_end ] --START--
INFO: Run ShowPageTrace Behavior [ RunTime:0.002662s ]
INFO: [ view_end ] --END-- [ RunTime:0.002770s ]

[ 2014-07-17T17:04:09+08:00 ] 127.0.0.1 /gaoli/index.php?g=Home&m=News&a=ls
NOTIC: [8] Use of undefined constant DEFAULT_THEME - assumed 'DEFAULT_THEME' E:\wamp\www\gaoli\app\Conf\Home\config.php 第 8 行.
INFO: [ app_begin ] --START--
INFO: Run ReadHtmlCache Behavior [ RunTime:0.001897s ]
INFO: [ app_begin ] --END-- [ RunTime:0.002121s ]
NOTIC: [8] Undefined variable: search E:\wamp\www\gaoli\app\Lib\Action\Home\NewsAction.class.php 第 57 行.
SQL: SHOW COLUMNS FROM `0509_news` [ RunTime:0.006971s ]
SQL: SELECT COUNT(*) AS tp_count FROM `0509_news` LIMIT 1   [ RunTime:0.006733s ]
SQL: SELECT * FROM `0509_news` ORDER BY id desc LIMIT 0,5   [ RunTime:0.036520s ]
INFO: [ view_template ] --START--
INFO: Run LocationTemplate Behavior [ RunTime:0.002121s ]
INFO: [ view_template ] --END-- [ RunTime:0.002240s ]
INFO: [ view_parse ] --START--
NOTIC: [8] Use of undefined constant time_modify - assumed 'time_modify' E:\wamp\www\gaoli\app\Runtime\Cache\Home\faba21302ba6c4aa250bc8869ae91a76.php 第 81 行.
NOTIC: [8] Use of undefined constant id - assumed 'id' E:\wamp\www\gaoli\app\Runtime\Cache\Home\faba21302ba6c4aa250bc8869ae91a76.php 第 83 行.
NOTIC: [8] Use of undefined constant id - assumed 'id' E:\wamp\www\gaoli\app\Runtime\Cache\Home\faba21302ba6c4aa250bc8869ae91a76.php 第 84 行.
NOTIC: [8] Use of undefined constant time_modify - assumed 'time_modify' E:\wamp\www\gaoli\app\Runtime\Cache\Home\faba21302ba6c4aa250bc8869ae91a76.php 第 81 行.
NOTIC: [8] Use of undefined constant id - assumed 'id' E:\wamp\www\gaoli\app\Runtime\Cache\Home\faba21302ba6c4aa250bc8869ae91a76.php 第 83 行.
NOTIC: [8] Use of undefined constant id - assumed 'id' E:\wamp\www\gaoli\app\Runtime\Cache\Home\faba21302ba6c4aa250bc8869ae91a76.php 第 84 行.
NOTIC: [8] Use of undefined constant time_modify - assumed 'time_modify' E:\wamp\www\gaoli\app\Runtime\Cache\Home\faba21302ba6c4aa250bc8869ae91a76.php 第 81 行.
NOTIC: [8] Use of undefined constant id - assumed 'id' E:\wamp\www\gaoli\app\Runtime\Cache\Home\faba21302ba6c4aa250bc8869ae91a76.php 第 83 行.
NOTIC: [8] Use of undefined constant id - assumed 'id' E:\wamp\www\gaoli\app\Runtime\Cache\Home\faba21302ba6c4aa250bc8869ae91a76.php 第 84 行.
NOTIC: [8] Use of undefined constant time_modify - assumed 'time_modify' E:\wamp\www\gaoli\app\Runtime\Cache\Home\faba21302ba6c4aa250bc8869ae91a76.php 第 81 行.
NOTIC: [8] Use of undefined constant id - assumed 'id' E:\wamp\www\gaoli\app\Runtime\Cache\Home\faba21302ba6c4aa250bc8869ae91a76.php 第 83 行.
NOTIC: [8] Use of undefined constant id - assumed 'id' E:\wamp\www\gaoli\app\Runtime\Cache\Home\faba21302ba6c4aa250bc8869ae91a76.php 第 84 行.
NOTIC: [8] Use of undefined constant time_modify - assumed 'time_modify' E:\wamp\www\gaoli\app\Runtime\Cache\Home\faba21302ba6c4aa250bc8869ae91a76.php 第 81 行.
NOTIC: [8] Use of undefined constant id - assumed 'id' E:\wamp\www\gaoli\app\Runtime\Cache\Home\faba21302ba6c4aa250bc8869ae91a76.php 第 83 行.
NOTIC: [8] Use of undefined constant id - assumed 'id' E:\wamp\www\gaoli\app\Runtime\Cache\Home\faba21302ba6c4aa250bc8869ae91a76.php 第 84 行.
INFO: Run ParseTemplate Behavior [ RunTime:0.020673s ]
INFO: [ view_parse ] --END-- [ RunTime:0.020802s ]
INFO: [ view_filter ] --START--
INFO: Run ContentReplace Behavior [ RunTime:0.001623s ]
INFO: Run TokenBuild Behavior [ RunTime:0.001349s ]
INFO: Run WriteHtmlCache Behavior [ RunTime:0.001275s ]
INFO: Run ShowRuntime Behavior [ RunTime:0.001704s ]
INFO: [ view_filter ] --END-- [ RunTime:0.006720s ]
INFO: [ view_end ] --START--
INFO: Run ShowPageTrace Behavior [ RunTime:0.002361s ]
INFO: [ view_end ] --END-- [ RunTime:0.002502s ]

[ 2014-07-17T17:04:12+08:00 ] 127.0.0.1 /gaoli/index.php?g=Home&m=Message&a=ls
NOTIC: [8] Use of undefined constant DEFAULT_THEME - assumed 'DEFAULT_THEME' E:\wamp\www\gaoli\app\Conf\Home\config.php 第 8 行.
INFO: [ app_begin ] --START--
INFO: Run ReadHtmlCache Behavior [ RunTime:0.001176s ]
INFO: [ app_begin ] --END-- [ RunTime:0.001313s ]
NOTIC: [8] Undefined variable: search E:\wamp\www\gaoli\app\Lib\Action\Home\MessageAction.class.php 第 35 行.
SQL: SHOW COLUMNS FROM `0509_message` [ RunTime:0.007017s ]
SQL: SELECT COUNT(*) AS tp_count FROM `0509_message` LIMIT 1   [ RunTime:0.002905s ]
SQL: SELECT * FROM `0509_message` ORDER BY date_register desc LIMIT 0,5   [ RunTime:0.000643s ]
ERR: Unknown column 'date_register' in 'order clause'
 [ SQL语句 ] : SELECT * FROM `0509_message` ORDER BY date_register desc LIMIT 0,5  
INFO: [ view_template ] --START--
INFO: Run LocationTemplate Behavior [ RunTime:0.002620s ]
INFO: [ view_template ] --END-- [ RunTime:0.002748s ]
INFO: [ view_parse ] --START--
INFO: Run ParseTemplate Behavior [ RunTime:0.038142s ]
INFO: [ view_parse ] --END-- [ RunTime:0.038255s ]
INFO: [ view_filter ] --START--
INFO: Run ContentReplace Behavior [ RunTime:0.000992s ]
INFO: Run TokenBuild Behavior [ RunTime:0.000885s ]
INFO: Run WriteHtmlCache Behavior [ RunTime:0.000687s ]
INFO: Run ShowRuntime Behavior [ RunTime:0.000953s ]
INFO: [ view_filter ] --END-- [ RunTime:0.003834s ]
INFO: [ view_end ] --START--
INFO: Run ShowPageTrace Behavior [ RunTime:0.001093s ]
INFO: [ view_end ] --END-- [ RunTime:0.001201s ]

[ 2014-07-17T17:04:57+08:00 ] 127.0.0.1 /gaoli/index.php?g=Home&m=Index&a=index
NOTIC: [8] Use of undefined constant DEFAULT_THEME - assumed 'DEFAULT_THEME' E:\wamp\www\gaoli\app\Conf\Home\config.php 第 8 行.
INFO: [ app_begin ] --START--
INFO: Run ReadHtmlCache Behavior [ RunTime:0.001310s ]
INFO: [ app_begin ] --END-- [ RunTime:0.001465s ]

[ 2014-07-17T17:04:59+08:00 ] 127.0.0.1 /gaoli/index.php?g=Home&m=Message&a=ls
NOTIC: [8] Use of undefined constant DEFAULT_THEME - assumed 'DEFAULT_THEME' E:\wamp\www\gaoli\app\Conf\Home\config.php 第 8 行.
INFO: [ app_begin ] --START--
INFO: Run ReadHtmlCache Behavior [ RunTime:0.001378s ]
INFO: [ app_begin ] --END-- [ RunTime:0.001554s ]
NOTIC: [8] Undefined variable: search E:\wamp\www\gaoli\app\Lib\Action\Home\MessageAction.class.php 第 35 行.
SQL: SHOW COLUMNS FROM `0509_message` [ RunTime:0.005329s ]
SQL: SELECT COUNT(*) AS tp_count FROM `0509_message` LIMIT 1   [ RunTime:0.002377s ]
SQL: SELECT * FROM `0509_message` ORDER BY id desc LIMIT 0,5   [ RunTime:0.000711s ]
INFO: [ view_template ] --START--
INFO: Run LocationTemplate Behavior [ RunTime:0.002428s ]
INFO: [ view_template ] --END-- [ RunTime:0.002561s ]
INFO: [ view_parse ] --START--
NOTIC: [8] Use of undefined constant time_add - assumed 'time_add' E:\wamp\www\gaoli\app\Runtime\Cache\Home\67a95445aeeddc7c094f6af5b811b664.php 第 77 行.
NOTIC: [8] Use of undefined constant id - assumed 'id' E:\wamp\www\gaoli\app\Runtime\Cache\Home\67a95445aeeddc7c094f6af5b811b664.php 第 79 行.
NOTIC: [8] Use of undefined constant id - assumed 'id' E:\wamp\www\gaoli\app\Runtime\Cache\Home\67a95445aeeddc7c094f6af5b811b664.php 第 80 行.
NOTIC: [8] Use of undefined constant time_add - assumed 'time_add' E:\wamp\www\gaoli\app\Runtime\Cache\Home\67a95445aeeddc7c094f6af5b811b664.php 第 77 行.
NOTIC: [8] Use of undefined constant id - assumed 'id' E:\wamp\www\gaoli\app\Runtime\Cache\Home\67a95445aeeddc7c094f6af5b811b664.php 第 79 行.
NOTIC: [8] Use of undefined constant id - assumed 'id' E:\wamp\www\gaoli\app\Runtime\Cache\Home\67a95445aeeddc7c094f6af5b811b664.php 第 80 行.
INFO: Run ParseTemplate Behavior [ RunTime:0.023578s ]
INFO: [ view_parse ] --END-- [ RunTime:0.023686s ]
INFO: [ view_filter ] --START--
INFO: Run ContentReplace Behavior [ RunTime:0.001147s ]
INFO: Run TokenBuild Behavior [ RunTime:0.001130s ]
INFO: Run WriteHtmlCache Behavior [ RunTime:0.000796s ]
INFO: Run ShowRuntime Behavior [ RunTime:0.001170s ]
INFO: [ view_filter ] --END-- [ RunTime:0.004594s ]
INFO: [ view_end ] --START--
INFO: Run ShowPageTrace Behavior [ RunTime:0.001597s ]
INFO: [ view_end ] --END-- [ RunTime:0.001709s ]

[ 2014-07-17T17:05:10+08:00 ] 127.0.0.1 /gaoli/index.php?g=Home&m=News&a=ls
NOTIC: [8] Use of undefined constant DEFAULT_THEME - assumed 'DEFAULT_THEME' E:\wamp\www\gaoli\app\Conf\Home\config.php 第 8 行.
INFO: [ app_begin ] --START--
INFO: Run ReadHtmlCache Behavior [ RunTime:0.001849s ]
INFO: [ app_begin ] --END-- [ RunTime:0.002012s ]
NOTIC: [8] Undefined variable: search E:\wamp\www\gaoli\app\Lib\Action\Home\NewsAction.class.php 第 57 行.
SQL: SHOW COLUMNS FROM `0509_news` [ RunTime:0.005615s ]
SQL: SELECT COUNT(*) AS tp_count FROM `0509_news` LIMIT 1   [ RunTime:0.002187s ]
SQL: SELECT * FROM `0509_news` ORDER BY id desc LIMIT 0,5   [ RunTime:0.000896s ]
INFO: [ view_template ] --START--
INFO: Run LocationTemplate Behavior [ RunTime:0.001084s ]
INFO: [ view_template ] --END-- [ RunTime:0.001189s ]
INFO: [ view_parse ] --START--
NOTIC: [8] Use of undefined constant time_modify - assumed 'time_modify' E:\wamp\www\gaoli\app\Runtime\Cache\Home\faba21302ba6c4aa250bc8869ae91a76.php 第 81 行.
NOTIC: [8] Use of undefined constant id - assumed 'id' E:\wamp\www\gaoli\app\Runtime\Cache\Home\faba21302ba6c4aa250bc8869ae91a76.php 第 83 行.
NOTIC: [8] Use of undefined constant id - assumed 'id' E:\wamp\www\gaoli\app\Runtime\Cache\Home\faba21302ba6c4aa250bc8869ae91a76.php 第 84 行.
NOTIC: [8] Use of undefined constant time_modify - assumed 'time_modify' E:\wamp\www\gaoli\app\Runtime\Cache\Home\faba21302ba6c4aa250bc8869ae91a76.php 第 81 行.
NOTIC: [8] Use of undefined constant id - assumed 'id' E:\wamp\www\gaoli\app\Runtime\Cache\Home\faba21302ba6c4aa250bc8869ae91a76.php 第 83 行.
NOTIC: [8] Use of undefined constant id - assumed 'id' E:\wamp\www\gaoli\app\Runtime\Cache\Home\faba21302ba6c4aa250bc8869ae91a76.php 第 84 行.
NOTIC: [8] Use of undefined constant time_modify - assumed 'time_modify' E:\wamp\www\gaoli\app\Runtime\Cache\Home\faba21302ba6c4aa250bc8869ae91a76.php 第 81 行.
NOTIC: [8] Use of undefined constant id - assumed 'id' E:\wamp\www\gaoli\app\Runtime\Cache\Home\faba21302ba6c4aa250bc8869ae91a76.php 第 83 行.
NOTIC: [8] Use of undefined constant id - assumed 'id' E:\wamp\www\gaoli\app\Runtime\Cache\Home\faba21302ba6c4aa250bc8869ae91a76.php 第 84 行.
NOTIC: [8] Use of undefined constant time_modify - assumed 'time_modify' E:\wamp\www\gaoli\app\Runtime\Cache\Home\faba21302ba6c4aa250bc8869ae91a76.php 第 81 行.
NOTIC: [8] Use of undefined constant id - assumed 'id' E:\wamp\www\gaoli\app\Runtime\Cache\Home\faba21302ba6c4aa250bc8869ae91a76.php 第 83 行.
NOTIC: [8] Use of undefined constant id - assumed 'id' E:\wamp\www\gaoli\app\Runtime\Cache\Home\faba21302ba6c4aa250bc8869ae91a76.php 第 84 行.
NOTIC: [8] Use of undefined constant time_modify - assumed 'time_modify' E:\wamp\www\gaoli\app\Runtime\Cache\Home\faba21302ba6c4aa250bc8869ae91a76.php 第 81 行.
NOTIC: [8] Use of undefined constant id - assumed 'id' E:\wamp\www\gaoli\app\Runtime\Cache\Home\faba21302ba6c4aa250bc8869ae91a76.php 第 83 行.
NOTIC: [8] Use of undefined constant id - assumed 'id' E:\wamp\www\gaoli\app\Runtime\Cache\Home\faba21302ba6c4aa250bc8869ae91a76.php 第 84 行.
INFO: Run ParseTemplate Behavior [ RunTime:0.017815s ]
INFO: [ view_parse ] --END-- [ RunTime:0.017918s ]
INFO: [ view_filter ] --START--
INFO: Run ContentReplace Behavior [ RunTime:0.001028s ]
INFO: Run TokenBuild Behavior [ RunTime:0.001839s ]
INFO: Run WriteHtmlCache Behavior [ RunTime:0.001097s ]
INFO: Run ShowRuntime Behavior [ RunTime:0.001003s ]
INFO: [ view_filter ] --END-- [ RunTime:0.005279s ]
INFO: [ view_end ] --START--
INFO: Run ShowPageTrace Behavior [ RunTime:0.001677s ]
INFO: [ view_end ] --END-- [ RunTime:0.001814s ]

[ 2014-07-17T17:05:18+08:00 ] 127.0.0.1 /gaoli/index.php?g=Home&m=Message&a=ls
NOTIC: [8] Use of undefined constant DEFAULT_THEME - assumed 'DEFAULT_THEME' E:\wamp\www\gaoli\app\Conf\Home\config.php 第 8 行.
INFO: [ app_begin ] --START--
INFO: Run ReadHtmlCache Behavior [ RunTime:0.002853s ]
INFO: [ app_begin ] --END-- [ RunTime:0.003017s ]
NOTIC: [8] Undefined variable: search E:\wamp\www\gaoli\app\Lib\Action\Home\MessageAction.class.php 第 35 行.
SQL: SHOW COLUMNS FROM `0509_message` [ RunTime:0.013525s ]
SQL: SELECT COUNT(*) AS tp_count FROM `0509_message` LIMIT 1   [ RunTime:0.002001s ]
SQL: SELECT * FROM `0509_message` ORDER BY id desc LIMIT 0,5   [ RunTime:0.003004s ]
INFO: [ view_template ] --START--
INFO: Run LocationTemplate Behavior [ RunTime:0.006222s ]
INFO: [ view_template ] --END-- [ RunTime:0.006376s ]
INFO: [ view_parse ] --START--
NOTIC: [8] Use of undefined constant time_add - assumed 'time_add' E:\wamp\www\gaoli\app\Runtime\Cache\Home\67a95445aeeddc7c094f6af5b811b664.php 第 77 行.
NOTIC: [8] Use of undefined constant id - assumed 'id' E:\wamp\www\gaoli\app\Runtime\Cache\Home\67a95445aeeddc7c094f6af5b811b664.php 第 79 行.
NOTIC: [8] Use of undefined constant id - assumed 'id' E:\wamp\www\gaoli\app\Runtime\Cache\Home\67a95445aeeddc7c094f6af5b811b664.php 第 80 行.
NOTIC: [8] Use of undefined constant time_add - assumed 'time_add' E:\wamp\www\gaoli\app\Runtime\Cache\Home\67a95445aeeddc7c094f6af5b811b664.php 第 77 行.
NOTIC: [8] Use of undefined constant id - assumed 'id' E:\wamp\www\gaoli\app\Runtime\Cache\Home\67a95445aeeddc7c094f6af5b811b664.php 第 79 行.
NOTIC: [8] Use of undefined constant id - assumed 'id' E:\wamp\www\gaoli\app\Runtime\Cache\Home\67a95445aeeddc7c094f6af5b811b664.php 第 80 行.
INFO: Run ParseTemplate Behavior [ RunTime:0.022080s ]
INFO: [ view_parse ] --END-- [ RunTime:0.022228s ]
INFO: [ view_filter ] --START--
INFO: Run ContentReplace Behavior [ RunTime:0.001567s ]
INFO: Run TokenBuild Behavior [ RunTime:0.001790s ]
INFO: Run WriteHtmlCache Behavior [ RunTime:0.001525s ]
INFO: Run ShowRuntime Behavior [ RunTime:0.001209s ]
INFO: [ view_filter ] --END-- [ RunTime:0.006528s ]
INFO: [ view_end ] --START--
INFO: Run ShowPageTrace Behavior [ RunTime:0.001654s ]
INFO: [ view_end ] --END-- [ RunTime:0.001761s ]

[ 2014-07-17T17:17:52+08:00 ] 127.0.0.1 /gaoli/index.php?g=Home&m=Index&a=index
NOTIC: [8] Use of undefined constant DEFAULT_THEME - assumed 'DEFAULT_THEME' E:\wamp\www\gaoli\app\Conf\Home\config.php 第 8 行.
INFO: [ app_begin ] --START--
INFO: Run ReadHtmlCache Behavior [ RunTime:0.003751s ]
INFO: [ app_begin ] --END-- [ RunTime:0.003901s ]

[ 2014-07-17T17:17:55+08:00 ] 127.0.0.1 /gaoli/index.php?g=Home&m=Message&a=ls
NOTIC: [8] Use of undefined constant DEFAULT_THEME - assumed 'DEFAULT_THEME' E:\wamp\www\gaoli\app\Conf\Home\config.php 第 8 行.
INFO: [ app_begin ] --START--
INFO: Run ReadHtmlCache Behavior [ RunTime:0.001373s ]
INFO: [ app_begin ] --END-- [ RunTime:0.001560s ]
NOTIC: [8] Undefined variable: search E:\wamp\www\gaoli\app\Lib\Action\Home\MessageAction.class.php 第 35 行.
SQL: SHOW COLUMNS FROM `0509_message` [ RunTime:0.008098s ]
SQL: SELECT COUNT(*) AS tp_count FROM `0509_message` LIMIT 1   [ RunTime:0.000916s ]
SQL: SELECT * FROM `0509_message` ORDER BY id desc LIMIT 0,5   [ RunTime:0.002010s ]
INFO: [ view_template ] --START--
INFO: Run LocationTemplate Behavior [ RunTime:0.009627s ]
INFO: [ view_template ] --END-- [ RunTime:0.009747s ]
INFO: [ view_parse ] --START--
NOTIC: [8] Use of undefined constant time_add - assumed 'time_add' E:\wamp\www\gaoli\app\Runtime\Cache\Home\67a95445aeeddc7c094f6af5b811b664.php 第 77 行.
NOTIC: [8] Use of undefined constant id - assumed 'id' E:\wamp\www\gaoli\app\Runtime\Cache\Home\67a95445aeeddc7c094f6af5b811b664.php 第 79 行.
NOTIC: [8] Use of undefined constant id - assumed 'id' E:\wamp\www\gaoli\app\Runtime\Cache\Home\67a95445aeeddc7c094f6af5b811b664.php 第 80 行.
NOTIC: [8] Use of undefined constant time_add - assumed 'time_add' E:\wamp\www\gaoli\app\Runtime\Cache\Home\67a95445aeeddc7c094f6af5b811b664.php 第 77 行.
NOTIC: [8] Use of undefined constant id - assumed 'id' E:\wamp\www\gaoli\app\Runtime\Cache\Home\67a95445aeeddc7c094f6af5b811b664.php 第 79 行.
NOTIC: [8] Use of undefined constant id - assumed 'id' E:\wamp\www\gaoli\app\Runtime\Cache\Home\67a95445aeeddc7c094f6af5b811b664.php 第 80 行.
NOTIC: [8] Use of undefined constant time_add - assumed 'time_add' E:\wamp\www\gaoli\app\Runtime\Cache\Home\67a95445aeeddc7c094f6af5b811b664.php 第 77 行.
NOTIC: [8] Use of undefined constant id - assumed 'id' E:\wamp\www\gaoli\app\Runtime\Cache\Home\67a95445aeeddc7c094f6af5b811b664.php 第 79 行.
NOTIC: [8] Use of undefined constant id - assumed 'id' E:\wamp\www\gaoli\app\Runtime\Cache\Home\67a95445aeeddc7c094f6af5b811b664.php 第 80 行.
NOTIC: [8] Use of undefined constant time_add - assumed 'time_add' E:\wamp\www\gaoli\app\Runtime\Cache\Home\67a95445aeeddc7c094f6af5b811b664.php 第 77 行.
NOTIC: [8] Use of undefined constant id - assumed 'id' E:\wamp\www\gaoli\app\Runtime\Cache\Home\67a95445aeeddc7c094f6af5b811b664.php 第 79 行.
NOTIC: [8] Use of undefined constant id - assumed 'id' E:\wamp\www\gaoli\app\Runtime\Cache\Home\67a95445aeeddc7c094f6af5b811b664.php 第 80 行.
NOTIC: [8] Use of undefined constant time_add - assumed 'time_add' E:\wamp\www\gaoli\app\Runtime\Cache\Home\67a95445aeeddc7c094f6af5b811b664.php 第 77 行.
NOTIC: [8] Use of undefined constant id - assumed 'id' E:\wamp\www\gaoli\app\Runtime\Cache\Home\67a95445aeeddc7c094f6af5b811b664.php 第 79 行.
NOTIC: [8] Use of undefined constant id - assumed 'id' E:\wamp\www\gaoli\app\Runtime\Cache\Home\67a95445aeeddc7c094f6af5b811b664.php 第 80 行.
INFO: Run ParseTemplate Behavior [ RunTime:0.027007s ]
INFO: [ view_parse ] --END-- [ RunTime:0.027109s ]
INFO: [ view_filter ] --START--
INFO: Run ContentReplace Behavior [ RunTime:0.001187s ]
INFO: Run TokenBuild Behavior [ RunTime:0.002977s ]
INFO: Run WriteHtmlCache Behavior [ RunTime:0.000818s ]
INFO: Run ShowRuntime Behavior [ RunTime:0.002298s ]
INFO: [ view_filter ] --END-- [ RunTime:0.007611s ]
INFO: [ view_end ] --START--
INFO: Run ShowPageTrace Behavior [ RunTime:0.002389s ]
INFO: [ view_end ] --END-- [ RunTime:0.002488s ]

[ 2014-07-17T17:17:58+08:00 ] 127.0.0.1 /gaoli/index.php?g=Home&m=Message&a=ls&p=2
NOTIC: [8] Use of undefined constant DEFAULT_THEME - assumed 'DEFAULT_THEME' E:\wamp\www\gaoli\app\Conf\Home\config.php 第 8 行.
INFO: [ app_begin ] --START--
INFO: Run ReadHtmlCache Behavior [ RunTime:0.007870s ]
INFO: [ app_begin ] --END-- [ RunTime:0.008040s ]
NOTIC: [8] Undefined variable: search E:\wamp\www\gaoli\app\Lib\Action\Home\MessageAction.class.php 第 35 行.
SQL: SHOW COLUMNS FROM `0509_message` [ RunTime:0.021653s ]
SQL: SELECT COUNT(*) AS tp_count FROM `0509_message` LIMIT 1   [ RunTime:0.001399s ]
SQL: SELECT * FROM `0509_message` ORDER BY id desc LIMIT 5,5   [ RunTime:0.001091s ]
INFO: [ view_template ] --START--
INFO: Run LocationTemplate Behavior [ RunTime:0.011185s ]
INFO: [ view_template ] --END-- [ RunTime:0.011384s ]
INFO: [ view_parse ] --START--
NOTIC: [8] Use of undefined constant time_add - assumed 'time_add' E:\wamp\www\gaoli\app\Runtime\Cache\Home\67a95445aeeddc7c094f6af5b811b664.php 第 77 行.
NOTIC: [8] Use of undefined constant id - assumed 'id' E:\wamp\www\gaoli\app\Runtime\Cache\Home\67a95445aeeddc7c094f6af5b811b664.php 第 79 行.
NOTIC: [8] Use of undefined constant id - assumed 'id' E:\wamp\www\gaoli\app\Runtime\Cache\Home\67a95445aeeddc7c094f6af5b811b664.php 第 80 行.
INFO: Run ParseTemplate Behavior [ RunTime:0.024948s ]
INFO: [ view_parse ] --END-- [ RunTime:0.025058s ]
INFO: [ view_filter ] --START--
INFO: Run ContentReplace Behavior [ RunTime:0.001212s ]
INFO: Run TokenBuild Behavior [ RunTime:0.008193s ]
INFO: Run WriteHtmlCache Behavior [ RunTime:0.001174s ]
INFO: Run ShowRuntime Behavior [ RunTime:0.003633s ]
INFO: [ view_filter ] --END-- [ RunTime:0.014573s ]
INFO: [ view_end ] --START--
INFO: Run ShowPageTrace Behavior [ RunTime:0.002064s ]
INFO: [ view_end ] --END-- [ RunTime:0.002167s ]

[ 2014-07-17T17:18:02+08:00 ] 127.0.0.1 /gaoli/index.php?g=Home&m=Message&a=ls
NOTIC: [8] Use of undefined constant DEFAULT_THEME - assumed 'DEFAULT_THEME' E:\wamp\www\gaoli\app\Conf\Home\config.php 第 8 行.
INFO: [ app_begin ] --START--
INFO: Run ReadHtmlCache Behavior [ RunTime:0.001811s ]
INFO: [ app_begin ] --END-- [ RunTime:0.002008s ]
SQL: SHOW COLUMNS FROM `0509_message` [ RunTime:0.008146s ]
SQL: SELECT COUNT(*) AS tp_count FROM `0509_message` LIMIT 1   [ RunTime:0.001226s ]
SQL: SELECT * FROM `0509_message` WHERE ( (`username` LIKE '%m%') OR (`usertel` LIKE '%m%') ) ORDER BY id desc LIMIT 0,5   [ RunTime:0.029063s ]
INFO: [ view_template ] --START--
INFO: Run LocationTemplate Behavior [ RunTime:0.003554s ]
INFO: [ view_template ] --END-- [ RunTime:0.003670s ]
INFO: [ view_parse ] --START--
NOTIC: [8] Use of undefined constant time_add - assumed 'time_add' E:\wamp\www\gaoli\app\Runtime\Cache\Home\67a95445aeeddc7c094f6af5b811b664.php 第 77 行.
NOTIC: [8] Use of undefined constant id - assumed 'id' E:\wamp\www\gaoli\app\Runtime\Cache\Home\67a95445aeeddc7c094f6af5b811b664.php 第 79 行.
NOTIC: [8] Use of undefined constant id - assumed 'id' E:\wamp\www\gaoli\app\Runtime\Cache\Home\67a95445aeeddc7c094f6af5b811b664.php 第 80 行.
INFO: Run ParseTemplate Behavior [ RunTime:0.018563s ]
INFO: [ view_parse ] --END-- [ RunTime:0.018646s ]
INFO: [ view_filter ] --START--
INFO: Run ContentReplace Behavior [ RunTime:0.001467s ]
INFO: Run TokenBuild Behavior [ RunTime:0.002228s ]
INFO: Run WriteHtmlCache Behavior [ RunTime:0.000732s ]
INFO: Run ShowRuntime Behavior [ RunTime:0.001613s ]
INFO: [ view_filter ] --END-- [ RunTime:0.006405s ]
INFO: [ view_end ] --START--
INFO: Run ShowPageTrace Behavior [ RunTime:0.002761s ]
INFO: [ view_end ] --END-- [ RunTime:0.002867s ]

[ 2014-07-17T17:18:06+08:00 ] 127.0.0.1 /gaoli/index.php?g=Home&m=Message&a=ls
NOTIC: [8] Use of undefined constant DEFAULT_THEME - assumed 'DEFAULT_THEME' E:\wamp\www\gaoli\app\Conf\Home\config.php 第 8 行.
INFO: [ app_begin ] --START--
INFO: Run ReadHtmlCache Behavior [ RunTime:0.001334s ]
INFO: [ app_begin ] --END-- [ RunTime:0.001469s ]
SQL: SHOW COLUMNS FROM `0509_message` [ RunTime:0.005425s ]
SQL: SELECT COUNT(*) AS tp_count FROM `0509_message` LIMIT 1   [ RunTime:0.002481s ]
SQL: SELECT * FROM `0509_message` WHERE ( (`username` LIKE '%m%') OR (`usertel` LIKE '%m%') ) ORDER BY id desc LIMIT 0,5   [ RunTime:0.001054s ]
INFO: [ view_template ] --START--
INFO: Run LocationTemplate Behavior [ RunTime:0.004439s ]
INFO: [ view_template ] --END-- [ RunTime:0.004561s ]
INFO: [ view_parse ] --START--
NOTIC: [8] Use of undefined constant time_add - assumed 'time_add' E:\wamp\www\gaoli\app\Runtime\Cache\Home\67a95445aeeddc7c094f6af5b811b664.php 第 77 行.
NOTIC: [8] Use of undefined constant id - assumed 'id' E:\wamp\www\gaoli\app\Runtime\Cache\Home\67a95445aeeddc7c094f6af5b811b664.php 第 79 行.
NOTIC: [8] Use of undefined constant id - assumed 'id' E:\wamp\www\gaoli\app\Runtime\Cache\Home\67a95445aeeddc7c094f6af5b811b664.php 第 80 行.
INFO: Run ParseTemplate Behavior [ RunTime:0.035941s ]
INFO: [ view_parse ] --END-- [ RunTime:0.036033s ]
INFO: [ view_filter ] --START--
INFO: Run ContentReplace Behavior [ RunTime:0.000985s ]
INFO: Run TokenBuild Behavior [ RunTime:0.001787s ]
INFO: Run WriteHtmlCache Behavior [ RunTime:0.000786s ]
INFO: Run ShowRuntime Behavior [ RunTime:0.001821s ]
INFO: [ view_filter ] --END-- [ RunTime:0.005686s ]
INFO: [ view_end ] --START--
INFO: Run ShowPageTrace Behavior [ RunTime:0.003055s ]
INFO: [ view_end ] --END-- [ RunTime:0.003148s ]

[ 2014-07-17T17:18:11+08:00 ] 127.0.0.1 /gaoli/index.php?g=Home&m=Message&a=ls
NOTIC: [8] Use of undefined constant DEFAULT_THEME - assumed 'DEFAULT_THEME' E:\wamp\www\gaoli\app\Conf\Home\config.php 第 8 行.
INFO: [ app_begin ] --START--
INFO: Run ReadHtmlCache Behavior [ RunTime:0.000904s ]
INFO: [ app_begin ] --END-- [ RunTime:0.001008s ]
SQL: SHOW COLUMNS FROM `0509_message` [ RunTime:0.006024s ]
SQL: SELECT COUNT(*) AS tp_count FROM `0509_message` LIMIT 1   [ RunTime:0.002456s ]
SQL: SELECT * FROM `0509_message` WHERE ( (`username` LIKE '%mmm%') OR (`usertel` LIKE '%mmm%') ) ORDER BY id desc LIMIT 0,5   [ RunTime:0.000729s ]
INFO: [ view_template ] --START--
INFO: Run LocationTemplate Behavior [ RunTime:0.002677s ]
INFO: [ view_template ] --END-- [ RunTime:0.002786s ]
INFO: [ view_parse ] --START--
INFO: Run ParseTemplate Behavior [ RunTime:0.020024s ]
INFO: [ view_parse ] --END-- [ RunTime:0.020214s ]
INFO: [ view_filter ] --START--
INFO: Run ContentReplace Behavior [ RunTime:0.001780s ]
INFO: Run TokenBuild Behavior [ RunTime:0.003345s ]
INFO: Run WriteHtmlCache Behavior [ RunTime:0.000864s ]
INFO: Run ShowRuntime Behavior [ RunTime:0.002535s ]
INFO: [ view_filter ] --END-- [ RunTime:0.008969s ]
INFO: [ view_end ] --START--
INFO: Run ShowPageTrace Behavior [ RunTime:0.003049s ]
INFO: [ view_end ] --END-- [ RunTime:0.003172s ]

[ 2014-07-17T17:18:15+08:00 ] 127.0.0.1 /gaoli/index.php?g=Home&m=Message&a=ls
NOTIC: [8] Use of undefined constant DEFAULT_THEME - assumed 'DEFAULT_THEME' E:\wamp\www\gaoli\app\Conf\Home\config.php 第 8 行.
INFO: [ app_begin ] --START--
INFO: Run ReadHtmlCache Behavior [ RunTime:0.001135s ]
INFO: [ app_begin ] --END-- [ RunTime:0.001267s ]
SQL: SHOW COLUMNS FROM `0509_message` [ RunTime:0.014978s ]
SQL: SELECT COUNT(*) AS tp_count FROM `0509_message` LIMIT 1   [ RunTime:0.002400s ]
SQL: SELECT * FROM `0509_message` WHERE ( (`username` LIKE '%s%') OR (`usertel` LIKE '%s%') ) ORDER BY id desc LIMIT 0,5   [ RunTime:0.000831s ]
INFO: [ view_template ] --START--
INFO: Run LocationTemplate Behavior [ RunTime:0.003100s ]
INFO: [ view_template ] --END-- [ RunTime:0.003215s ]
INFO: [ view_parse ] --START--
NOTIC: [8] Use of undefined constant time_add - assumed 'time_add' E:\wamp\www\gaoli\app\Runtime\Cache\Home\67a95445aeeddc7c094f6af5b811b664.php 第 77 行.
NOTIC: [8] Use of undefined constant id - assumed 'id' E:\wamp\www\gaoli\app\Runtime\Cache\Home\67a95445aeeddc7c094f6af5b811b664.php 第 79 行.
NOTIC: [8] Use of undefined constant id - assumed 'id' E:\wamp\www\gaoli\app\Runtime\Cache\Home\67a95445aeeddc7c094f6af5b811b664.php 第 80 行.
NOTIC: [8] Use of undefined constant time_add - assumed 'time_add' E:\wamp\www\gaoli\app\Runtime\Cache\Home\67a95445aeeddc7c094f6af5b811b664.php 第 77 行.
NOTIC: [8] Use of undefined constant id - assumed 'id' E:\wamp\www\gaoli\app\Runtime\Cache\Home\67a95445aeeddc7c094f6af5b811b664.php 第 79 行.
NOTIC: [8] Use of undefined constant id - assumed 'id' E:\wamp\www\gaoli\app\Runtime\Cache\Home\67a95445aeeddc7c094f6af5b811b664.php 第 80 行.
NOTIC: [8] Use of undefined constant time_add - assumed 'time_add' E:\wamp\www\gaoli\app\Runtime\Cache\Home\67a95445aeeddc7c094f6af5b811b664.php 第 77 行.
NOTIC: [8] Use of undefined constant id - assumed 'id' E:\wamp\www\gaoli\app\Runtime\Cache\Home\67a95445aeeddc7c094f6af5b811b664.php 第 79 行.
NOTIC: [8] Use of undefined constant id - assumed 'id' E:\wamp\www\gaoli\app\Runtime\Cache\Home\67a95445aeeddc7c094f6af5b811b664.php 第 80 行.
NOTIC: [8] Use of undefined constant time_add - assumed 'time_add' E:\wamp\www\gaoli\app\Runtime\Cache\Home\67a95445aeeddc7c094f6af5b811b664.php 第 77 行.
NOTIC: [8] Use of undefined constant id - assumed 'id' E:\wamp\www\gaoli\app\Runtime\Cache\Home\67a95445aeeddc7c094f6af5b811b664.php 第 79 行.
NOTIC: [8] Use of undefined constant id - assumed 'id' E:\wamp\www\gaoli\app\Runtime\Cache\Home\67a95445aeeddc7c094f6af5b811b664.php 第 80 行.
NOTIC: [8] Use of undefined constant time_add - assumed 'time_add' E:\wamp\www\gaoli\app\Runtime\Cache\Home\67a95445aeeddc7c094f6af5b811b664.php 第 77 行.
NOTIC: [8] Use of undefined constant id - assumed 'id' E:\wamp\www\gaoli\app\Runtime\Cache\Home\67a95445aeeddc7c094f6af5b811b664.php 第 79 行.
NOTIC: [8] Use of undefined constant id - assumed 'id' E:\wamp\www\gaoli\app\Runtime\Cache\Home\67a95445aeeddc7c094f6af5b811b664.php 第 80 行.
INFO: Run ParseTemplate Behavior [ RunTime:0.018514s ]
INFO: [ view_parse ] --END-- [ RunTime:0.018613s ]
INFO: [ view_filter ] --START--
INFO: Run ContentReplace Behavior [ RunTime:0.021006s ]
INFO: Run TokenBuild Behavior [ RunTime:0.001686s ]
INFO: Run WriteHtmlCache Behavior [ RunTime:0.000704s ]
INFO: Run ShowRuntime Behavior [ RunTime:0.001476s ]
INFO: [ view_filter ] --END-- [ RunTime:0.025183s ]
INFO: [ view_end ] --START--
INFO: Run ShowPageTrace Behavior [ RunTime:0.001680s ]
INFO: [ view_end ] --END-- [ RunTime:0.001794s ]

[ 2014-07-17T17:31:48+08:00 ] 127.0.0.1 /gaoli/index.php?g=Home&m=Message&a=ls&search=s&p=2
NOTIC: [8] Use of undefined constant DEFAULT_THEME - assumed 'DEFAULT_THEME' E:\wamp\www\gaoli\app\Conf\Home\config.php 第 8 行.
INFO: [ app_begin ] --START--
INFO: Run ReadHtmlCache Behavior [ RunTime:0.002653s ]
INFO: [ app_begin ] --END-- [ RunTime:0.002795s ]
NOTIC: [8] Undefined variable: search E:\wamp\www\gaoli\app\Lib\Action\Home\MessageAction.class.php 第 35 行.
SQL: SHOW COLUMNS FROM `0509_message` [ RunTime:0.010414s ]
SQL: SELECT COUNT(*) AS tp_count FROM `0509_message` LIMIT 1   [ RunTime:0.000815s ]
SQL: SELECT * FROM `0509_message` ORDER BY id desc LIMIT 5,5   [ RunTime:0.000813s ]
INFO: [ view_template ] --START--
INFO: Run LocationTemplate Behavior [ RunTime:0.006485s ]
INFO: [ view_template ] --END-- [ RunTime:0.006665s ]
INFO: [ view_parse ] --START--
NOTIC: [8] Use of undefined constant time_add - assumed 'time_add' E:\wamp\www\gaoli\app\Runtime\Cache\Home\67a95445aeeddc7c094f6af5b811b664.php 第 77 行.
NOTIC: [8] Use of undefined constant id - assumed 'id' E:\wamp\www\gaoli\app\Runtime\Cache\Home\67a95445aeeddc7c094f6af5b811b664.php 第 79 行.
NOTIC: [8] Use of undefined constant id - assumed 'id' E:\wamp\www\gaoli\app\Runtime\Cache\Home\67a95445aeeddc7c094f6af5b811b664.php 第 80 行.
INFO: Run ParseTemplate Behavior [ RunTime:0.032215s ]
INFO: [ view_parse ] --END-- [ RunTime:0.032322s ]
INFO: [ view_filter ] --START--
INFO: Run ContentReplace Behavior [ RunTime:0.002578s ]
INFO: Run TokenBuild Behavior [ RunTime:0.003571s ]
INFO: Run WriteHtmlCache Behavior [ RunTime:0.001972s ]
INFO: Run ShowRuntime Behavior [ RunTime:0.003257s ]
INFO: [ view_filter ] --END-- [ RunTime:0.011973s ]
INFO: [ view_end ] --START--
INFO: Run ShowPageTrace Behavior [ RunTime:0.002398s ]
INFO: [ view_end ] --END-- [ RunTime:0.002508s ]

[ 2014-07-17T17:32:18+08:00 ] 127.0.0.1 /gaoli/index.php?g=Home&m=PowerPoint&a=ls
NOTIC: [8] Use of undefined constant DEFAULT_THEME - assumed 'DEFAULT_THEME' E:\wamp\www\gaoli\app\Conf\Home\config.php 第 8 行.
INFO: [ app_begin ] --START--
INFO: Run ReadHtmlCache Behavior [ RunTime:0.005847s ]
INFO: [ app_begin ] --END-- [ RunTime:0.006098s ]
SQL: SHOW COLUMNS FROM `0509_powerpoint` [ RunTime:0.016159s ]
SQL: SELECT * FROM `0509_powerpoint`  [ RunTime:0.002338s ]
INFO: [ view_template ] --START--
INFO: Run LocationTemplate Behavior [ RunTime:0.004543s ]
INFO: [ view_template ] --END-- [ RunTime:0.004684s ]
INFO: [ view_parse ] --START--
NOTIC: [8] Use of undefined constant time_modify - assumed 'time_modify' E:\wamp\www\gaoli\app\Runtime\Cache\Home\9914993dded0521c31edc589c97dd790.php 第 67 行.
NOTIC: [8] Use of undefined constant id - assumed 'id' E:\wamp\www\gaoli\app\Runtime\Cache\Home\9914993dded0521c31edc589c97dd790.php 第 68 行.
NOTIC: [8] Use of undefined constant id - assumed 'id' E:\wamp\www\gaoli\app\Runtime\Cache\Home\9914993dded0521c31edc589c97dd790.php 第 69 行.
INFO: Run ParseTemplate Behavior [ RunTime:0.053590s ]
INFO: [ view_parse ] --END-- [ RunTime:0.053703s ]
INFO: [ view_filter ] --START--
INFO: Run ContentReplace Behavior [ RunTime:0.000945s ]
INFO: Run TokenBuild Behavior [ RunTime:0.004508s ]
INFO: Run WriteHtmlCache Behavior [ RunTime:0.000831s ]
INFO: Run ShowRuntime Behavior [ RunTime:0.001537s ]
INFO: [ view_filter ] --END-- [ RunTime:0.008136s ]
INFO: [ view_end ] --START--
INFO: Run ShowPageTrace Behavior [ RunTime:0.001129s ]
INFO: [ view_end ] --END-- [ RunTime:0.001238s ]

