[ 2014-07-18T11:27:19+08:00 ] ERR: (ThinkException) 模板不存在[./app/Tpl/Mobile/Gaoli/index.html]
[ 2014-07-18T11:27:27+08:00 ] 127.0.0.1 /gaoli/index.php?g=Home&m=Public&a=login
NOTIC: [8] Use of undefined constant DEFAULT_THEME - assumed 'DEFAULT_THEME' E:\wamp\www\gaoli\app\Conf\Home\config.php 第 8 行.
INFO: [ app_begin ] --START--
INFO: Run ReadHtmlCache Behavior [ RunTime:0.001502s ]
INFO: [ app_begin ] --END-- [ RunTime:0.001682s ]
INFO: [ view_template ] --START--
INFO: Run LocationTemplate Behavior [ RunTime:0.008000s ]
INFO: [ view_template ] --END-- [ RunTime:0.008134s ]
INFO: [ view_parse ] --START--
INFO: Run ParseTemplate Behavior [ RunTime:0.154038s ]
INFO: [ view_parse ] --END-- [ RunTime:0.154147s ]
INFO: [ view_filter ] --START--
INFO: Run ContentReplace Behavior [ RunTime:0.003558s ]
INFO: Run TokenBuild Behavior [ RunTime:0.003441s ]
INFO: Run WriteHtmlCache Behavior [ RunTime:0.006650s ]
INFO: Run ShowRuntime Behavior [ RunTime:0.005005s ]
INFO: [ view_filter ] --END-- [ RunTime:0.018994s ]
INFO: [ view_end ] --START--
INFO: Run ShowPageTrace Behavior [ RunTime:0.005840s ]
INFO: [ view_end ] --END-- [ RunTime:0.005998s ]

[ 2014-07-18T11:58:16+08:00 ] 127.0.0.1 /gaoli/index.php?g=Home&m=Public&a=doLogin
NOTIC: [8] Use of undefined constant DEFAULT_THEME - assumed 'DEFAULT_THEME' E:\wamp\www\gaoli\app\Conf\Home\config.php 第 8 行.
INFO: [ app_begin ] --START--
INFO: Run ReadHtmlCache Behavior [ RunTime:0.010998s ]
INFO: [ app_begin ] --END-- [ RunTime:0.011216s ]
SQL: SHOW COLUMNS FROM `0509_user` [ RunTime:0.011096s ]
SQL: SELECT * FROM `0509_user` WHERE ( name='s' AND password='e10adc3949ba59abbe56e057f20f883e' ) LIMIT 1   [ RunTime:0.004493s ]
INFO: [ view_template ] --START--
INFO: Run LocationTemplate Behavior [ RunTime:0.010959s ]
INFO: [ view_template ] --END-- [ RunTime:0.011141s ]
INFO: [ view_parse ] --START--
INFO: Run ParseTemplate Behavior [ RunTime:0.073240s ]
INFO: [ view_parse ] --END-- [ RunTime:0.073372s ]
INFO: [ view_filter ] --START--
INFO: Run ContentReplace Behavior [ RunTime:0.005763s ]
INFO: Run TokenBuild Behavior [ RunTime:0.004230s ]
INFO: Run WriteHtmlCache Behavior [ RunTime:0.004724s ]
INFO: Run ShowRuntime Behavior [ RunTime:0.005155s ]
INFO: [ view_filter ] --END-- [ RunTime:0.020223s ]
INFO: [ view_end ] --START--
INFO: Run ShowPageTrace Behavior [ RunTime:0.005474s ]
INFO: [ view_end ] --END-- [ RunTime:0.005630s ]

[ 2014-07-18T11:58:17+08:00 ] 127.0.0.1 /gaoli/index.php?g=Home&m=Index&a=index
NOTIC: [8] Use of undefined constant DEFAULT_THEME - assumed 'DEFAULT_THEME' E:\wamp\www\gaoli\app\Conf\Home\config.php 第 8 行.
INFO: [ app_begin ] --START--
INFO: Run ReadHtmlCache Behavior [ RunTime:0.003791s ]
INFO: [ app_begin ] --END-- [ RunTime:0.003943s ]

