[ 2014-07-19T11:04:42+08:00 ] ERR: (ThinkException) 模板不存在[./app/Tpl/Mobile/Gaoli/index.html]
[ 2014-07-19T11:04:49+08:00 ] 127.0.0.1 /gaoli/index.php?g=Home&m=Public&a=login
NOTIC: [8] Use of undefined constant DEFAULT_THEME - assumed 'DEFAULT_THEME' E:\wamp\www\gaoli\app\Conf\Home\config.php 第 8 行.
INFO: [ app_begin ] --START--
INFO: Run ReadHtmlCache Behavior [ RunTime:0.001258s ]
INFO: [ app_begin ] --END-- [ RunTime:0.001388s ]
INFO: [ view_template ] --START--
INFO: Run LocationTemplate Behavior [ RunTime:0.004746s ]
INFO: [ view_template ] --END-- [ RunTime:0.004941s ]
INFO: [ view_parse ] --START--
INFO: Run ParseTemplate Behavior [ RunTime:0.215218s ]
INFO: [ view_parse ] --END-- [ RunTime:0.215332s ]
INFO: [ view_filter ] --START--
INFO: Run ContentReplace Behavior [ RunTime:0.002309s ]
INFO: Run TokenBuild Behavior [ RunTime:0.001962s ]
INFO: Run WriteHtmlCache Behavior [ RunTime:0.001757s ]
INFO: Run ShowRuntime Behavior [ RunTime:0.001927s ]
INFO: [ view_filter ] --END-- [ RunTime:0.008258s ]
INFO: [ view_end ] --START--
INFO: Run ShowPageTrace Behavior [ RunTime:0.002529s ]
INFO: [ view_end ] --END-- [ RunTime:0.002633s ]

[ 2014-07-19T11:04:59+08:00 ] 127.0.0.1 /gaoli/index.php?g=Home&m=Public&a=doLogin
NOTIC: [8] Use of undefined constant DEFAULT_THEME - assumed 'DEFAULT_THEME' E:\wamp\www\gaoli\app\Conf\Home\config.php 第 8 行.
INFO: [ app_begin ] --START--
INFO: Run ReadHtmlCache Behavior [ RunTime:0.001109s ]
INFO: [ app_begin ] --END-- [ RunTime:0.001228s ]
SQL: SHOW COLUMNS FROM `0509_user` [ RunTime:0.017883s ]
SQL: SELECT * FROM `0509_user` WHERE ( name='s' AND password='e10adc3949ba59abbe56e057f20f883e' ) LIMIT 1   [ RunTime:0.003269s ]
INFO: [ view_template ] --START--
INFO: Run LocationTemplate Behavior [ RunTime:0.000930s ]
INFO: [ view_template ] --END-- [ RunTime:0.001018s ]
INFO: [ view_parse ] --START--
INFO: Run ParseTemplate Behavior [ RunTime:0.010824s ]
INFO: [ view_parse ] --END-- [ RunTime:0.010940s ]
INFO: [ view_filter ] --START--
INFO: Run ContentReplace Behavior [ RunTime:0.000830s ]
INFO: Run TokenBuild Behavior [ RunTime:0.001070s ]
INFO: Run WriteHtmlCache Behavior [ RunTime:0.000784s ]
INFO: Run ShowRuntime Behavior [ RunTime:0.001070s ]
INFO: [ view_filter ] --END-- [ RunTime:0.004047s ]
INFO: [ view_end ] --START--
INFO: Run ShowPageTrace Behavior [ RunTime:0.001671s ]
INFO: [ view_end ] --END-- [ RunTime:0.001807s ]

[ 2014-07-19T11:05:00+08:00 ] 127.0.0.1 /gaoli/index.php?g=Home&m=Index&a=index
NOTIC: [8] Use of undefined constant DEFAULT_THEME - assumed 'DEFAULT_THEME' E:\wamp\www\gaoli\app\Conf\Home\config.php 第 8 行.
INFO: [ app_begin ] --START--
INFO: Run ReadHtmlCache Behavior [ RunTime:0.001440s ]
INFO: [ app_begin ] --END-- [ RunTime:0.001612s ]

[ 2014-07-19T11:05:16+08:00 ] 127.0.0.1 /gaoli/index.php?g=Home&m=Article&a=ls
NOTIC: [8] Use of undefined constant DEFAULT_THEME - assumed 'DEFAULT_THEME' E:\wamp\www\gaoli\app\Conf\Home\config.php 第 8 行.
INFO: [ app_begin ] --START--
INFO: Run ReadHtmlCache Behavior [ RunTime:0.001982s ]
INFO: [ app_begin ] --END-- [ RunTime:0.002121s ]
NOTIC: [8] Undefined variable: search E:\wamp\www\gaoli\app\Lib\Action\Home\ArticleAction.class.php 第 60 行.
SQL: SHOW COLUMNS FROM `0509_article` [ RunTime:0.019089s ]
SQL: SELECT COUNT(*) AS tp_count FROM `0509_article` WHERE ( `pid` = '0' ) LIMIT 1   [ RunTime:0.055255s ]
SQL: SELECT * FROM `0509_article` WHERE ( `pid` = '0' ) ORDER BY id desc LIMIT 0,5   [ RunTime:0.006486s ]
INFO: [ view_template ] --START--
INFO: Run LocationTemplate Behavior [ RunTime:0.002651s ]
INFO: [ view_template ] --END-- [ RunTime:0.002771s ]
INFO: [ view_parse ] --START--
NOTIC: [8] Use of undefined constant time_modify - assumed 'time_modify' E:\wamp\www\gaoli\app\Runtime\Cache\Home\e3c0c2aaba2f60a116fcd09235d2788a.php 第 82 行.
NOTIC: [8] Use of undefined constant id - assumed 'id' E:\wamp\www\gaoli\app\Runtime\Cache\Home\e3c0c2aaba2f60a116fcd09235d2788a.php 第 84 行.
NOTIC: [8] Use of undefined constant id - assumed 'id' E:\wamp\www\gaoli\app\Runtime\Cache\Home\e3c0c2aaba2f60a116fcd09235d2788a.php 第 85 行.
NOTIC: [8] Use of undefined constant id - assumed 'id' E:\wamp\www\gaoli\app\Runtime\Cache\Home\e3c0c2aaba2f60a116fcd09235d2788a.php 第 86 行.
NOTIC: [8] Use of undefined constant time_modify - assumed 'time_modify' E:\wamp\www\gaoli\app\Runtime\Cache\Home\e3c0c2aaba2f60a116fcd09235d2788a.php 第 82 行.
NOTIC: [8] Use of undefined constant id - assumed 'id' E:\wamp\www\gaoli\app\Runtime\Cache\Home\e3c0c2aaba2f60a116fcd09235d2788a.php 第 84 行.
NOTIC: [8] Use of undefined constant id - assumed 'id' E:\wamp\www\gaoli\app\Runtime\Cache\Home\e3c0c2aaba2f60a116fcd09235d2788a.php 第 85 行.
NOTIC: [8] Use of undefined constant id - assumed 'id' E:\wamp\www\gaoli\app\Runtime\Cache\Home\e3c0c2aaba2f60a116fcd09235d2788a.php 第 86 行.
NOTIC: [8] Use of undefined constant time_modify - assumed 'time_modify' E:\wamp\www\gaoli\app\Runtime\Cache\Home\e3c0c2aaba2f60a116fcd09235d2788a.php 第 82 行.
NOTIC: [8] Use of undefined constant id - assumed 'id' E:\wamp\www\gaoli\app\Runtime\Cache\Home\e3c0c2aaba2f60a116fcd09235d2788a.php 第 84 行.
NOTIC: [8] Use of undefined constant id - assumed 'id' E:\wamp\www\gaoli\app\Runtime\Cache\Home\e3c0c2aaba2f60a116fcd09235d2788a.php 第 85 行.
NOTIC: [8] Use of undefined constant id - assumed 'id' E:\wamp\www\gaoli\app\Runtime\Cache\Home\e3c0c2aaba2f60a116fcd09235d2788a.php 第 86 行.
NOTIC: [8] Use of undefined constant time_modify - assumed 'time_modify' E:\wamp\www\gaoli\app\Runtime\Cache\Home\e3c0c2aaba2f60a116fcd09235d2788a.php 第 82 行.
NOTIC: [8] Use of undefined constant id - assumed 'id' E:\wamp\www\gaoli\app\Runtime\Cache\Home\e3c0c2aaba2f60a116fcd09235d2788a.php 第 84 行.
NOTIC: [8] Use of undefined constant id - assumed 'id' E:\wamp\www\gaoli\app\Runtime\Cache\Home\e3c0c2aaba2f60a116fcd09235d2788a.php 第 85 行.
NOTIC: [8] Use of undefined constant id - assumed 'id' E:\wamp\www\gaoli\app\Runtime\Cache\Home\e3c0c2aaba2f60a116fcd09235d2788a.php 第 86 行.
NOTIC: [8] Use of undefined constant time_modify - assumed 'time_modify' E:\wamp\www\gaoli\app\Runtime\Cache\Home\e3c0c2aaba2f60a116fcd09235d2788a.php 第 82 行.
NOTIC: [8] Use of undefined constant id - assumed 'id' E:\wamp\www\gaoli\app\Runtime\Cache\Home\e3c0c2aaba2f60a116fcd09235d2788a.php 第 84 行.
NOTIC: [8] Use of undefined constant id - assumed 'id' E:\wamp\www\gaoli\app\Runtime\Cache\Home\e3c0c2aaba2f60a116fcd09235d2788a.php 第 85 行.
NOTIC: [8] Use of undefined constant id - assumed 'id' E:\wamp\www\gaoli\app\Runtime\Cache\Home\e3c0c2aaba2f60a116fcd09235d2788a.php 第 86 行.
INFO: Run ParseTemplate Behavior [ RunTime:0.044432s ]
INFO: [ view_parse ] --END-- [ RunTime:0.044541s ]
INFO: [ view_filter ] --START--
INFO: Run ContentReplace Behavior [ RunTime:0.001052s ]
INFO: Run TokenBuild Behavior [ RunTime:0.001742s ]
INFO: Run WriteHtmlCache Behavior [ RunTime:0.000807s ]
INFO: Run ShowRuntime Behavior [ RunTime:0.000998s ]
INFO: [ view_filter ] --END-- [ RunTime:0.004973s ]
INFO: [ view_end ] --START--
INFO: Run ShowPageTrace Behavior [ RunTime:0.001153s ]
INFO: [ view_end ] --END-- [ RunTime:0.001271s ]

[ 2014-07-19T11:05:17+08:00 ] 127.0.0.1 /gaoli/index.php?g=Home&m=Tpl&a=ls
NOTIC: [8] Use of undefined constant DEFAULT_THEME - assumed 'DEFAULT_THEME' E:\wamp\www\gaoli\app\Conf\Home\config.php 第 8 行.
INFO: [ app_begin ] --START--
INFO: Run ReadHtmlCache Behavior [ RunTime:0.001000s ]
INFO: [ app_begin ] --END-- [ RunTime:0.001115s ]
SQL: SHOW COLUMNS FROM `0509_tpl` [ RunTime:0.033493s ]
SQL: SELECT * FROM `0509_tpl`  [ RunTime:0.003416s ]
INFO: [ view_template ] --START--
INFO: Run LocationTemplate Behavior [ RunTime:0.003511s ]
INFO: [ view_template ] --END-- [ RunTime:0.003632s ]
INFO: [ view_parse ] --START--
NOTIC: [8] Use of undefined constant id - assumed 'id' E:\wamp\www\gaoli\app\Runtime\Cache\Home\b823302222d7c3f2a488cbde05769501.php 第 71 行.
NOTIC: [8] Use of undefined constant id - assumed 'id' E:\wamp\www\gaoli\app\Runtime\Cache\Home\b823302222d7c3f2a488cbde05769501.php 第 72 行.
NOTIC: [8] Use of undefined constant id - assumed 'id' E:\wamp\www\gaoli\app\Runtime\Cache\Home\b823302222d7c3f2a488cbde05769501.php 第 71 行.
NOTIC: [8] Use of undefined constant id - assumed 'id' E:\wamp\www\gaoli\app\Runtime\Cache\Home\b823302222d7c3f2a488cbde05769501.php 第 72 行.
INFO: Run ParseTemplate Behavior [ RunTime:0.039443s ]
INFO: [ view_parse ] --END-- [ RunTime:0.039522s ]
INFO: [ view_filter ] --START--
INFO: Run ContentReplace Behavior [ RunTime:0.000832s ]
INFO: Run TokenBuild Behavior [ RunTime:0.000814s ]
INFO: Run WriteHtmlCache Behavior [ RunTime:0.000638s ]
INFO: Run ShowRuntime Behavior [ RunTime:0.000855s ]
INFO: [ view_filter ] --END-- [ RunTime:0.003394s ]
INFO: [ view_end ] --START--
INFO: Run ShowPageTrace Behavior [ RunTime:0.001034s ]
INFO: [ view_end ] --END-- [ RunTime:0.001117s ]

[ 2014-07-19T13:12:58+08:00 ] ERR: (ThinkException) 模板不存在[./app/Tpl/Mobile/Gaoli/index.html]
[ 2014-07-19T13:13:03+08:00 ] 127.0.0.1 /gaoli/index.php?g=Home
NOTIC: [8] Use of undefined constant DEFAULT_THEME - assumed 'DEFAULT_THEME' E:\wamp\www\gaoli\app\Conf\Home\config.php 第 8 行.
INFO: [ app_begin ] --START--
INFO: Run ReadHtmlCache Behavior [ RunTime:0.001585s ]
INFO: [ app_begin ] --END-- [ RunTime:0.001771s ]

[ 2014-07-19T13:13:07+08:00 ] 127.0.0.1 /gaoli/index.php?g=Home&m=Article&a=ls
NOTIC: [8] Use of undefined constant DEFAULT_THEME - assumed 'DEFAULT_THEME' E:\wamp\www\gaoli\app\Conf\Home\config.php 第 8 行.
INFO: [ app_begin ] --START--
INFO: Run ReadHtmlCache Behavior [ RunTime:0.000985s ]
INFO: [ app_begin ] --END-- [ RunTime:0.001090s ]
NOTIC: [8] Undefined variable: search E:\wamp\www\gaoli\app\Lib\Action\Home\ArticleAction.class.php 第 60 行.
SQL: SHOW COLUMNS FROM `0509_article` [ RunTime:0.013715s ]
SQL: SELECT COUNT(*) AS tp_count FROM `0509_article` WHERE ( `pid` = '0' ) LIMIT 1   [ RunTime:0.024489s ]
SQL: SELECT * FROM `0509_article` WHERE ( `pid` = '0' ) ORDER BY id desc LIMIT 0,5   [ RunTime:0.001115s ]
INFO: [ view_template ] --START--
INFO: Run LocationTemplate Behavior [ RunTime:0.002889s ]
INFO: [ view_template ] --END-- [ RunTime:0.003004s ]
INFO: [ view_parse ] --START--
NOTIC: [8] Use of undefined constant time_modify - assumed 'time_modify' E:\wamp\www\gaoli\app\Runtime\Cache\Home\e3c0c2aaba2f60a116fcd09235d2788a.php 第 82 行.
NOTIC: [8] Use of undefined constant id - assumed 'id' E:\wamp\www\gaoli\app\Runtime\Cache\Home\e3c0c2aaba2f60a116fcd09235d2788a.php 第 84 行.
NOTIC: [8] Use of undefined constant id - assumed 'id' E:\wamp\www\gaoli\app\Runtime\Cache\Home\e3c0c2aaba2f60a116fcd09235d2788a.php 第 85 行.
NOTIC: [8] Use of undefined constant id - assumed 'id' E:\wamp\www\gaoli\app\Runtime\Cache\Home\e3c0c2aaba2f60a116fcd09235d2788a.php 第 86 行.
NOTIC: [8] Use of undefined constant time_modify - assumed 'time_modify' E:\wamp\www\gaoli\app\Runtime\Cache\Home\e3c0c2aaba2f60a116fcd09235d2788a.php 第 82 行.
NOTIC: [8] Use of undefined constant id - assumed 'id' E:\wamp\www\gaoli\app\Runtime\Cache\Home\e3c0c2aaba2f60a116fcd09235d2788a.php 第 84 行.
NOTIC: [8] Use of undefined constant id - assumed 'id' E:\wamp\www\gaoli\app\Runtime\Cache\Home\e3c0c2aaba2f60a116fcd09235d2788a.php 第 85 行.
NOTIC: [8] Use of undefined constant id - assumed 'id' E:\wamp\www\gaoli\app\Runtime\Cache\Home\e3c0c2aaba2f60a116fcd09235d2788a.php 第 86 行.
NOTIC: [8] Use of undefined constant time_modify - assumed 'time_modify' E:\wamp\www\gaoli\app\Runtime\Cache\Home\e3c0c2aaba2f60a116fcd09235d2788a.php 第 82 行.
NOTIC: [8] Use of undefined constant id - assumed 'id' E:\wamp\www\gaoli\app\Runtime\Cache\Home\e3c0c2aaba2f60a116fcd09235d2788a.php 第 84 行.
NOTIC: [8] Use of undefined constant id - assumed 'id' E:\wamp\www\gaoli\app\Runtime\Cache\Home\e3c0c2aaba2f60a116fcd09235d2788a.php 第 85 行.
NOTIC: [8] Use of undefined constant id - assumed 'id' E:\wamp\www\gaoli\app\Runtime\Cache\Home\e3c0c2aaba2f60a116fcd09235d2788a.php 第 86 行.
NOTIC: [8] Use of undefined constant time_modify - assumed 'time_modify' E:\wamp\www\gaoli\app\Runtime\Cache\Home\e3c0c2aaba2f60a116fcd09235d2788a.php 第 82 行.
NOTIC: [8] Use of undefined constant id - assumed 'id' E:\wamp\www\gaoli\app\Runtime\Cache\Home\e3c0c2aaba2f60a116fcd09235d2788a.php 第 84 行.
NOTIC: [8] Use of undefined constant id - assumed 'id' E:\wamp\www\gaoli\app\Runtime\Cache\Home\e3c0c2aaba2f60a116fcd09235d2788a.php 第 85 行.
NOTIC: [8] Use of undefined constant id - assumed 'id' E:\wamp\www\gaoli\app\Runtime\Cache\Home\e3c0c2aaba2f60a116fcd09235d2788a.php 第 86 行.
NOTIC: [8] Use of undefined constant time_modify - assumed 'time_modify' E:\wamp\www\gaoli\app\Runtime\Cache\Home\e3c0c2aaba2f60a116fcd09235d2788a.php 第 82 行.
NOTIC: [8] Use of undefined constant id - assumed 'id' E:\wamp\www\gaoli\app\Runtime\Cache\Home\e3c0c2aaba2f60a116fcd09235d2788a.php 第 84 行.
NOTIC: [8] Use of undefined constant id - assumed 'id' E:\wamp\www\gaoli\app\Runtime\Cache\Home\e3c0c2aaba2f60a116fcd09235d2788a.php 第 85 行.
NOTIC: [8] Use of undefined constant id - assumed 'id' E:\wamp\www\gaoli\app\Runtime\Cache\Home\e3c0c2aaba2f60a116fcd09235d2788a.php 第 86 行.
INFO: Run ParseTemplate Behavior [ RunTime:0.030963s ]
INFO: [ view_parse ] --END-- [ RunTime:0.031068s ]
INFO: [ view_filter ] --START--
INFO: Run ContentReplace Behavior [ RunTime:0.001849s ]
INFO: Run TokenBuild Behavior [ RunTime:0.002909s ]
INFO: Run WriteHtmlCache Behavior [ RunTime:0.001938s ]
INFO: Run ShowRuntime Behavior [ RunTime:0.001866s ]
INFO: [ view_filter ] --END-- [ RunTime:0.008931s ]
INFO: [ view_end ] --START--
INFO: Run ShowPageTrace Behavior [ RunTime:0.003042s ]
INFO: [ view_end ] --END-- [ RunTime:0.003155s ]

[ 2014-07-19T13:52:06+08:00 ] 127.0.0.1 /gaoli/index.php?g=Home&m=Public&a=logout
NOTIC: [8] Use of undefined constant DEFAULT_THEME - assumed 'DEFAULT_THEME' E:\wamp\www\gaoli\app\Conf\Home\config.php 第 8 行.
INFO: [ app_begin ] --START--
INFO: Run ReadHtmlCache Behavior [ RunTime:0.003191s ]
INFO: [ app_begin ] --END-- [ RunTime:0.003307s ]
SQL: SHOW COLUMNS FROM `0509_user` [ RunTime:0.011519s ]
NOTIC: [8] Undefined variable: set E:\wamp\www\gaoli\core\ThinkPHP\Lib\Core\Db.class.php 第 283 行.
NOTIC: [2] implode() [<a href='function.implode'>function.implode</a>]: Invalid arguments passed E:\wamp\www\gaoli\core\ThinkPHP\Lib\Core\Db.class.php 第 283 行.
SQL: UPDATE `0509_user` SET  WHERE ( id=2 ) [ RunTime:0.042457s ]
ERR: You have an error in your SQL syntax; check the manual that corresponds to your MySQL server version for the right syntax to use near 'WHERE ( id=2 )' at line 1
 [ SQL语句 ] : UPDATE `0509_user` SET  WHERE ( id=2 )
INFO: [ view_template ] --START--
INFO: Run LocationTemplate Behavior [ RunTime:0.009940s ]
INFO: [ view_template ] --END-- [ RunTime:0.010109s ]
INFO: [ view_parse ] --START--
INFO: Run ParseTemplate Behavior [ RunTime:0.046167s ]
INFO: [ view_parse ] --END-- [ RunTime:0.046318s ]
INFO: [ view_filter ] --START--
INFO: Run ContentReplace Behavior [ RunTime:0.002769s ]
INFO: Run TokenBuild Behavior [ RunTime:0.003304s ]
INFO: Run WriteHtmlCache Behavior [ RunTime:0.002987s ]
INFO: Run ShowRuntime Behavior [ RunTime:0.004551s ]
INFO: [ view_filter ] --END-- [ RunTime:0.013952s ]
INFO: [ view_end ] --START--
INFO: Run ShowPageTrace Behavior [ RunTime:0.009917s ]
INFO: [ view_end ] --END-- [ RunTime:0.010041s ]

[ 2014-07-19T13:52:07+08:00 ] 127.0.0.1 /gaoli/index.php?g=Home&m=Public&a=login
NOTIC: [8] Use of undefined constant DEFAULT_THEME - assumed 'DEFAULT_THEME' E:\wamp\www\gaoli\app\Conf\Home\config.php 第 8 行.
INFO: [ app_begin ] --START--
INFO: Run ReadHtmlCache Behavior [ RunTime:0.001184s ]
INFO: [ app_begin ] --END-- [ RunTime:0.002628s ]
INFO: [ view_template ] --START--
INFO: Run LocationTemplate Behavior [ RunTime:0.008638s ]
INFO: [ view_template ] --END-- [ RunTime:0.008937s ]
INFO: [ view_parse ] --START--
INFO: Run ParseTemplate Behavior [ RunTime:0.043348s ]
INFO: [ view_parse ] --END-- [ RunTime:0.043471s ]
INFO: [ view_filter ] --START--
INFO: Run ContentReplace Behavior [ RunTime:0.002567s ]
INFO: Run TokenBuild Behavior [ RunTime:0.001420s ]
INFO: Run WriteHtmlCache Behavior [ RunTime:0.000648s ]
INFO: Run ShowRuntime Behavior [ RunTime:0.000917s ]
INFO: [ view_filter ] --END-- [ RunTime:0.005825s ]
INFO: [ view_end ] --START--
INFO: Run ShowPageTrace Behavior [ RunTime:0.001130s ]
INFO: [ view_end ] --END-- [ RunTime:0.001217s ]

[ 2014-07-19T13:52:11+08:00 ] 127.0.0.1 /gaoli/index.php?g=Home&m=Public&a=doLogin
NOTIC: [8] Use of undefined constant DEFAULT_THEME - assumed 'DEFAULT_THEME' E:\wamp\www\gaoli\app\Conf\Home\config.php 第 8 行.
INFO: [ app_begin ] --START--
INFO: Run ReadHtmlCache Behavior [ RunTime:0.001574s ]
INFO: [ app_begin ] --END-- [ RunTime:0.001777s ]
SQL: SHOW COLUMNS FROM `0509_user` [ RunTime:0.013610s ]
SQL: SELECT * FROM `0509_user` WHERE ( name='s' AND password='e10adc3949ba59abbe56e057f20f883e' ) LIMIT 1   [ RunTime:0.008774s ]
INFO: [ view_template ] --START--
INFO: Run LocationTemplate Behavior [ RunTime:0.001071s ]
INFO: [ view_template ] --END-- [ RunTime:0.001187s ]
INFO: [ view_parse ] --START--
INFO: Run ParseTemplate Behavior [ RunTime:0.018629s ]
INFO: [ view_parse ] --END-- [ RunTime:0.018763s ]
INFO: [ view_filter ] --START--
INFO: Run ContentReplace Behavior [ RunTime:0.001959s ]
INFO: Run TokenBuild Behavior [ RunTime:0.004786s ]
INFO: Run WriteHtmlCache Behavior [ RunTime:0.000993s ]
INFO: Run ShowRuntime Behavior [ RunTime:0.001399s ]
INFO: [ view_filter ] --END-- [ RunTime:0.009632s ]
INFO: [ view_end ] --START--
INFO: Run ShowPageTrace Behavior [ RunTime:0.001746s ]
INFO: [ view_end ] --END-- [ RunTime:0.001887s ]

[ 2014-07-19T13:52:13+08:00 ] 127.0.0.1 /gaoli/index.php?g=Home&m=Index&a=index
NOTIC: [8] Use of undefined constant DEFAULT_THEME - assumed 'DEFAULT_THEME' E:\wamp\www\gaoli\app\Conf\Home\config.php 第 8 行.
INFO: [ app_begin ] --START--
INFO: Run ReadHtmlCache Behavior [ RunTime:0.002226s ]
INFO: [ app_begin ] --END-- [ RunTime:0.002657s ]

[ 2014-07-19T16:27:13+08:00 ] 127.0.0.1 /gaoli/index.php?g=Home&m=Public&a=logout
NOTIC: [8] Use of undefined constant DEFAULT_THEME - assumed 'DEFAULT_THEME' E:\wamp\www\gaoli\app\Conf\Home\config.php 第 8 行.
INFO: [ app_begin ] --START--
INFO: Run ReadHtmlCache Behavior [ RunTime:0.022312s ]
INFO: [ app_begin ] --END-- [ RunTime:0.022463s ]
SQL: SHOW COLUMNS FROM `0509_user` [ RunTime:0.009154s ]
NOTIC: [8] Undefined index: uid E:\wamp\www\gaoli\app\Lib\Action\Home\PublicAction.class.php 第 53 行.
NOTIC: [8] Undefined variable: set E:\wamp\www\gaoli\core\ThinkPHP\Lib\Core\Db.class.php 第 283 行.
NOTIC: [2] implode() [<a href='function.implode'>function.implode</a>]: Invalid arguments passed E:\wamp\www\gaoli\core\ThinkPHP\Lib\Core\Db.class.php 第 283 行.
SQL: UPDATE `0509_user` SET  WHERE ( id= ) [ RunTime:0.003487s ]
ERR: You have an error in your SQL syntax; check the manual that corresponds to your MySQL server version for the right syntax to use near 'WHERE ( id= )' at line 1
 [ SQL语句 ] : UPDATE `0509_user` SET  WHERE ( id= )
INFO: [ view_template ] --START--
INFO: Run LocationTemplate Behavior [ RunTime:0.003102s ]
INFO: [ view_template ] --END-- [ RunTime:0.003247s ]
INFO: [ view_parse ] --START--
INFO: Run ParseTemplate Behavior [ RunTime:0.041569s ]
INFO: [ view_parse ] --END-- [ RunTime:0.041682s ]
INFO: [ view_filter ] --START--
INFO: Run ContentReplace Behavior [ RunTime:0.002496s ]
INFO: Run TokenBuild Behavior [ RunTime:0.002177s ]
INFO: Run WriteHtmlCache Behavior [ RunTime:0.005082s ]
INFO: Run ShowRuntime Behavior [ RunTime:0.002357s ]
INFO: [ view_filter ] --END-- [ RunTime:0.012386s ]
INFO: [ view_end ] --START--
INFO: Run ShowPageTrace Behavior [ RunTime:0.003807s ]
INFO: [ view_end ] --END-- [ RunTime:0.003969s ]

[ 2014-07-19T16:27:14+08:00 ] 127.0.0.1 /gaoli/index.php?g=Home&m=Public&a=login
NOTIC: [8] Use of undefined constant DEFAULT_THEME - assumed 'DEFAULT_THEME' E:\wamp\www\gaoli\app\Conf\Home\config.php 第 8 行.
INFO: [ app_begin ] --START--
INFO: Run ReadHtmlCache Behavior [ RunTime:0.001203s ]
INFO: [ app_begin ] --END-- [ RunTime:0.001332s ]
INFO: [ view_template ] --START--
INFO: Run LocationTemplate Behavior [ RunTime:0.009742s ]
INFO: [ view_template ] --END-- [ RunTime:0.010055s ]
INFO: [ view_parse ] --START--
INFO: Run ParseTemplate Behavior [ RunTime:0.024249s ]
INFO: [ view_parse ] --END-- [ RunTime:0.024445s ]
INFO: [ view_filter ] --START--
INFO: Run ContentReplace Behavior [ RunTime:0.005820s ]
INFO: Run TokenBuild Behavior [ RunTime:0.004182s ]
INFO: Run WriteHtmlCache Behavior [ RunTime:0.001619s ]
INFO: Run ShowRuntime Behavior [ RunTime:0.001926s ]
INFO: [ view_filter ] --END-- [ RunTime:0.014035s ]
INFO: [ view_end ] --START--
INFO: Run ShowPageTrace Behavior [ RunTime:0.004141s ]
INFO: [ view_end ] --END-- [ RunTime:0.004271s ]

[ 2014-07-19T16:27:24+08:00 ] 127.0.0.1 /gaoli/index.php?g=Home&m=Public&a=doLogin
NOTIC: [8] Use of undefined constant DEFAULT_THEME - assumed 'DEFAULT_THEME' E:\wamp\www\gaoli\app\Conf\Home\config.php 第 8 行.
INFO: [ app_begin ] --START--
INFO: Run ReadHtmlCache Behavior [ RunTime:0.001638s ]
INFO: [ app_begin ] --END-- [ RunTime:0.001818s ]
SQL: SHOW COLUMNS FROM `0509_user` [ RunTime:0.014035s ]
SQL: SELECT * FROM `0509_user` WHERE ( name='s' AND password='e10adc3949ba59abbe56e057f20f883e' ) LIMIT 1   [ RunTime:0.002870s ]
INFO: [ view_template ] --START--
INFO: Run LocationTemplate Behavior [ RunTime:0.001055s ]
INFO: [ view_template ] --END-- [ RunTime:0.001171s ]
INFO: [ view_parse ] --START--
INFO: Run ParseTemplate Behavior [ RunTime:0.012877s ]
INFO: [ view_parse ] --END-- [ RunTime:0.013002s ]
INFO: [ view_filter ] --START--
INFO: Run ContentReplace Behavior [ RunTime:0.003185s ]
INFO: Run TokenBuild Behavior [ RunTime:0.001847s ]
INFO: Run WriteHtmlCache Behavior [ RunTime:0.000804s ]
INFO: Run ShowRuntime Behavior [ RunTime:0.001027s ]
INFO: [ view_filter ] --END-- [ RunTime:0.007164s ]
INFO: [ view_end ] --START--
INFO: Run ShowPageTrace Behavior [ RunTime:0.002205s ]
INFO: [ view_end ] --END-- [ RunTime:0.002345s ]

[ 2014-07-19T16:27:26+08:00 ] 127.0.0.1 /gaoli/index.php?g=Home&m=Index&a=index
NOTIC: [8] Use of undefined constant DEFAULT_THEME - assumed 'DEFAULT_THEME' E:\wamp\www\gaoli\app\Conf\Home\config.php 第 8 行.
INFO: [ app_begin ] --START--
INFO: Run ReadHtmlCache Behavior [ RunTime:0.002422s ]
INFO: [ app_begin ] --END-- [ RunTime:0.002639s ]

