[ 2014-07-12T11:31:31+08:00 ] ERR: (ThinkException) 模板不存在[./app/Tpl/Mobile/Gaoli/index.html]
[ 2014-07-12T11:31:37+08:00 ] 127.0.0.1 /gaoli/index.php?g=Home&m=Public&a=login
NOTIC: [8] Use of undefined constant DEFAULT_THEME - assumed 'DEFAULT_THEME' E:\wamp\www\gaoli\app\Conf\Home\config.php 第 8 行.
INFO: [ app_begin ] --START--
INFO: Run ReadHtmlCache Behavior [ RunTime:0.001577s ]
INFO: [ app_begin ] --END-- [ RunTime:0.001749s ]
INFO: [ view_template ] --START--
INFO: Run LocationTemplate Behavior [ RunTime:0.007123s ]
INFO: [ view_template ] --END-- [ RunTime:0.007320s ]
INFO: [ view_parse ] --START--
INFO: Run ParseTemplate Behavior [ RunTime:0.066678s ]
INFO: [ view_parse ] --END-- [ RunTime:0.066791s ]
INFO: [ view_filter ] --START--
INFO: Run ContentReplace Behavior [ RunTime:0.002226s ]
INFO: Run TokenBuild Behavior [ RunTime:0.004949s ]
INFO: Run WriteHtmlCache Behavior [ RunTime:0.002081s ]
INFO: Run ShowRuntime Behavior [ RunTime:0.001772s ]
INFO: [ view_filter ] --END-- [ RunTime:0.013017s ]
INFO: [ view_end ] --START--
INFO: Run ShowPageTrace Behavior [ RunTime:0.002444s ]
INFO: [ view_end ] --END-- [ RunTime:0.002557s ]

[ 2014-07-12T11:31:39+08:00 ] 127.0.0.1 /gaoli/index.php?g=Home&m=Public&a=doLogin
NOTIC: [8] Use of undefined constant DEFAULT_THEME - assumed 'DEFAULT_THEME' E:\wamp\www\gaoli\app\Conf\Home\config.php 第 8 行.
INFO: [ app_begin ] --START--
INFO: Run ReadHtmlCache Behavior [ RunTime:0.007902s ]
INFO: [ app_begin ] --END-- [ RunTime:0.008093s ]
SQL: SHOW COLUMNS FROM `0509_user` [ RunTime:0.015103s ]
SQL: SELECT * FROM `0509_user` WHERE ( name='s' AND password='e10adc3949ba59abbe56e057f20f883e' ) LIMIT 1   [ RunTime:0.002038s ]
INFO: [ view_template ] --START--
INFO: Run LocationTemplate Behavior [ RunTime:0.004612s ]
INFO: [ view_template ] --END-- [ RunTime:0.004763s ]
INFO: [ view_parse ] --START--
INFO: Run ParseTemplate Behavior [ RunTime:0.036775s ]
INFO: [ view_parse ] --END-- [ RunTime:0.036900s ]
INFO: [ view_filter ] --START--
INFO: Run ContentReplace Behavior [ RunTime:0.002487s ]
INFO: Run TokenBuild Behavior [ RunTime:0.002502s ]
INFO: Run WriteHtmlCache Behavior [ RunTime:0.032533s ]
INFO: Run ShowRuntime Behavior [ RunTime:0.003813s ]
INFO: [ view_filter ] --END-- [ RunTime:0.041671s ]
INFO: [ view_end ] --START--
INFO: Run ShowPageTrace Behavior [ RunTime:0.003223s ]
INFO: [ view_end ] --END-- [ RunTime:0.003491s ]

[ 2014-07-12T11:31:41+08:00 ] 127.0.0.1 /gaoli/index.php?g=Home&m=Index&a=index
NOTIC: [8] Use of undefined constant DEFAULT_THEME - assumed 'DEFAULT_THEME' E:\wamp\www\gaoli\app\Conf\Home\config.php 第 8 行.
INFO: [ app_begin ] --START--
INFO: Run ReadHtmlCache Behavior [ RunTime:0.001624s ]
INFO: [ app_begin ] --END-- [ RunTime:0.001810s ]

[ 2014-07-12T15:18:59+08:00 ] 127.0.0.1 /gaoli/index.php?g=Home&m=News&a=ls
NOTIC: [8] Use of undefined constant DEFAULT_THEME - assumed 'DEFAULT_THEME' E:\wamp\www\gaoli\app\Conf\Home\config.php 第 8 行.
INFO: [ app_begin ] --START--
INFO: Run ReadHtmlCache Behavior [ RunTime:0.002975s ]
INFO: [ app_begin ] --END-- [ RunTime:0.003109s ]
SQL: SHOW COLUMNS FROM `0509_news` [ RunTime:0.013059s ]
SQL: SELECT * FROM `0509_news`  [ RunTime:0.002970s ]
INFO: [ view_template ] --START--
INFO: Run LocationTemplate Behavior [ RunTime:0.004940s ]
INFO: [ view_template ] --END-- [ RunTime:0.005051s ]
INFO: [ view_parse ] --START--
NOTIC: [8] Use of undefined constant time_modify - assumed 'time_modify' E:\wamp\www\gaoli\app\Runtime\Cache\Home\faba21302ba6c4aa250bc8869ae91a76.php 第 69 行.
NOTIC: [8] Use of undefined constant id - assumed 'id' E:\wamp\www\gaoli\app\Runtime\Cache\Home\faba21302ba6c4aa250bc8869ae91a76.php 第 71 行.
NOTIC: [8] Use of undefined constant id - assumed 'id' E:\wamp\www\gaoli\app\Runtime\Cache\Home\faba21302ba6c4aa250bc8869ae91a76.php 第 72 行.
NOTIC: [8] Use of undefined constant time_modify - assumed 'time_modify' E:\wamp\www\gaoli\app\Runtime\Cache\Home\faba21302ba6c4aa250bc8869ae91a76.php 第 69 行.
NOTIC: [8] Use of undefined constant id - assumed 'id' E:\wamp\www\gaoli\app\Runtime\Cache\Home\faba21302ba6c4aa250bc8869ae91a76.php 第 71 行.
NOTIC: [8] Use of undefined constant id - assumed 'id' E:\wamp\www\gaoli\app\Runtime\Cache\Home\faba21302ba6c4aa250bc8869ae91a76.php 第 72 行.
INFO: Run ParseTemplate Behavior [ RunTime:0.127406s ]
INFO: [ view_parse ] --END-- [ RunTime:0.127517s ]
INFO: [ view_filter ] --START--
INFO: Run ContentReplace Behavior [ RunTime:0.030618s ]
INFO: Run TokenBuild Behavior [ RunTime:0.042690s ]
INFO: Run WriteHtmlCache Behavior [ RunTime:0.013473s ]
INFO: Run ShowRuntime Behavior [ RunTime:0.003930s ]
INFO: [ view_filter ] --END-- [ RunTime:0.091355s ]
INFO: [ view_end ] --START--
INFO: Run ShowPageTrace Behavior [ RunTime:0.002557s ]
INFO: [ view_end ] --END-- [ RunTime:0.002707s ]

[ 2014-07-12T15:19:03+08:00 ] 127.0.0.1 /gaoli/index.php?g=Home&m=Article&a=ls
NOTIC: [8] Use of undefined constant DEFAULT_THEME - assumed 'DEFAULT_THEME' E:\wamp\www\gaoli\app\Conf\Home\config.php 第 8 行.
INFO: [ app_begin ] --START--
INFO: Run ReadHtmlCache Behavior [ RunTime:0.001281s ]
INFO: [ app_begin ] --END-- [ RunTime:0.002491s ]
SQL: SHOW COLUMNS FROM `0509_article` [ RunTime:0.013477s ]
SQL: SELECT * FROM `0509_article` WHERE ( pid=0 )  [ RunTime:0.005559s ]
INFO: [ view_template ] --START--
INFO: Run LocationTemplate Behavior [ RunTime:0.007859s ]
INFO: [ view_template ] --END-- [ RunTime:0.007985s ]
INFO: [ view_parse ] --START--
NOTIC: [8] Use of undefined constant time_modify - assumed 'time_modify' E:\wamp\www\gaoli\app\Runtime\Cache\Home\e3c0c2aaba2f60a116fcd09235d2788a.php 第 69 行.
NOTIC: [8] Use of undefined constant id - assumed 'id' E:\wamp\www\gaoli\app\Runtime\Cache\Home\e3c0c2aaba2f60a116fcd09235d2788a.php 第 71 行.
NOTIC: [8] Use of undefined constant id - assumed 'id' E:\wamp\www\gaoli\app\Runtime\Cache\Home\e3c0c2aaba2f60a116fcd09235d2788a.php 第 72 行.
NOTIC: [8] Use of undefined constant id - assumed 'id' E:\wamp\www\gaoli\app\Runtime\Cache\Home\e3c0c2aaba2f60a116fcd09235d2788a.php 第 73 行.
NOTIC: [8] Use of undefined constant time_modify - assumed 'time_modify' E:\wamp\www\gaoli\app\Runtime\Cache\Home\e3c0c2aaba2f60a116fcd09235d2788a.php 第 69 行.
NOTIC: [8] Use of undefined constant id - assumed 'id' E:\wamp\www\gaoli\app\Runtime\Cache\Home\e3c0c2aaba2f60a116fcd09235d2788a.php 第 71 行.
NOTIC: [8] Use of undefined constant id - assumed 'id' E:\wamp\www\gaoli\app\Runtime\Cache\Home\e3c0c2aaba2f60a116fcd09235d2788a.php 第 72 行.
NOTIC: [8] Use of undefined constant id - assumed 'id' E:\wamp\www\gaoli\app\Runtime\Cache\Home\e3c0c2aaba2f60a116fcd09235d2788a.php 第 73 行.
INFO: Run ParseTemplate Behavior [ RunTime:0.047509s ]
INFO: [ view_parse ] --END-- [ RunTime:0.047608s ]
INFO: [ view_filter ] --START--
INFO: Run ContentReplace Behavior [ RunTime:0.001038s ]
INFO: Run TokenBuild Behavior [ RunTime:0.002335s ]
INFO: Run WriteHtmlCache Behavior [ RunTime:0.000823s ]
INFO: Run ShowRuntime Behavior [ RunTime:0.001007s ]
INFO: [ view_filter ] --END-- [ RunTime:0.005494s ]
INFO: [ view_end ] --START--
INFO: Run ShowPageTrace Behavior [ RunTime:0.001132s ]
INFO: [ view_end ] --END-- [ RunTime:0.001223s ]

