[ 2014-07-23T11:39:25+08:00 ] ERR: (ThinkException) 模板不存在[./app/Tpl/Mobile/Gaoli/index.html]
[ 2014-07-23T11:39:31+08:00 ] 127.0.0.1 /gaoli/index.php?g=Home&m=Public&a=login
NOTIC: [8] Use of undefined constant DEFAULT_THEME - assumed 'DEFAULT_THEME' E:\wamp\www\gaoli\app\Conf\Home\config.php 第 8 行.
INFO: [ app_begin ] --START--
INFO: Run ReadHtmlCache Behavior [ RunTime:0.001499s ]
INFO: [ app_begin ] --END-- [ RunTime:0.001639s ]
INFO: [ view_template ] --START--
INFO: Run LocationTemplate Behavior [ RunTime:0.008659s ]
INFO: [ view_template ] --END-- [ RunTime:0.008840s ]
INFO: [ view_parse ] --START--
INFO: Run ParseTemplate Behavior [ RunTime:0.060754s ]
INFO: [ view_parse ] --END-- [ RunTime:0.060876s ]
INFO: [ view_filter ] --START--
INFO: Run ContentReplace Behavior [ RunTime:0.024986s ]
INFO: Run TokenBuild Behavior [ RunTime:0.002849s ]
INFO: Run WriteHtmlCache Behavior [ RunTime:0.002331s ]
INFO: Run ShowRuntime Behavior [ RunTime:0.002534s ]
INFO: [ view_filter ] --END-- [ RunTime:0.033058s ]
INFO: [ view_end ] --START--
INFO: Run ShowPageTrace Behavior [ RunTime:0.009267s ]
INFO: [ view_end ] --END-- [ RunTime:0.009414s ]

[ 2014-07-23T11:39:41+08:00 ] 127.0.0.1 /gaoli/index.php?g=Home&m=Public&a=doLogin
NOTIC: [8] Use of undefined constant DEFAULT_THEME - assumed 'DEFAULT_THEME' E:\wamp\www\gaoli\app\Conf\Home\config.php 第 8 行.
INFO: [ app_begin ] --START--
INFO: Run ReadHtmlCache Behavior [ RunTime:0.034539s ]
INFO: [ app_begin ] --END-- [ RunTime:0.034689s ]
SQL: SHOW COLUMNS FROM `0509_user` [ RunTime:0.012966s ]
SQL: SELECT * FROM `0509_user` WHERE ( name='s' AND password='e10adc3949ba59abbe56e057f20f883e' ) LIMIT 1   [ RunTime:0.003217s ]
INFO: [ view_template ] --START--
INFO: Run LocationTemplate Behavior [ RunTime:0.009075s ]
INFO: [ view_template ] --END-- [ RunTime:0.009258s ]
INFO: [ view_parse ] --START--
INFO: Run ParseTemplate Behavior [ RunTime:0.133258s ]
INFO: [ view_parse ] --END-- [ RunTime:0.133441s ]
INFO: [ view_filter ] --START--
INFO: Run ContentReplace Behavior [ RunTime:0.003653s ]
INFO: Run TokenBuild Behavior [ RunTime:0.002390s ]
INFO: Run WriteHtmlCache Behavior [ RunTime:0.003605s ]
INFO: Run ShowRuntime Behavior [ RunTime:0.008908s ]
INFO: [ view_filter ] --END-- [ RunTime:0.018948s ]
INFO: [ view_end ] --START--
INFO: Run ShowPageTrace Behavior [ RunTime:0.002746s ]
INFO: [ view_end ] --END-- [ RunTime:0.002855s ]

[ 2014-07-23T11:39:42+08:00 ] 127.0.0.1 /gaoli/index.php?g=Home&m=Index&a=index
NOTIC: [8] Use of undefined constant DEFAULT_THEME - assumed 'DEFAULT_THEME' E:\wamp\www\gaoli\app\Conf\Home\config.php 第 8 行.
INFO: [ app_begin ] --START--
INFO: Run ReadHtmlCache Behavior [ RunTime:0.004748s ]
INFO: [ app_begin ] --END-- [ RunTime:0.005041s ]

[ 2014-07-23T11:39:47+08:00 ] 127.0.0.1 /gaoli/index.php?g=Home&m=Article&a=ls
NOTIC: [8] Use of undefined constant DEFAULT_THEME - assumed 'DEFAULT_THEME' E:\wamp\www\gaoli\app\Conf\Home\config.php 第 8 行.
INFO: [ app_begin ] --START--
INFO: Run ReadHtmlCache Behavior [ RunTime:0.016036s ]
INFO: [ app_begin ] --END-- [ RunTime:0.016208s ]
NOTIC: [8] Undefined variable: search E:\wamp\www\gaoli\app\Lib\Action\Home\ArticleAction.class.php 第 60 行.
SQL: SHOW COLUMNS FROM `0509_article` [ RunTime:0.030885s ]
SQL: SELECT COUNT(*) AS tp_count FROM `0509_article` WHERE ( `pid` = '0' ) LIMIT 1   [ RunTime:0.002225s ]
SQL: SELECT * FROM `0509_article` WHERE ( `pid` = '0' ) ORDER BY id desc LIMIT 0,5   [ RunTime:0.001836s ]
INFO: [ view_template ] --START--
INFO: Run LocationTemplate Behavior [ RunTime:0.009780s ]
INFO: [ view_template ] --END-- [ RunTime:0.010133s ]
INFO: [ view_parse ] --START--
NOTIC: [8] Use of undefined constant time_modify - assumed 'time_modify' E:\wamp\www\gaoli\app\Runtime\Cache\Home\e3c0c2aaba2f60a116fcd09235d2788a.php 第 82 行.
NOTIC: [8] Use of undefined constant id - assumed 'id' E:\wamp\www\gaoli\app\Runtime\Cache\Home\e3c0c2aaba2f60a116fcd09235d2788a.php 第 84 行.
NOTIC: [8] Use of undefined constant id - assumed 'id' E:\wamp\www\gaoli\app\Runtime\Cache\Home\e3c0c2aaba2f60a116fcd09235d2788a.php 第 85 行.
NOTIC: [8] Use of undefined constant id - assumed 'id' E:\wamp\www\gaoli\app\Runtime\Cache\Home\e3c0c2aaba2f60a116fcd09235d2788a.php 第 86 行.
NOTIC: [8] Use of undefined constant time_modify - assumed 'time_modify' E:\wamp\www\gaoli\app\Runtime\Cache\Home\e3c0c2aaba2f60a116fcd09235d2788a.php 第 82 行.
NOTIC: [8] Use of undefined constant id - assumed 'id' E:\wamp\www\gaoli\app\Runtime\Cache\Home\e3c0c2aaba2f60a116fcd09235d2788a.php 第 84 行.
NOTIC: [8] Use of undefined constant id - assumed 'id' E:\wamp\www\gaoli\app\Runtime\Cache\Home\e3c0c2aaba2f60a116fcd09235d2788a.php 第 85 行.
NOTIC: [8] Use of undefined constant id - assumed 'id' E:\wamp\www\gaoli\app\Runtime\Cache\Home\e3c0c2aaba2f60a116fcd09235d2788a.php 第 86 行.
NOTIC: [8] Use of undefined constant time_modify - assumed 'time_modify' E:\wamp\www\gaoli\app\Runtime\Cache\Home\e3c0c2aaba2f60a116fcd09235d2788a.php 第 82 行.
NOTIC: [8] Use of undefined constant id - assumed 'id' E:\wamp\www\gaoli\app\Runtime\Cache\Home\e3c0c2aaba2f60a116fcd09235d2788a.php 第 84 行.
NOTIC: [8] Use of undefined constant id - assumed 'id' E:\wamp\www\gaoli\app\Runtime\Cache\Home\e3c0c2aaba2f60a116fcd09235d2788a.php 第 85 行.
NOTIC: [8] Use of undefined constant id - assumed 'id' E:\wamp\www\gaoli\app\Runtime\Cache\Home\e3c0c2aaba2f60a116fcd09235d2788a.php 第 86 行.
NOTIC: [8] Use of undefined constant time_modify - assumed 'time_modify' E:\wamp\www\gaoli\app\Runtime\Cache\Home\e3c0c2aaba2f60a116fcd09235d2788a.php 第 82 行.
NOTIC: [8] Use of undefined constant id - assumed 'id' E:\wamp\www\gaoli\app\Runtime\Cache\Home\e3c0c2aaba2f60a116fcd09235d2788a.php 第 84 行.
NOTIC: [8] Use of undefined constant id - assumed 'id' E:\wamp\www\gaoli\app\Runtime\Cache\Home\e3c0c2aaba2f60a116fcd09235d2788a.php 第 85 行.
NOTIC: [8] Use of undefined constant id - assumed 'id' E:\wamp\www\gaoli\app\Runtime\Cache\Home\e3c0c2aaba2f60a116fcd09235d2788a.php 第 86 行.
NOTIC: [8] Use of undefined constant time_modify - assumed 'time_modify' E:\wamp\www\gaoli\app\Runtime\Cache\Home\e3c0c2aaba2f60a116fcd09235d2788a.php 第 82 行.
NOTIC: [8] Use of undefined constant id - assumed 'id' E:\wamp\www\gaoli\app\Runtime\Cache\Home\e3c0c2aaba2f60a116fcd09235d2788a.php 第 84 行.
NOTIC: [8] Use of undefined constant id - assumed 'id' E:\wamp\www\gaoli\app\Runtime\Cache\Home\e3c0c2aaba2f60a116fcd09235d2788a.php 第 85 行.
NOTIC: [8] Use of undefined constant id - assumed 'id' E:\wamp\www\gaoli\app\Runtime\Cache\Home\e3c0c2aaba2f60a116fcd09235d2788a.php 第 86 行.
INFO: Run ParseTemplate Behavior [ RunTime:0.044427s ]
INFO: [ view_parse ] --END-- [ RunTime:0.044598s ]
INFO: [ view_filter ] --START--
INFO: Run ContentReplace Behavior [ RunTime:0.008701s ]
INFO: Run TokenBuild Behavior [ RunTime:0.002279s ]
INFO: Run WriteHtmlCache Behavior [ RunTime:0.002166s ]
INFO: Run ShowRuntime Behavior [ RunTime:0.002473s ]
INFO: [ view_filter ] --END-- [ RunTime:0.016015s ]
INFO: [ view_end ] --START--
INFO: Run ShowPageTrace Behavior [ RunTime:0.003230s ]
INFO: [ view_end ] --END-- [ RunTime:0.003349s ]

[ 2014-07-23T11:39:51+08:00 ] 127.0.0.1 /gaoli/index.php?g=Home&m=Tpl&a=ls
NOTIC: [8] Use of undefined constant DEFAULT_THEME - assumed 'DEFAULT_THEME' E:\wamp\www\gaoli\app\Conf\Home\config.php 第 8 行.
INFO: [ app_begin ] --START--
INFO: Run ReadHtmlCache Behavior [ RunTime:0.001428s ]
INFO: [ app_begin ] --END-- [ RunTime:0.001584s ]
SQL: SHOW COLUMNS FROM `0509_tpl` [ RunTime:0.007090s ]
SQL: SELECT * FROM `0509_tpl`  [ RunTime:0.004780s ]
INFO: [ view_template ] --START--
INFO: Run LocationTemplate Behavior [ RunTime:0.005655s ]
INFO: [ view_template ] --END-- [ RunTime:0.005862s ]
INFO: [ view_parse ] --START--
NOTIC: [8] Use of undefined constant id - assumed 'id' E:\wamp\www\gaoli\app\Runtime\Cache\Home\b823302222d7c3f2a488cbde05769501.php 第 71 行.
NOTIC: [8] Use of undefined constant id - assumed 'id' E:\wamp\www\gaoli\app\Runtime\Cache\Home\b823302222d7c3f2a488cbde05769501.php 第 72 行.
NOTIC: [8] Use of undefined constant id - assumed 'id' E:\wamp\www\gaoli\app\Runtime\Cache\Home\b823302222d7c3f2a488cbde05769501.php 第 71 行.
NOTIC: [8] Use of undefined constant id - assumed 'id' E:\wamp\www\gaoli\app\Runtime\Cache\Home\b823302222d7c3f2a488cbde05769501.php 第 72 行.
INFO: Run ParseTemplate Behavior [ RunTime:0.033752s ]
INFO: [ view_parse ] --END-- [ RunTime:0.033863s ]
INFO: [ view_filter ] --START--
INFO: Run ContentReplace Behavior [ RunTime:0.000977s ]
INFO: Run TokenBuild Behavior [ RunTime:0.000993s ]
INFO: Run WriteHtmlCache Behavior [ RunTime:0.000653s ]
INFO: Run ShowRuntime Behavior [ RunTime:0.000871s ]
INFO: [ view_filter ] --END-- [ RunTime:0.003811s ]
INFO: [ view_end ] --START--
INFO: Run ShowPageTrace Behavior [ RunTime:0.001097s ]
INFO: [ view_end ] --END-- [ RunTime:0.001326s ]

[ 2014-07-23T11:39:52+08:00 ] 127.0.0.1 /gaoli/index.php?g=Home&m=Article&a=ls
NOTIC: [8] Use of undefined constant DEFAULT_THEME - assumed 'DEFAULT_THEME' E:\wamp\www\gaoli\app\Conf\Home\config.php 第 8 行.
INFO: [ app_begin ] --START--
INFO: Run ReadHtmlCache Behavior [ RunTime:0.001128s ]
INFO: [ app_begin ] --END-- [ RunTime:0.001255s ]
NOTIC: [8] Undefined variable: search E:\wamp\www\gaoli\app\Lib\Action\Home\ArticleAction.class.php 第 60 行.
SQL: SHOW COLUMNS FROM `0509_article` [ RunTime:0.010425s ]
SQL: SELECT COUNT(*) AS tp_count FROM `0509_article` WHERE ( `pid` = '0' ) LIMIT 1   [ RunTime:0.002501s ]
SQL: SELECT * FROM `0509_article` WHERE ( `pid` = '0' ) ORDER BY id desc LIMIT 0,5   [ RunTime:0.000915s ]
INFO: [ view_template ] --START--
INFO: Run LocationTemplate Behavior [ RunTime:0.000954s ]
INFO: [ view_template ] --END-- [ RunTime:0.001054s ]
INFO: [ view_parse ] --START--
NOTIC: [8] Use of undefined constant time_modify - assumed 'time_modify' E:\wamp\www\gaoli\app\Runtime\Cache\Home\e3c0c2aaba2f60a116fcd09235d2788a.php 第 82 行.
NOTIC: [8] Use of undefined constant id - assumed 'id' E:\wamp\www\gaoli\app\Runtime\Cache\Home\e3c0c2aaba2f60a116fcd09235d2788a.php 第 84 行.
NOTIC: [8] Use of undefined constant id - assumed 'id' E:\wamp\www\gaoli\app\Runtime\Cache\Home\e3c0c2aaba2f60a116fcd09235d2788a.php 第 85 行.
NOTIC: [8] Use of undefined constant id - assumed 'id' E:\wamp\www\gaoli\app\Runtime\Cache\Home\e3c0c2aaba2f60a116fcd09235d2788a.php 第 86 行.
NOTIC: [8] Use of undefined constant time_modify - assumed 'time_modify' E:\wamp\www\gaoli\app\Runtime\Cache\Home\e3c0c2aaba2f60a116fcd09235d2788a.php 第 82 行.
NOTIC: [8] Use of undefined constant id - assumed 'id' E:\wamp\www\gaoli\app\Runtime\Cache\Home\e3c0c2aaba2f60a116fcd09235d2788a.php 第 84 行.
NOTIC: [8] Use of undefined constant id - assumed 'id' E:\wamp\www\gaoli\app\Runtime\Cache\Home\e3c0c2aaba2f60a116fcd09235d2788a.php 第 85 行.
NOTIC: [8] Use of undefined constant id - assumed 'id' E:\wamp\www\gaoli\app\Runtime\Cache\Home\e3c0c2aaba2f60a116fcd09235d2788a.php 第 86 行.
NOTIC: [8] Use of undefined constant time_modify - assumed 'time_modify' E:\wamp\www\gaoli\app\Runtime\Cache\Home\e3c0c2aaba2f60a116fcd09235d2788a.php 第 82 行.
NOTIC: [8] Use of undefined constant id - assumed 'id' E:\wamp\www\gaoli\app\Runtime\Cache\Home\e3c0c2aaba2f60a116fcd09235d2788a.php 第 84 行.
NOTIC: [8] Use of undefined constant id - assumed 'id' E:\wamp\www\gaoli\app\Runtime\Cache\Home\e3c0c2aaba2f60a116fcd09235d2788a.php 第 85 行.
NOTIC: [8] Use of undefined constant id - assumed 'id' E:\wamp\www\gaoli\app\Runtime\Cache\Home\e3c0c2aaba2f60a116fcd09235d2788a.php 第 86 行.
NOTIC: [8] Use of undefined constant time_modify - assumed 'time_modify' E:\wamp\www\gaoli\app\Runtime\Cache\Home\e3c0c2aaba2f60a116fcd09235d2788a.php 第 82 行.
NOTIC: [8] Use of undefined constant id - assumed 'id' E:\wamp\www\gaoli\app\Runtime\Cache\Home\e3c0c2aaba2f60a116fcd09235d2788a.php 第 84 行.
NOTIC: [8] Use of undefined constant id - assumed 'id' E:\wamp\www\gaoli\app\Runtime\Cache\Home\e3c0c2aaba2f60a116fcd09235d2788a.php 第 85 行.
NOTIC: [8] Use of undefined constant id - assumed 'id' E:\wamp\www\gaoli\app\Runtime\Cache\Home\e3c0c2aaba2f60a116fcd09235d2788a.php 第 86 行.
NOTIC: [8] Use of undefined constant time_modify - assumed 'time_modify' E:\wamp\www\gaoli\app\Runtime\Cache\Home\e3c0c2aaba2f60a116fcd09235d2788a.php 第 82 行.
NOTIC: [8] Use of undefined constant id - assumed 'id' E:\wamp\www\gaoli\app\Runtime\Cache\Home\e3c0c2aaba2f60a116fcd09235d2788a.php 第 84 行.
NOTIC: [8] Use of undefined constant id - assumed 'id' E:\wamp\www\gaoli\app\Runtime\Cache\Home\e3c0c2aaba2f60a116fcd09235d2788a.php 第 85 行.
NOTIC: [8] Use of undefined constant id - assumed 'id' E:\wamp\www\gaoli\app\Runtime\Cache\Home\e3c0c2aaba2f60a116fcd09235d2788a.php 第 86 行.
INFO: Run ParseTemplate Behavior [ RunTime:0.024650s ]
INFO: [ view_parse ] --END-- [ RunTime:0.024746s ]
INFO: [ view_filter ] --START--
INFO: Run ContentReplace Behavior [ RunTime:0.001091s ]
INFO: Run TokenBuild Behavior [ RunTime:0.000943s ]
INFO: Run WriteHtmlCache Behavior [ RunTime:0.000864s ]
INFO: Run ShowRuntime Behavior [ RunTime:0.001459s ]
INFO: [ view_filter ] --END-- [ RunTime:0.004699s ]
INFO: [ view_end ] --START--
INFO: Run ShowPageTrace Behavior [ RunTime:0.001312s ]
INFO: [ view_end ] --END-- [ RunTime:0.001417s ]

[ 2014-07-23T13:37:44+08:00 ] ERR: (ThinkException) 模板不存在[./app/Tpl/Mobile/Gaoli/index.html]
[ 2014-07-23T13:37:49+08:00 ] 127.0.0.1 /gaoli/index.php?g=Home
NOTIC: [8] Use of undefined constant DEFAULT_THEME - assumed 'DEFAULT_THEME' E:\wamp\www\gaoli\app\Conf\Home\config.php 第 8 行.
INFO: [ app_begin ] --START--
INFO: Run ReadHtmlCache Behavior [ RunTime:0.006799s ]
INFO: [ app_begin ] --END-- [ RunTime:0.007446s ]

[ 2014-07-23T13:37:53+08:00 ] 127.0.0.1 /gaoli/index.php?g=Home&m=Article&a=ls
NOTIC: [8] Use of undefined constant DEFAULT_THEME - assumed 'DEFAULT_THEME' E:\wamp\www\gaoli\app\Conf\Home\config.php 第 8 行.
INFO: [ app_begin ] --START--
INFO: Run ReadHtmlCache Behavior [ RunTime:0.004441s ]
INFO: [ app_begin ] --END-- [ RunTime:0.004592s ]
NOTIC: [8] Undefined variable: search E:\wamp\www\gaoli\app\Lib\Action\Home\ArticleAction.class.php 第 60 行.
SQL: SHOW COLUMNS FROM `0509_article` [ RunTime:0.014850s ]
SQL: SELECT COUNT(*) AS tp_count FROM `0509_article` WHERE ( `pid` = '0' ) LIMIT 1   [ RunTime:0.001208s ]
SQL: SELECT * FROM `0509_article` WHERE ( `pid` = '0' ) ORDER BY id desc LIMIT 0,5   [ RunTime:0.005720s ]
INFO: [ view_template ] --START--
INFO: Run LocationTemplate Behavior [ RunTime:0.010749s ]
INFO: [ view_template ] --END-- [ RunTime:0.010906s ]
INFO: [ view_parse ] --START--
NOTIC: [8] Use of undefined constant time_modify - assumed 'time_modify' E:\wamp\www\gaoli\app\Runtime\Cache\Home\e3c0c2aaba2f60a116fcd09235d2788a.php 第 82 行.
NOTIC: [8] Use of undefined constant id - assumed 'id' E:\wamp\www\gaoli\app\Runtime\Cache\Home\e3c0c2aaba2f60a116fcd09235d2788a.php 第 84 行.
NOTIC: [8] Use of undefined constant id - assumed 'id' E:\wamp\www\gaoli\app\Runtime\Cache\Home\e3c0c2aaba2f60a116fcd09235d2788a.php 第 85 行.
NOTIC: [8] Use of undefined constant id - assumed 'id' E:\wamp\www\gaoli\app\Runtime\Cache\Home\e3c0c2aaba2f60a116fcd09235d2788a.php 第 86 行.
NOTIC: [8] Use of undefined constant time_modify - assumed 'time_modify' E:\wamp\www\gaoli\app\Runtime\Cache\Home\e3c0c2aaba2f60a116fcd09235d2788a.php 第 82 行.
NOTIC: [8] Use of undefined constant id - assumed 'id' E:\wamp\www\gaoli\app\Runtime\Cache\Home\e3c0c2aaba2f60a116fcd09235d2788a.php 第 84 行.
NOTIC: [8] Use of undefined constant id - assumed 'id' E:\wamp\www\gaoli\app\Runtime\Cache\Home\e3c0c2aaba2f60a116fcd09235d2788a.php 第 85 行.
NOTIC: [8] Use of undefined constant id - assumed 'id' E:\wamp\www\gaoli\app\Runtime\Cache\Home\e3c0c2aaba2f60a116fcd09235d2788a.php 第 86 行.
NOTIC: [8] Use of undefined constant time_modify - assumed 'time_modify' E:\wamp\www\gaoli\app\Runtime\Cache\Home\e3c0c2aaba2f60a116fcd09235d2788a.php 第 82 行.
NOTIC: [8] Use of undefined constant id - assumed 'id' E:\wamp\www\gaoli\app\Runtime\Cache\Home\e3c0c2aaba2f60a116fcd09235d2788a.php 第 84 行.
NOTIC: [8] Use of undefined constant id - assumed 'id' E:\wamp\www\gaoli\app\Runtime\Cache\Home\e3c0c2aaba2f60a116fcd09235d2788a.php 第 85 行.
NOTIC: [8] Use of undefined constant id - assumed 'id' E:\wamp\www\gaoli\app\Runtime\Cache\Home\e3c0c2aaba2f60a116fcd09235d2788a.php 第 86 行.
NOTIC: [8] Use of undefined constant time_modify - assumed 'time_modify' E:\wamp\www\gaoli\app\Runtime\Cache\Home\e3c0c2aaba2f60a116fcd09235d2788a.php 第 82 行.
NOTIC: [8] Use of undefined constant id - assumed 'id' E:\wamp\www\gaoli\app\Runtime\Cache\Home\e3c0c2aaba2f60a116fcd09235d2788a.php 第 84 行.
NOTIC: [8] Use of undefined constant id - assumed 'id' E:\wamp\www\gaoli\app\Runtime\Cache\Home\e3c0c2aaba2f60a116fcd09235d2788a.php 第 85 行.
NOTIC: [8] Use of undefined constant id - assumed 'id' E:\wamp\www\gaoli\app\Runtime\Cache\Home\e3c0c2aaba2f60a116fcd09235d2788a.php 第 86 行.
NOTIC: [8] Use of undefined constant time_modify - assumed 'time_modify' E:\wamp\www\gaoli\app\Runtime\Cache\Home\e3c0c2aaba2f60a116fcd09235d2788a.php 第 82 行.
NOTIC: [8] Use of undefined constant id - assumed 'id' E:\wamp\www\gaoli\app\Runtime\Cache\Home\e3c0c2aaba2f60a116fcd09235d2788a.php 第 84 行.
NOTIC: [8] Use of undefined constant id - assumed 'id' E:\wamp\www\gaoli\app\Runtime\Cache\Home\e3c0c2aaba2f60a116fcd09235d2788a.php 第 85 行.
NOTIC: [8] Use of undefined constant id - assumed 'id' E:\wamp\www\gaoli\app\Runtime\Cache\Home\e3c0c2aaba2f60a116fcd09235d2788a.php 第 86 行.
INFO: Run ParseTemplate Behavior [ RunTime:0.032345s ]
INFO: [ view_parse ] --END-- [ RunTime:0.032619s ]
INFO: [ view_filter ] --START--
INFO: Run ContentReplace Behavior [ RunTime:0.004633s ]
INFO: Run TokenBuild Behavior [ RunTime:0.003853s ]
INFO: Run WriteHtmlCache Behavior [ RunTime:0.002382s ]
INFO: Run ShowRuntime Behavior [ RunTime:0.003357s ]
INFO: [ view_filter ] --END-- [ RunTime:0.014760s ]
INFO: [ view_end ] --START--
INFO: Run ShowPageTrace Behavior [ RunTime:0.004227s ]
INFO: [ view_end ] --END-- [ RunTime:0.004429s ]

