[ 2014-07-28T10:24:34+08:00 ] 127.0.0.1 /gaoli/
NOTIC: [8] Use of undefined constant DEFAULT_THEME - assumed 'DEFAULT_THEME' E:\wamp\www\gaoli\app\Conf\Home\config.php 第 8 行.
INFO: [ app_begin ] --START--
INFO: Run ReadHtmlCache Behavior [ RunTime:0.007759s ]
INFO: [ app_begin ] --END-- [ RunTime:0.007882s ]

[ 2014-07-28T10:24:38+08:00 ] 127.0.0.1 /gaoli/index.php?g=Home&m=Route&a=ls
NOTIC: [8] Use of undefined constant DEFAULT_THEME - assumed 'DEFAULT_THEME' E:\wamp\www\gaoli\app\Conf\Home\config.php 第 8 行.
INFO: [ app_begin ] --START--
INFO: Run ReadHtmlCache Behavior [ RunTime:0.004824s ]
INFO: [ app_begin ] --END-- [ RunTime:0.005023s ]
NOTIC: [8] Undefined variable: search E:\wamp\www\gaoli\app\Lib\Action\Home\RouteAction.class.php 第 20 行.
SQL: SHOW COLUMNS FROM `0509_route` [ RunTime:0.011849s ]
SQL: SELECT COUNT(*) AS tp_count FROM `0509_route` LIMIT 1   [ RunTime:0.002954s ]
SQL: SELECT * FROM `0509_route` LIMIT 0,5   [ RunTime:0.003261s ]
INFO: [ view_template ] --START--
INFO: Run LocationTemplate Behavior [ RunTime:0.009542s ]
INFO: [ view_template ] --END-- [ RunTime:0.009737s ]
INFO: [ view_parse ] --START--
NOTIC: [8] Undefined variable: pid E:\wamp\www\gaoli\app\Runtime\Cache\Home\26ee911e64241b29d66ad7aaa89f422c.php 第 41 行.
INFO: Run ParseTemplate Behavior [ RunTime:0.045875s ]
INFO: [ view_parse ] --END-- [ RunTime:0.045985s ]
INFO: [ view_filter ] --START--
INFO: Run ContentReplace Behavior [ RunTime:0.004575s ]
INFO: Run TokenBuild Behavior [ RunTime:0.004014s ]
INFO: Run WriteHtmlCache Behavior [ RunTime:0.004468s ]
INFO: Run ShowRuntime Behavior [ RunTime:0.005065s ]
INFO: [ view_filter ] --END-- [ RunTime:0.018447s ]
INFO: [ view_end ] --START--
INFO: Run ShowPageTrace Behavior [ RunTime:0.004555s ]
INFO: [ view_end ] --END-- [ RunTime:0.004672s ]

[ 2014-07-28T10:24:44+08:00 ] 127.0.0.1 /gaoli/index.php?g=Home&m=Route&a=info
NOTIC: [8] Use of undefined constant DEFAULT_THEME - assumed 'DEFAULT_THEME' E:\wamp\www\gaoli\app\Conf\Home\config.php 第 8 行.
INFO: [ app_begin ] --START--
INFO: Run ReadHtmlCache Behavior [ RunTime:0.004598s ]
INFO: [ app_begin ] --END-- [ RunTime:0.004754s ]
SQL: SHOW COLUMNS FROM `0509_route` [ RunTime:0.014720s ]
SQL: INSERT INTO `0509_route` (`id`,`keyword`,`obj_id`,`obj_type`) VALUES (0,'aa',0,'') [ RunTime:0.003523s ]
INFO: [ view_template ] --START--
INFO: Run LocationTemplate Behavior [ RunTime:0.006057s ]
INFO: [ view_template ] --END-- [ RunTime:0.006178s ]
INFO: [ view_parse ] --START--
INFO: Run ParseTemplate Behavior [ RunTime:0.064498s ]
INFO: [ view_parse ] --END-- [ RunTime:0.064645s ]
INFO: [ view_filter ] --START--
INFO: Run ContentReplace Behavior [ RunTime:0.008995s ]
INFO: Run TokenBuild Behavior [ RunTime:0.006007s ]
INFO: Run WriteHtmlCache Behavior [ RunTime:0.006906s ]
INFO: Run ShowRuntime Behavior [ RunTime:0.003864s ]
INFO: [ view_filter ] --END-- [ RunTime:0.026158s ]
INFO: [ view_end ] --START--
INFO: Run ShowPageTrace Behavior [ RunTime:0.004074s ]
INFO: [ view_end ] --END-- [ RunTime:0.004195s ]

[ 2014-07-28T10:24:48+08:00 ] 127.0.0.1 /gaoli/index.php?g=Home&m=Text&a=ls
NOTIC: [8] Use of undefined constant DEFAULT_THEME - assumed 'DEFAULT_THEME' E:\wamp\www\gaoli\app\Conf\Home\config.php 第 8 行.
INFO: [ app_begin ] --START--
INFO: Run ReadHtmlCache Behavior [ RunTime:0.005560s ]
INFO: [ app_begin ] --END-- [ RunTime:0.005750s ]
NOTIC: [8] Undefined variable: search E:\wamp\www\gaoli\app\Lib\Action\Home\TextAction.class.php 第 19 行.
SQL: SHOW COLUMNS FROM `0509_text` [ RunTime:0.058994s ]
SQL: SELECT COUNT(*) AS tp_count FROM `0509_text` LIMIT 1   [ RunTime:0.000794s ]
SQL: SELECT * FROM `0509_text` LIMIT 0,5   [ RunTime:0.000782s ]
SQL: SHOW COLUMNS FROM `0509_route` [ RunTime:0.005723s ]
SQL: SELECT `keyword` FROM `0509_route` WHERE ( `obj_type` = 'text' ) AND ( `obj_id` = '4' ) LIMIT 1   [ RunTime:0.002253s ]
SQL: SELECT `keyword` FROM `0509_route` WHERE ( `obj_type` = 'text' ) AND ( `obj_id` = '3' ) LIMIT 1   [ RunTime:0.000663s ]
INFO: [ view_template ] --START--
INFO: Run LocationTemplate Behavior [ RunTime:0.009367s ]
INFO: [ view_template ] --END-- [ RunTime:0.009530s ]
INFO: [ view_parse ] --START--
NOTIC: [8] Use of undefined constant id - assumed 'id' E:\wamp\www\gaoli\app\Runtime\Cache\Home\a23445b859166861462ecdd75bb7ef50.php 第 81 行.
NOTIC: [8] Use of undefined constant id - assumed 'id' E:\wamp\www\gaoli\app\Runtime\Cache\Home\a23445b859166861462ecdd75bb7ef50.php 第 82 行.
NOTIC: [8] Use of undefined constant id - assumed 'id' E:\wamp\www\gaoli\app\Runtime\Cache\Home\a23445b859166861462ecdd75bb7ef50.php 第 81 行.
NOTIC: [8] Use of undefined constant id - assumed 'id' E:\wamp\www\gaoli\app\Runtime\Cache\Home\a23445b859166861462ecdd75bb7ef50.php 第 82 行.
INFO: Run ParseTemplate Behavior [ RunTime:0.052745s ]
INFO: [ view_parse ] --END-- [ RunTime:0.052841s ]
INFO: [ view_filter ] --START--
INFO: Run ContentReplace Behavior [ RunTime:0.004458s ]
INFO: Run TokenBuild Behavior [ RunTime:0.004341s ]
INFO: Run WriteHtmlCache Behavior [ RunTime:0.004688s ]
INFO: Run ShowRuntime Behavior [ RunTime:0.005740s ]
INFO: [ view_filter ] --END-- [ RunTime:0.019635s ]
INFO: [ view_end ] --START--
INFO: Run ShowPageTrace Behavior [ RunTime:0.006062s ]
INFO: [ view_end ] --END-- [ RunTime:0.006185s ]

[ 2014-07-28T10:24:50+08:00 ] 127.0.0.1 /gaoli/index.php?g=Home&m=Route&a=ls
NOTIC: [8] Use of undefined constant DEFAULT_THEME - assumed 'DEFAULT_THEME' E:\wamp\www\gaoli\app\Conf\Home\config.php 第 8 行.
INFO: [ app_begin ] --START--
INFO: Run ReadHtmlCache Behavior [ RunTime:0.004008s ]
INFO: [ app_begin ] --END-- [ RunTime:0.004154s ]
NOTIC: [8] Undefined variable: search E:\wamp\www\gaoli\app\Lib\Action\Home\RouteAction.class.php 第 20 行.
SQL: SHOW COLUMNS FROM `0509_route` [ RunTime:0.014343s ]
SQL: SELECT COUNT(*) AS tp_count FROM `0509_route` LIMIT 1   [ RunTime:0.007612s ]
SQL: SELECT * FROM `0509_route` LIMIT 0,5   [ RunTime:0.006485s ]
INFO: [ view_template ] --START--
INFO: Run LocationTemplate Behavior [ RunTime:0.010825s ]
INFO: [ view_template ] --END-- [ RunTime:0.010972s ]
INFO: [ view_parse ] --START--
NOTIC: [8] Undefined variable: pid E:\wamp\www\gaoli\app\Runtime\Cache\Home\26ee911e64241b29d66ad7aaa89f422c.php 第 41 行.
INFO: Run ParseTemplate Behavior [ RunTime:0.046966s ]
INFO: [ view_parse ] --END-- [ RunTime:0.047075s ]
INFO: [ view_filter ] --START--
INFO: Run ContentReplace Behavior [ RunTime:0.002996s ]
INFO: Run TokenBuild Behavior [ RunTime:0.002671s ]
INFO: Run WriteHtmlCache Behavior [ RunTime:0.002819s ]
INFO: Run ShowRuntime Behavior [ RunTime:0.005202s ]
INFO: [ view_filter ] --END-- [ RunTime:0.014090s ]
INFO: [ view_end ] --START--
INFO: Run ShowPageTrace Behavior [ RunTime:0.003868s ]
INFO: [ view_end ] --END-- [ RunTime:0.003972s ]

[ 2014-07-28T10:24:53+08:00 ] 127.0.0.1 /gaoli/index.php?g=Home&m=Route&a=del
NOTIC: [8] Use of undefined constant DEFAULT_THEME - assumed 'DEFAULT_THEME' E:\wamp\www\gaoli\app\Conf\Home\config.php 第 8 行.
INFO: [ app_begin ] --START--
INFO: Run ReadHtmlCache Behavior [ RunTime:0.007090s ]
INFO: [ app_begin ] --END-- [ RunTime:0.007246s ]
SQL: SHOW COLUMNS FROM `0509_route` [ RunTime:0.013884s ]
SQL: DELETE FROM `0509_route` WHERE ( `id` IN ('20') ) [ RunTime:0.197684s ]
INFO: [ view_template ] --START--
INFO: Run LocationTemplate Behavior [ RunTime:0.012667s ]
INFO: [ view_template ] --END-- [ RunTime:0.012815s ]
INFO: [ view_parse ] --START--
INFO: Run ParseTemplate Behavior [ RunTime:0.042732s ]
INFO: [ view_parse ] --END-- [ RunTime:0.042861s ]
INFO: [ view_filter ] --START--
INFO: Run ContentReplace Behavior [ RunTime:0.004443s ]
INFO: Run TokenBuild Behavior [ RunTime:0.005593s ]
INFO: Run WriteHtmlCache Behavior [ RunTime:0.007675s ]
INFO: Run ShowRuntime Behavior [ RunTime:0.004613s ]
INFO: [ view_filter ] --END-- [ RunTime:0.022720s ]
INFO: [ view_end ] --START--
INFO: Run ShowPageTrace Behavior [ RunTime:0.007285s ]
INFO: [ view_end ] --END-- [ RunTime:0.007439s ]

[ 2014-07-28T10:24:55+08:00 ] 127.0.0.1 /gaoli/index.php?g=Home&m=Route&a=ls
NOTIC: [8] Use of undefined constant DEFAULT_THEME - assumed 'DEFAULT_THEME' E:\wamp\www\gaoli\app\Conf\Home\config.php 第 8 行.
INFO: [ app_begin ] --START--
INFO: Run ReadHtmlCache Behavior [ RunTime:0.007374s ]
INFO: [ app_begin ] --END-- [ RunTime:0.007592s ]
NOTIC: [8] Undefined variable: search E:\wamp\www\gaoli\app\Lib\Action\Home\RouteAction.class.php 第 20 行.
SQL: SHOW COLUMNS FROM `0509_route` [ RunTime:0.009599s ]
SQL: SELECT COUNT(*) AS tp_count FROM `0509_route` LIMIT 1   [ RunTime:0.001609s ]
SQL: SELECT * FROM `0509_route` LIMIT 0,5   [ RunTime:0.000630s ]
INFO: [ view_template ] --START--
INFO: Run LocationTemplate Behavior [ RunTime:0.005590s ]
INFO: [ view_template ] --END-- [ RunTime:0.005703s ]
INFO: [ view_parse ] --START--
NOTIC: [8] Undefined variable: pid E:\wamp\www\gaoli\app\Runtime\Cache\Home\26ee911e64241b29d66ad7aaa89f422c.php 第 41 行.
INFO: Run ParseTemplate Behavior [ RunTime:0.043831s ]
INFO: [ view_parse ] --END-- [ RunTime:0.043946s ]
INFO: [ view_filter ] --START--
INFO: Run ContentReplace Behavior [ RunTime:0.005044s ]
INFO: Run TokenBuild Behavior [ RunTime:0.005817s ]
INFO: Run WriteHtmlCache Behavior [ RunTime:0.006299s ]
INFO: Run ShowRuntime Behavior [ RunTime:0.005323s ]
INFO: [ view_filter ] --END-- [ RunTime:0.023559s ]
INFO: [ view_end ] --START--
INFO: Run ShowPageTrace Behavior [ RunTime:0.003874s ]
INFO: [ view_end ] --END-- [ RunTime:0.004027s ]

[ 2014-07-28T10:24:55+08:00 ] 127.0.0.1 /gaoli/index.php?g=Home&m=Text&a=ls
NOTIC: [8] Use of undefined constant DEFAULT_THEME - assumed 'DEFAULT_THEME' E:\wamp\www\gaoli\app\Conf\Home\config.php 第 8 行.
INFO: [ app_begin ] --START--
INFO: Run ReadHtmlCache Behavior [ RunTime:0.003642s ]
INFO: [ app_begin ] --END-- [ RunTime:0.003793s ]
NOTIC: [8] Undefined variable: search E:\wamp\www\gaoli\app\Lib\Action\Home\TextAction.class.php 第 19 行.
SQL: SHOW COLUMNS FROM `0509_text` [ RunTime:0.006497s ]
SQL: SELECT COUNT(*) AS tp_count FROM `0509_text` LIMIT 1   [ RunTime:0.004726s ]
SQL: SELECT * FROM `0509_text` LIMIT 0,5   [ RunTime:0.001387s ]
SQL: SHOW COLUMNS FROM `0509_route` [ RunTime:0.014748s ]
SQL: SELECT `keyword` FROM `0509_route` WHERE ( `obj_type` = 'text' ) AND ( `obj_id` = '4' ) LIMIT 1   [ RunTime:0.001759s ]
SQL: SELECT `keyword` FROM `0509_route` WHERE ( `obj_type` = 'text' ) AND ( `obj_id` = '3' ) LIMIT 1   [ RunTime:0.001439s ]
INFO: [ view_template ] --START--
INFO: Run LocationTemplate Behavior [ RunTime:0.021679s ]
INFO: [ view_template ] --END-- [ RunTime:0.022291s ]
INFO: [ view_parse ] --START--
NOTIC: [8] Use of undefined constant id - assumed 'id' E:\wamp\www\gaoli\app\Runtime\Cache\Home\a23445b859166861462ecdd75bb7ef50.php 第 81 行.
NOTIC: [8] Use of undefined constant id - assumed 'id' E:\wamp\www\gaoli\app\Runtime\Cache\Home\a23445b859166861462ecdd75bb7ef50.php 第 82 行.
NOTIC: [8] Use of undefined constant id - assumed 'id' E:\wamp\www\gaoli\app\Runtime\Cache\Home\a23445b859166861462ecdd75bb7ef50.php 第 81 行.
NOTIC: [8] Use of undefined constant id - assumed 'id' E:\wamp\www\gaoli\app\Runtime\Cache\Home\a23445b859166861462ecdd75bb7ef50.php 第 82 行.
INFO: Run ParseTemplate Behavior [ RunTime:0.052448s ]
INFO: [ view_parse ] --END-- [ RunTime:0.052575s ]
INFO: [ view_filter ] --START--
INFO: Run ContentReplace Behavior [ RunTime:0.002336s ]
INFO: Run TokenBuild Behavior [ RunTime:0.004352s ]
INFO: Run WriteHtmlCache Behavior [ RunTime:0.003687s ]
INFO: Run ShowRuntime Behavior [ RunTime:0.022392s ]
INFO: [ view_filter ] --END-- [ RunTime:0.033181s ]
INFO: [ view_end ] --START--
INFO: Run ShowPageTrace Behavior [ RunTime:0.006464s ]
INFO: [ view_end ] --END-- [ RunTime:0.006593s ]

[ 2014-07-28T14:07:49+08:00 ] 127.0.0.1 /gaoli/index.php?g=Home&m=Text&a=ls
NOTIC: [8] Use of undefined constant DEFAULT_THEME - assumed 'DEFAULT_THEME' E:\wamp\www\gaoli\app\Conf\Home\config.php 第 8 行.
INFO: [ app_begin ] --START--
INFO: Run ReadHtmlCache Behavior [ RunTime:0.025619s ]
INFO: [ app_begin ] --END-- [ RunTime:0.025770s ]
NOTIC: [8] Undefined variable: search E:\wamp\www\gaoli\app\Lib\Action\Home\TextAction.class.php 第 19 行.
SQL: SHOW COLUMNS FROM `0509_text` [ RunTime:0.105225s ]
SQL: SELECT COUNT(*) AS tp_count FROM `0509_text` LIMIT 1   [ RunTime:0.002265s ]
SQL: SELECT * FROM `0509_text` LIMIT 0,5   [ RunTime:0.000795s ]
SQL: SHOW COLUMNS FROM `0509_route` [ RunTime:0.018217s ]
SQL: SELECT `keyword` FROM `0509_route` WHERE ( `obj_type` = 'text' ) AND ( `obj_id` = '4' ) LIMIT 1   [ RunTime:0.001538s ]
SQL: SELECT `keyword` FROM `0509_route` WHERE ( `obj_type` = 'text' ) AND ( `obj_id` = '3' ) LIMIT 1   [ RunTime:0.001311s ]
INFO: [ view_template ] --START--
INFO: Run LocationTemplate Behavior [ RunTime:0.044842s ]
INFO: [ view_template ] --END-- [ RunTime:0.044975s ]
INFO: [ view_parse ] --START--
NOTIC: [8] Use of undefined constant id - assumed 'id' E:\wamp\www\gaoli\app\Runtime\Cache\Home\a23445b859166861462ecdd75bb7ef50.php 第 81 行.
NOTIC: [8] Use of undefined constant id - assumed 'id' E:\wamp\www\gaoli\app\Runtime\Cache\Home\a23445b859166861462ecdd75bb7ef50.php 第 82 行.
NOTIC: [8] Use of undefined constant id - assumed 'id' E:\wamp\www\gaoli\app\Runtime\Cache\Home\a23445b859166861462ecdd75bb7ef50.php 第 81 行.
NOTIC: [8] Use of undefined constant id - assumed 'id' E:\wamp\www\gaoli\app\Runtime\Cache\Home\a23445b859166861462ecdd75bb7ef50.php 第 82 行.
INFO: Run ParseTemplate Behavior [ RunTime:0.301537s ]
INFO: [ view_parse ] --END-- [ RunTime:0.301628s ]
INFO: [ view_filter ] --START--
INFO: Run ContentReplace Behavior [ RunTime:0.029994s ]
INFO: Run TokenBuild Behavior [ RunTime:0.039784s ]
INFO: Run WriteHtmlCache Behavior [ RunTime:0.059871s ]
INFO: Run ShowRuntime Behavior [ RunTime:0.134016s ]
INFO: [ view_filter ] --END-- [ RunTime:0.263974s ]
INFO: [ view_end ] --START--
INFO: Run ShowPageTrace Behavior [ RunTime:0.038087s ]
INFO: [ view_end ] --END-- [ RunTime:0.038195s ]

[ 2014-07-28T14:07:50+08:00 ] 127.0.0.1 /gaoli/index.php?g=Home&m=Txp&a=ls
NOTIC: [8] Use of undefined constant DEFAULT_THEME - assumed 'DEFAULT_THEME' E:\wamp\www\gaoli\app\Conf\Home\config.php 第 8 行.
INFO: [ app_begin ] --START--
INFO: Run ReadHtmlCache Behavior [ RunTime:0.002676s ]
INFO: [ app_begin ] --END-- [ RunTime:0.002785s ]
NOTIC: [8] Undefined variable: search E:\wamp\www\gaoli\app\Lib\Action\Home\TxpAction.class.php 第 19 行.
NOTIC: [8] Undefined index: fid E:\wamp\www\gaoli\app\Lib\Action\Home\TxpAction.class.php 第 23 行.
SQL: SHOW COLUMNS FROM `0509_txp` [ RunTime:0.159310s ]
SQL: SELECT COUNT(*) AS tp_count FROM `0509_txp` WHERE ( `fid` = 0 ) LIMIT 1   [ RunTime:0.018869s ]
SQL: SELECT * FROM `0509_txp` WHERE ( `fid` = 0 ) LIMIT 0,10   [ RunTime:0.001795s ]
SQL: SHOW COLUMNS FROM `0509_route` [ RunTime:0.011781s ]
SQL: SELECT `keyword` FROM `0509_route` WHERE ( `obj_type` = 'txp' ) AND ( `obj_id` = '12' ) LIMIT 1   [ RunTime:0.001344s ]
INFO: [ view_template ] --START--
INFO: Run LocationTemplate Behavior [ RunTime:0.012656s ]
INFO: [ view_template ] --END-- [ RunTime:0.012761s ]
INFO: [ view_parse ] --START--
NOTIC: [8] Use of undefined constant id - assumed 'id' E:\wamp\www\gaoli\app\Runtime\Cache\Home\ed26d92b69aa5ec56748088dfd147c82.php 第 82 行.
NOTIC: [8] Use of undefined constant id - assumed 'id' E:\wamp\www\gaoli\app\Runtime\Cache\Home\ed26d92b69aa5ec56748088dfd147c82.php 第 83 行.
NOTIC: [8] Use of undefined constant id - assumed 'id' E:\wamp\www\gaoli\app\Runtime\Cache\Home\ed26d92b69aa5ec56748088dfd147c82.php 第 84 行.
INFO: Run ParseTemplate Behavior [ RunTime:0.087793s ]
INFO: [ view_parse ] --END-- [ RunTime:0.087889s ]
INFO: [ view_filter ] --START--
INFO: Run ContentReplace Behavior [ RunTime:0.005078s ]
INFO: Run TokenBuild Behavior [ RunTime:0.005024s ]
INFO: Run WriteHtmlCache Behavior [ RunTime:0.004914s ]
INFO: Run ShowRuntime Behavior [ RunTime:0.005404s ]
INFO: [ view_filter ] --END-- [ RunTime:0.020834s ]
INFO: [ view_end ] --START--
INFO: Run ShowPageTrace Behavior [ RunTime:0.003778s ]
INFO: [ view_end ] --END-- [ RunTime:0.003897s ]

[ 2014-07-28T14:07:51+08:00 ] 127.0.0.1 /gaoli/index.php?g=Home&m=Text&a=ls
NOTIC: [8] Use of undefined constant DEFAULT_THEME - assumed 'DEFAULT_THEME' E:\wamp\www\gaoli\app\Conf\Home\config.php 第 8 行.
INFO: [ app_begin ] --START--
INFO: Run ReadHtmlCache Behavior [ RunTime:0.003041s ]
INFO: [ app_begin ] --END-- [ RunTime:0.003190s ]
NOTIC: [8] Undefined variable: search E:\wamp\www\gaoli\app\Lib\Action\Home\TextAction.class.php 第 19 行.
SQL: SHOW COLUMNS FROM `0509_text` [ RunTime:0.008027s ]
SQL: SELECT COUNT(*) AS tp_count FROM `0509_text` LIMIT 1   [ RunTime:0.000657s ]
SQL: SELECT * FROM `0509_text` LIMIT 0,5   [ RunTime:0.000852s ]
SQL: SHOW COLUMNS FROM `0509_route` [ RunTime:0.006325s ]
SQL: SELECT `keyword` FROM `0509_route` WHERE ( `obj_type` = 'text' ) AND ( `obj_id` = '4' ) LIMIT 1   [ RunTime:0.003008s ]
SQL: SELECT `keyword` FROM `0509_route` WHERE ( `obj_type` = 'text' ) AND ( `obj_id` = '3' ) LIMIT 1   [ RunTime:0.000999s ]
INFO: [ view_template ] --START--
INFO: Run LocationTemplate Behavior [ RunTime:0.010532s ]
INFO: [ view_template ] --END-- [ RunTime:0.010747s ]
INFO: [ view_parse ] --START--
NOTIC: [8] Use of undefined constant id - assumed 'id' E:\wamp\www\gaoli\app\Runtime\Cache\Home\a23445b859166861462ecdd75bb7ef50.php 第 81 行.
NOTIC: [8] Use of undefined constant id - assumed 'id' E:\wamp\www\gaoli\app\Runtime\Cache\Home\a23445b859166861462ecdd75bb7ef50.php 第 82 行.
NOTIC: [8] Use of undefined constant id - assumed 'id' E:\wamp\www\gaoli\app\Runtime\Cache\Home\a23445b859166861462ecdd75bb7ef50.php 第 81 行.
NOTIC: [8] Use of undefined constant id - assumed 'id' E:\wamp\www\gaoli\app\Runtime\Cache\Home\a23445b859166861462ecdd75bb7ef50.php 第 82 行.
INFO: Run ParseTemplate Behavior [ RunTime:0.094383s ]
INFO: [ view_parse ] --END-- [ RunTime:0.094680s ]
INFO: [ view_filter ] --START--
INFO: Run ContentReplace Behavior [ RunTime:0.002849s ]
INFO: Run TokenBuild Behavior [ RunTime:0.002288s ]
INFO: Run WriteHtmlCache Behavior [ RunTime:0.002487s ]
INFO: Run ShowRuntime Behavior [ RunTime:0.002166s ]
INFO: [ view_filter ] --END-- [ RunTime:0.010062s ]
INFO: [ view_end ] --START--
INFO: Run ShowPageTrace Behavior [ RunTime:0.002465s ]
INFO: [ view_end ] --END-- [ RunTime:0.002554s ]

[ 2014-07-28T14:07:52+08:00 ] 127.0.0.1 /gaoli/index.php?g=Home&m=Txp&a=ls
NOTIC: [8] Use of undefined constant DEFAULT_THEME - assumed 'DEFAULT_THEME' E:\wamp\www\gaoli\app\Conf\Home\config.php 第 8 行.
INFO: [ app_begin ] --START--
INFO: Run ReadHtmlCache Behavior [ RunTime:0.003452s ]
INFO: [ app_begin ] --END-- [ RunTime:0.003594s ]
NOTIC: [8] Undefined variable: search E:\wamp\www\gaoli\app\Lib\Action\Home\TxpAction.class.php 第 19 行.
NOTIC: [8] Undefined index: fid E:\wamp\www\gaoli\app\Lib\Action\Home\TxpAction.class.php 第 23 行.
SQL: SHOW COLUMNS FROM `0509_txp` [ RunTime:0.006062s ]
SQL: SELECT COUNT(*) AS tp_count FROM `0509_txp` WHERE ( `fid` = 0 ) LIMIT 1   [ RunTime:0.002863s ]
SQL: SELECT * FROM `0509_txp` WHERE ( `fid` = 0 ) LIMIT 0,10   [ RunTime:0.000577s ]
SQL: SHOW COLUMNS FROM `0509_route` [ RunTime:0.005733s ]
SQL: SELECT `keyword` FROM `0509_route` WHERE ( `obj_type` = 'txp' ) AND ( `obj_id` = '12' ) LIMIT 1   [ RunTime:0.003115s ]
INFO: [ view_template ] --START--
INFO: Run LocationTemplate Behavior [ RunTime:0.004987s ]
INFO: [ view_template ] --END-- [ RunTime:0.005105s ]
INFO: [ view_parse ] --START--
NOTIC: [8] Use of undefined constant id - assumed 'id' E:\wamp\www\gaoli\app\Runtime\Cache\Home\ed26d92b69aa5ec56748088dfd147c82.php 第 82 行.
NOTIC: [8] Use of undefined constant id - assumed 'id' E:\wamp\www\gaoli\app\Runtime\Cache\Home\ed26d92b69aa5ec56748088dfd147c82.php 第 83 行.
NOTIC: [8] Use of undefined constant id - assumed 'id' E:\wamp\www\gaoli\app\Runtime\Cache\Home\ed26d92b69aa5ec56748088dfd147c82.php 第 84 行.
INFO: Run ParseTemplate Behavior [ RunTime:0.043859s ]
INFO: [ view_parse ] --END-- [ RunTime:0.043975s ]
INFO: [ view_filter ] --START--
INFO: Run ContentReplace Behavior [ RunTime:0.005077s ]
INFO: Run TokenBuild Behavior [ RunTime:0.005643s ]
INFO: Run WriteHtmlCache Behavior [ RunTime:0.003929s ]
INFO: Run ShowRuntime Behavior [ RunTime:0.009220s ]
INFO: [ view_filter ] --END-- [ RunTime:0.024351s ]
INFO: [ view_end ] --START--
INFO: Run ShowPageTrace Behavior [ RunTime:0.007484s ]
INFO: [ view_end ] --END-- [ RunTime:0.007597s ]

[ 2014-07-28T14:07:53+08:00 ] 127.0.0.1 /gaoli/index.php?g=Home&m=Text&a=ls
NOTIC: [8] Use of undefined constant DEFAULT_THEME - assumed 'DEFAULT_THEME' E:\wamp\www\gaoli\app\Conf\Home\config.php 第 8 行.
INFO: [ app_begin ] --START--
INFO: Run ReadHtmlCache Behavior [ RunTime:0.006185s ]
INFO: [ app_begin ] --END-- [ RunTime:0.006395s ]
NOTIC: [8] Undefined variable: search E:\wamp\www\gaoli\app\Lib\Action\Home\TextAction.class.php 第 19 行.
SQL: SHOW COLUMNS FROM `0509_text` [ RunTime:0.005301s ]
SQL: SELECT COUNT(*) AS tp_count FROM `0509_text` LIMIT 1   [ RunTime:0.002219s ]
SQL: SELECT * FROM `0509_text` LIMIT 0,5   [ RunTime:0.003996s ]
SQL: SHOW COLUMNS FROM `0509_route` [ RunTime:0.006349s ]
SQL: SELECT `keyword` FROM `0509_route` WHERE ( `obj_type` = 'text' ) AND ( `obj_id` = '4' ) LIMIT 1   [ RunTime:0.002246s ]
SQL: SELECT `keyword` FROM `0509_route` WHERE ( `obj_type` = 'text' ) AND ( `obj_id` = '3' ) LIMIT 1   [ RunTime:0.000776s ]
INFO: [ view_template ] --START--
INFO: Run LocationTemplate Behavior [ RunTime:0.006034s ]
INFO: [ view_template ] --END-- [ RunTime:0.006149s ]
INFO: [ view_parse ] --START--
NOTIC: [8] Use of undefined constant id - assumed 'id' E:\wamp\www\gaoli\app\Runtime\Cache\Home\a23445b859166861462ecdd75bb7ef50.php 第 81 行.
NOTIC: [8] Use of undefined constant id - assumed 'id' E:\wamp\www\gaoli\app\Runtime\Cache\Home\a23445b859166861462ecdd75bb7ef50.php 第 82 行.
NOTIC: [8] Use of undefined constant id - assumed 'id' E:\wamp\www\gaoli\app\Runtime\Cache\Home\a23445b859166861462ecdd75bb7ef50.php 第 81 行.
NOTIC: [8] Use of undefined constant id - assumed 'id' E:\wamp\www\gaoli\app\Runtime\Cache\Home\a23445b859166861462ecdd75bb7ef50.php 第 82 行.
INFO: Run ParseTemplate Behavior [ RunTime:0.036424s ]
INFO: [ view_parse ] --END-- [ RunTime:0.036572s ]
INFO: [ view_filter ] --START--
INFO: Run ContentReplace Behavior [ RunTime:0.005456s ]
INFO: Run TokenBuild Behavior [ RunTime:0.003432s ]
INFO: Run WriteHtmlCache Behavior [ RunTime:0.002512s ]
INFO: Run ShowRuntime Behavior [ RunTime:0.003362s ]
INFO: [ view_filter ] --END-- [ RunTime:0.015075s ]
INFO: [ view_end ] --START--
INFO: Run ShowPageTrace Behavior [ RunTime:0.003263s ]
INFO: [ view_end ] --END-- [ RunTime:0.003364s ]

[ 2014-07-28T14:07:56+08:00 ] 127.0.0.1 /gaoli/index.php?g=Home&m=Txp&a=ls
NOTIC: [8] Use of undefined constant DEFAULT_THEME - assumed 'DEFAULT_THEME' E:\wamp\www\gaoli\app\Conf\Home\config.php 第 8 行.
INFO: [ app_begin ] --START--
INFO: Run ReadHtmlCache Behavior [ RunTime:0.002410s ]
INFO: [ app_begin ] --END-- [ RunTime:0.002529s ]
NOTIC: [8] Undefined variable: search E:\wamp\www\gaoli\app\Lib\Action\Home\TxpAction.class.php 第 19 行.
NOTIC: [8] Undefined index: fid E:\wamp\www\gaoli\app\Lib\Action\Home\TxpAction.class.php 第 23 行.
SQL: SHOW COLUMNS FROM `0509_txp` [ RunTime:0.008574s ]
SQL: SELECT COUNT(*) AS tp_count FROM `0509_txp` WHERE ( `fid` = 0 ) LIMIT 1   [ RunTime:0.022800s ]
SQL: SELECT * FROM `0509_txp` WHERE ( `fid` = 0 ) LIMIT 0,10   [ RunTime:0.001316s ]
SQL: SHOW COLUMNS FROM `0509_route` [ RunTime:0.013768s ]
SQL: SELECT `keyword` FROM `0509_route` WHERE ( `obj_type` = 'txp' ) AND ( `obj_id` = '12' ) LIMIT 1   [ RunTime:0.002202s ]
INFO: [ view_template ] --START--
INFO: Run LocationTemplate Behavior [ RunTime:0.004691s ]
INFO: [ view_template ] --END-- [ RunTime:0.004809s ]
INFO: [ view_parse ] --START--
NOTIC: [8] Use of undefined constant id - assumed 'id' E:\wamp\www\gaoli\app\Runtime\Cache\Home\ed26d92b69aa5ec56748088dfd147c82.php 第 82 行.
NOTIC: [8] Use of undefined constant id - assumed 'id' E:\wamp\www\gaoli\app\Runtime\Cache\Home\ed26d92b69aa5ec56748088dfd147c82.php 第 83 行.
NOTIC: [8] Use of undefined constant id - assumed 'id' E:\wamp\www\gaoli\app\Runtime\Cache\Home\ed26d92b69aa5ec56748088dfd147c82.php 第 84 行.
INFO: Run ParseTemplate Behavior [ RunTime:0.051832s ]
INFO: [ view_parse ] --END-- [ RunTime:0.051965s ]
INFO: [ view_filter ] --START--
INFO: Run ContentReplace Behavior [ RunTime:0.005639s ]
INFO: Run TokenBuild Behavior [ RunTime:0.003201s ]
INFO: Run WriteHtmlCache Behavior [ RunTime:0.002733s ]
INFO: Run ShowRuntime Behavior [ RunTime:0.002661s ]
INFO: [ view_filter ] --END-- [ RunTime:0.014593s ]
INFO: [ view_end ] --START--
INFO: Run ShowPageTrace Behavior [ RunTime:0.002906s ]
INFO: [ view_end ] --END-- [ RunTime:0.003011s ]

[ 2014-07-28T14:07:57+08:00 ] 127.0.0.1 /gaoli/index.php?g=Home&m=Route&a=ls
NOTIC: [8] Use of undefined constant DEFAULT_THEME - assumed 'DEFAULT_THEME' E:\wamp\www\gaoli\app\Conf\Home\config.php 第 8 行.
INFO: [ app_begin ] --START--
INFO: Run ReadHtmlCache Behavior [ RunTime:0.002214s ]
INFO: [ app_begin ] --END-- [ RunTime:0.002425s ]
NOTIC: [8] Undefined variable: search E:\wamp\www\gaoli\app\Lib\Action\Home\RouteAction.class.php 第 20 行.
SQL: SHOW COLUMNS FROM `0509_route` [ RunTime:0.007664s ]
SQL: SELECT COUNT(*) AS tp_count FROM `0509_route` LIMIT 1   [ RunTime:0.002167s ]
SQL: SELECT * FROM `0509_route` LIMIT 0,5   [ RunTime:0.000561s ]
INFO: [ view_template ] --START--
INFO: Run LocationTemplate Behavior [ RunTime:0.010705s ]
INFO: [ view_template ] --END-- [ RunTime:0.010902s ]
INFO: [ view_parse ] --START--
NOTIC: [8] Undefined variable: pid E:\wamp\www\gaoli\app\Runtime\Cache\Home\26ee911e64241b29d66ad7aaa89f422c.php 第 41 行.
INFO: Run ParseTemplate Behavior [ RunTime:0.069905s ]
INFO: [ view_parse ] --END-- [ RunTime:0.070017s ]
INFO: [ view_filter ] --START--
INFO: Run ContentReplace Behavior [ RunTime:0.002482s ]
INFO: Run TokenBuild Behavior [ RunTime:0.002051s ]
INFO: Run WriteHtmlCache Behavior [ RunTime:0.001864s ]
INFO: Run ShowRuntime Behavior [ RunTime:0.002867s ]
INFO: [ view_filter ] --END-- [ RunTime:0.009579s ]
INFO: [ view_end ] --START--
INFO: Run ShowPageTrace Behavior [ RunTime:0.004375s ]
INFO: [ view_end ] --END-- [ RunTime:0.004487s ]

[ 2014-07-28T14:08:26+08:00 ] 127.0.0.1 /gaoli/index.php?g=Home&m=Text&a=ls
NOTIC: [8] Use of undefined constant DEFAULT_THEME - assumed 'DEFAULT_THEME' E:\wamp\www\gaoli\app\Conf\Home\config.php 第 8 行.
INFO: [ app_begin ] --START--
INFO: Run ReadHtmlCache Behavior [ RunTime:0.007748s ]
INFO: [ app_begin ] --END-- [ RunTime:0.007956s ]
NOTIC: [8] Undefined variable: search E:\wamp\www\gaoli\app\Lib\Action\Home\TextAction.class.php 第 19 行.
SQL: SHOW COLUMNS FROM `0509_text` [ RunTime:0.008714s ]
SQL: SELECT COUNT(*) AS tp_count FROM `0509_text` LIMIT 1   [ RunTime:0.001123s ]
SQL: SELECT * FROM `0509_text` LIMIT 0,5   [ RunTime:0.001222s ]
SQL: SHOW COLUMNS FROM `0509_route` [ RunTime:0.008056s ]
SQL: SELECT `keyword` FROM `0509_route` WHERE ( `obj_type` = 'text' ) AND ( `obj_id` = '4' ) LIMIT 1   [ RunTime:0.001133s ]
SQL: SELECT `keyword` FROM `0509_route` WHERE ( `obj_type` = 'text' ) AND ( `obj_id` = '3' ) LIMIT 1   [ RunTime:0.001032s ]
INFO: [ view_template ] --START--
INFO: Run LocationTemplate Behavior [ RunTime:0.005650s ]
INFO: [ view_template ] --END-- [ RunTime:0.005772s ]
INFO: [ view_parse ] --START--
NOTIC: [8] Use of undefined constant id - assumed 'id' E:\wamp\www\gaoli\app\Runtime\Cache\Home\a23445b859166861462ecdd75bb7ef50.php 第 81 行.
NOTIC: [8] Use of undefined constant id - assumed 'id' E:\wamp\www\gaoli\app\Runtime\Cache\Home\a23445b859166861462ecdd75bb7ef50.php 第 82 行.
NOTIC: [8] Use of undefined constant id - assumed 'id' E:\wamp\www\gaoli\app\Runtime\Cache\Home\a23445b859166861462ecdd75bb7ef50.php 第 81 行.
NOTIC: [8] Use of undefined constant id - assumed 'id' E:\wamp\www\gaoli\app\Runtime\Cache\Home\a23445b859166861462ecdd75bb7ef50.php 第 82 行.
INFO: Run ParseTemplate Behavior [ RunTime:0.044453s ]
INFO: [ view_parse ] --END-- [ RunTime:0.044549s ]
INFO: [ view_filter ] --START--
INFO: Run ContentReplace Behavior [ RunTime:0.002948s ]
INFO: Run TokenBuild Behavior [ RunTime:0.002510s ]
INFO: Run WriteHtmlCache Behavior [ RunTime:0.002367s ]
INFO: Run ShowRuntime Behavior [ RunTime:0.002659s ]
INFO: [ view_filter ] --END-- [ RunTime:0.010773s ]
INFO: [ view_end ] --START--
INFO: Run ShowPageTrace Behavior [ RunTime:0.002815s ]
INFO: [ view_end ] --END-- [ RunTime:0.002910s ]

[ 2014-07-28T14:08:28+08:00 ] 127.0.0.1 /gaoli/index.php?g=Home&m=Txp&a=ls
NOTIC: [8] Use of undefined constant DEFAULT_THEME - assumed 'DEFAULT_THEME' E:\wamp\www\gaoli\app\Conf\Home\config.php 第 8 行.
INFO: [ app_begin ] --START--
INFO: Run ReadHtmlCache Behavior [ RunTime:0.003529s ]
INFO: [ app_begin ] --END-- [ RunTime:0.003712s ]
NOTIC: [8] Undefined variable: search E:\wamp\www\gaoli\app\Lib\Action\Home\TxpAction.class.php 第 19 行.
NOTIC: [8] Undefined index: fid E:\wamp\www\gaoli\app\Lib\Action\Home\TxpAction.class.php 第 23 行.
SQL: SHOW COLUMNS FROM `0509_txp` [ RunTime:0.005183s ]
SQL: SELECT COUNT(*) AS tp_count FROM `0509_txp` WHERE ( `fid` = 0 ) LIMIT 1   [ RunTime:0.004871s ]
SQL: SELECT * FROM `0509_txp` WHERE ( `fid` = 0 ) LIMIT 0,10   [ RunTime:0.001398s ]
SQL: SHOW COLUMNS FROM `0509_route` [ RunTime:0.014578s ]
SQL: SELECT `keyword` FROM `0509_route` WHERE ( `obj_type` = 'txp' ) AND ( `obj_id` = '12' ) LIMIT 1   [ RunTime:0.001025s ]
INFO: [ view_template ] --START--
INFO: Run LocationTemplate Behavior [ RunTime:0.006131s ]
INFO: [ view_template ] --END-- [ RunTime:0.006251s ]
INFO: [ view_parse ] --START--
NOTIC: [8] Use of undefined constant id - assumed 'id' E:\wamp\www\gaoli\app\Runtime\Cache\Home\ed26d92b69aa5ec56748088dfd147c82.php 第 82 行.
NOTIC: [8] Use of undefined constant id - assumed 'id' E:\wamp\www\gaoli\app\Runtime\Cache\Home\ed26d92b69aa5ec56748088dfd147c82.php 第 83 行.
NOTIC: [8] Use of undefined constant id - assumed 'id' E:\wamp\www\gaoli\app\Runtime\Cache\Home\ed26d92b69aa5ec56748088dfd147c82.php 第 84 行.
INFO: Run ParseTemplate Behavior [ RunTime:0.050126s ]
INFO: [ view_parse ] --END-- [ RunTime:0.050223s ]
INFO: [ view_filter ] --START--
INFO: Run ContentReplace Behavior [ RunTime:0.002756s ]
INFO: Run TokenBuild Behavior [ RunTime:0.002130s ]
INFO: Run WriteHtmlCache Behavior [ RunTime:0.001951s ]
INFO: Run ShowRuntime Behavior [ RunTime:0.002370s ]
INFO: [ view_filter ] --END-- [ RunTime:0.009532s ]
INFO: [ view_end ] --START--
INFO: Run ShowPageTrace Behavior [ RunTime:0.003294s ]
INFO: [ view_end ] --END-- [ RunTime:0.003401s ]

[ 2014-07-28T14:09:30+08:00 ] 127.0.0.1 /gaoli/index.php?g=Home&m=Txp&a=ls
NOTIC: [8] Use of undefined constant DEFAULT_THEME - assumed 'DEFAULT_THEME' E:\wamp\www\gaoli\app\Conf\Home\config.php 第 8 行.
INFO: [ app_begin ] --START--
INFO: Run ReadHtmlCache Behavior [ RunTime:0.005569s ]
INFO: [ app_begin ] --END-- [ RunTime:0.005760s ]
NOTIC: [8] Undefined variable: search E:\wamp\www\gaoli\app\Lib\Action\Home\TxpAction.class.php 第 19 行.
NOTIC: [8] Undefined index: fid E:\wamp\www\gaoli\app\Lib\Action\Home\TxpAction.class.php 第 23 行.
SQL: SHOW COLUMNS FROM `0509_txp` [ RunTime:0.014438s ]
SQL: SELECT COUNT(*) AS tp_count FROM `0509_txp` WHERE ( `fid` = 0 ) LIMIT 1   [ RunTime:0.001711s ]
SQL: SELECT * FROM `0509_txp` WHERE ( `fid` = 0 ) LIMIT 0,10   [ RunTime:0.002132s ]
SQL: SHOW COLUMNS FROM `0509_route` [ RunTime:0.014329s ]
SQL: SELECT `keyword` FROM `0509_route` WHERE ( `obj_type` = 'txp' ) AND ( `obj_id` = '12' ) LIMIT 1   [ RunTime:0.001351s ]
INFO: [ view_template ] --START--
INFO: Run LocationTemplate Behavior [ RunTime:0.006788s ]
INFO: [ view_template ] --END-- [ RunTime:0.006928s ]
INFO: [ view_parse ] --START--
NOTIC: [8] Use of undefined constant id - assumed 'id' E:\wamp\www\gaoli\app\Runtime\Cache\Home\ed26d92b69aa5ec56748088dfd147c82.php 第 82 行.
NOTIC: [8] Use of undefined constant id - assumed 'id' E:\wamp\www\gaoli\app\Runtime\Cache\Home\ed26d92b69aa5ec56748088dfd147c82.php 第 83 行.
NOTIC: [8] Use of undefined constant id - assumed 'id' E:\wamp\www\gaoli\app\Runtime\Cache\Home\ed26d92b69aa5ec56748088dfd147c82.php 第 84 行.
INFO: Run ParseTemplate Behavior [ RunTime:0.039985s ]
INFO: [ view_parse ] --END-- [ RunTime:0.040096s ]
INFO: [ view_filter ] --START--
INFO: Run ContentReplace Behavior [ RunTime:0.002288s ]
INFO: Run TokenBuild Behavior [ RunTime:0.002056s ]
INFO: Run WriteHtmlCache Behavior [ RunTime:0.002893s ]
INFO: Run ShowRuntime Behavior [ RunTime:0.002929s ]
INFO: [ view_filter ] --END-- [ RunTime:0.010533s ]
INFO: [ view_end ] --START--
INFO: Run ShowPageTrace Behavior [ RunTime:0.003825s ]
INFO: [ view_end ] --END-- [ RunTime:0.003945s ]

[ 2014-07-28T14:09:32+08:00 ] 127.0.0.1 /gaoli/index.php?g=Home&m=Route&a=ls
NOTIC: [8] Use of undefined constant DEFAULT_THEME - assumed 'DEFAULT_THEME' E:\wamp\www\gaoli\app\Conf\Home\config.php 第 8 行.
INFO: [ app_begin ] --START--
INFO: Run ReadHtmlCache Behavior [ RunTime:0.003792s ]
INFO: [ app_begin ] --END-- [ RunTime:0.003963s ]
NOTIC: [8] Undefined variable: search E:\wamp\www\gaoli\app\Lib\Action\Home\RouteAction.class.php 第 20 行.
SQL: SHOW COLUMNS FROM `0509_route` [ RunTime:0.005193s ]
SQL: SELECT COUNT(*) AS tp_count FROM `0509_route` LIMIT 1   [ RunTime:0.002024s ]
SQL: SELECT * FROM `0509_route` LIMIT 0,5   [ RunTime:0.001151s ]
INFO: [ view_template ] --START--
INFO: Run LocationTemplate Behavior [ RunTime:0.009310s ]
INFO: [ view_template ] --END-- [ RunTime:0.009505s ]
INFO: [ view_parse ] --START--
NOTIC: [8] Undefined variable: pid E:\wamp\www\gaoli\app\Runtime\Cache\Home\26ee911e64241b29d66ad7aaa89f422c.php 第 41 行.
INFO: Run ParseTemplate Behavior [ RunTime:0.035516s ]
INFO: [ view_parse ] --END-- [ RunTime:0.035653s ]
INFO: [ view_filter ] --START--
INFO: Run ContentReplace Behavior [ RunTime:0.002317s ]
INFO: Run TokenBuild Behavior [ RunTime:0.002010s ]
INFO: Run WriteHtmlCache Behavior [ RunTime:0.002063s ]
INFO: Run ShowRuntime Behavior [ RunTime:0.003044s ]
INFO: [ view_filter ] --END-- [ RunTime:0.009789s ]
INFO: [ view_end ] --START--
INFO: Run ShowPageTrace Behavior [ RunTime:0.003100s ]
INFO: [ view_end ] --END-- [ RunTime:0.003198s ]

[ 2014-07-28T14:09:34+08:00 ] 127.0.0.1 /gaoli/index.php?g=Home&m=Text&a=ls
NOTIC: [8] Use of undefined constant DEFAULT_THEME - assumed 'DEFAULT_THEME' E:\wamp\www\gaoli\app\Conf\Home\config.php 第 8 行.
INFO: [ app_begin ] --START--
INFO: Run ReadHtmlCache Behavior [ RunTime:0.005053s ]
INFO: [ app_begin ] --END-- [ RunTime:0.005253s ]
NOTIC: [8] Undefined variable: search E:\wamp\www\gaoli\app\Lib\Action\Home\TextAction.class.php 第 19 行.
SQL: SHOW COLUMNS FROM `0509_text` [ RunTime:0.004991s ]
SQL: SELECT COUNT(*) AS tp_count FROM `0509_text` LIMIT 1   [ RunTime:0.004720s ]
SQL: SELECT * FROM `0509_text` LIMIT 0,5   [ RunTime:0.002233s ]
SQL: SHOW COLUMNS FROM `0509_route` [ RunTime:0.013192s ]
SQL: SELECT `keyword` FROM `0509_route` WHERE ( `obj_type` = 'text' ) AND ( `obj_id` = '4' ) LIMIT 1   [ RunTime:0.002560s ]
SQL: SELECT `keyword` FROM `0509_route` WHERE ( `obj_type` = 'text' ) AND ( `obj_id` = '3' ) LIMIT 1   [ RunTime:0.001710s ]
INFO: [ view_template ] --START--
INFO: Run LocationTemplate Behavior [ RunTime:0.004472s ]
INFO: [ view_template ] --END-- [ RunTime:0.004575s ]
INFO: [ view_parse ] --START--
NOTIC: [8] Use of undefined constant id - assumed 'id' E:\wamp\www\gaoli\app\Runtime\Cache\Home\a23445b859166861462ecdd75bb7ef50.php 第 81 行.
NOTIC: [8] Use of undefined constant id - assumed 'id' E:\wamp\www\gaoli\app\Runtime\Cache\Home\a23445b859166861462ecdd75bb7ef50.php 第 82 行.
NOTIC: [8] Use of undefined constant id - assumed 'id' E:\wamp\www\gaoli\app\Runtime\Cache\Home\a23445b859166861462ecdd75bb7ef50.php 第 81 行.
NOTIC: [8] Use of undefined constant id - assumed 'id' E:\wamp\www\gaoli\app\Runtime\Cache\Home\a23445b859166861462ecdd75bb7ef50.php 第 82 行.
INFO: Run ParseTemplate Behavior [ RunTime:0.032061s ]
INFO: [ view_parse ] --END-- [ RunTime:0.032169s ]
INFO: [ view_filter ] --START--
INFO: Run ContentReplace Behavior [ RunTime:0.003637s ]
INFO: Run TokenBuild Behavior [ RunTime:0.004821s ]
INFO: Run WriteHtmlCache Behavior [ RunTime:0.004907s ]
INFO: Run ShowRuntime Behavior [ RunTime:0.004899s ]
INFO: [ view_filter ] --END-- [ RunTime:0.018661s ]
INFO: [ view_end ] --START--
INFO: Run ShowPageTrace Behavior [ RunTime:0.003448s ]
INFO: [ view_end ] --END-- [ RunTime:0.003555s ]

[ 2014-07-28T14:09:36+08:00 ] 127.0.0.1 /gaoli/index.php?g=Home&m=Txp&a=ls
NOTIC: [8] Use of undefined constant DEFAULT_THEME - assumed 'DEFAULT_THEME' E:\wamp\www\gaoli\app\Conf\Home\config.php 第 8 行.
INFO: [ app_begin ] --START--
INFO: Run ReadHtmlCache Behavior [ RunTime:0.003028s ]
INFO: [ app_begin ] --END-- [ RunTime:0.003205s ]
NOTIC: [8] Undefined variable: search E:\wamp\www\gaoli\app\Lib\Action\Home\TxpAction.class.php 第 19 行.
NOTIC: [8] Undefined index: fid E:\wamp\www\gaoli\app\Lib\Action\Home\TxpAction.class.php 第 23 行.
SQL: SHOW COLUMNS FROM `0509_txp` [ RunTime:0.005335s ]
SQL: SELECT COUNT(*) AS tp_count FROM `0509_txp` WHERE ( `fid` = 0 ) LIMIT 1   [ RunTime:0.003091s ]
SQL: SELECT * FROM `0509_txp` WHERE ( `fid` = 0 ) LIMIT 0,10   [ RunTime:0.001519s ]
SQL: SHOW COLUMNS FROM `0509_route` [ RunTime:0.010139s ]
SQL: SELECT `keyword` FROM `0509_route` WHERE ( `obj_type` = 'txp' ) AND ( `obj_id` = '12' ) LIMIT 1   [ RunTime:0.002628s ]
INFO: [ view_template ] --START--
INFO: Run LocationTemplate Behavior [ RunTime:0.004146s ]
INFO: [ view_template ] --END-- [ RunTime:0.004257s ]
INFO: [ view_parse ] --START--
NOTIC: [8] Use of undefined constant id - assumed 'id' E:\wamp\www\gaoli\app\Runtime\Cache\Home\ed26d92b69aa5ec56748088dfd147c82.php 第 82 行.
NOTIC: [8] Use of undefined constant id - assumed 'id' E:\wamp\www\gaoli\app\Runtime\Cache\Home\ed26d92b69aa5ec56748088dfd147c82.php 第 83 行.
NOTIC: [8] Use of undefined constant id - assumed 'id' E:\wamp\www\gaoli\app\Runtime\Cache\Home\ed26d92b69aa5ec56748088dfd147c82.php 第 84 行.
INFO: Run ParseTemplate Behavior [ RunTime:0.040386s ]
INFO: [ view_parse ] --END-- [ RunTime:0.040473s ]
INFO: [ view_filter ] --START--
INFO: Run ContentReplace Behavior [ RunTime:0.005157s ]
INFO: Run TokenBuild Behavior [ RunTime:0.003489s ]
INFO: Run WriteHtmlCache Behavior [ RunTime:0.003600s ]
INFO: Run ShowRuntime Behavior [ RunTime:0.004695s ]
INFO: [ view_filter ] --END-- [ RunTime:0.017288s ]
INFO: [ view_end ] --START--
INFO: Run ShowPageTrace Behavior [ RunTime:0.006460s ]
INFO: [ view_end ] --END-- [ RunTime:0.006625s ]

[ 2014-07-28T14:09:40+08:00 ] 127.0.0.1 /gaoli/index.php?g=Home&m=Route&a=ls
NOTIC: [8] Use of undefined constant DEFAULT_THEME - assumed 'DEFAULT_THEME' E:\wamp\www\gaoli\app\Conf\Home\config.php 第 8 行.
INFO: [ app_begin ] --START--
INFO: Run ReadHtmlCache Behavior [ RunTime:0.003676s ]
INFO: [ app_begin ] --END-- [ RunTime:0.003837s ]
NOTIC: [8] Undefined variable: search E:\wamp\www\gaoli\app\Lib\Action\Home\RouteAction.class.php 第 20 行.
SQL: SHOW COLUMNS FROM `0509_route` [ RunTime:0.006586s ]
SQL: SELECT COUNT(*) AS tp_count FROM `0509_route` LIMIT 1   [ RunTime:0.002335s ]
SQL: SELECT * FROM `0509_route` LIMIT 0,5   [ RunTime:0.000788s ]
INFO: [ view_template ] --START--
INFO: Run LocationTemplate Behavior [ RunTime:0.005174s ]
INFO: [ view_template ] --END-- [ RunTime:0.005296s ]
INFO: [ view_parse ] --START--
NOTIC: [8] Undefined variable: pid E:\wamp\www\gaoli\app\Runtime\Cache\Home\26ee911e64241b29d66ad7aaa89f422c.php 第 41 行.
INFO: Run ParseTemplate Behavior [ RunTime:0.042591s ]
INFO: [ view_parse ] --END-- [ RunTime:0.042749s ]
INFO: [ view_filter ] --START--
INFO: Run ContentReplace Behavior [ RunTime:0.002414s ]
INFO: Run TokenBuild Behavior [ RunTime:0.003913s ]
INFO: Run WriteHtmlCache Behavior [ RunTime:0.003964s ]
INFO: Run ShowRuntime Behavior [ RunTime:0.005094s ]
INFO: [ view_filter ] --END-- [ RunTime:0.015774s ]
INFO: [ view_end ] --START--
INFO: Run ShowPageTrace Behavior [ RunTime:0.005703s ]
INFO: [ view_end ] --END-- [ RunTime:0.005840s ]

